Found 5 graph files
Generated 700 tasks

================================================================================
WALL TIME ESTIMATE
--------------------------------------------------------------------------------
Tasks                : 700
Total steps          : 350,000,000
Ranks for estimate   : 72
Steps per rank       : 4,861,111
Time per step        : 5000 µs (assumed)
Expected runtime     : 6:45:05
--------------------------------------------------------------------------------
BREAKDOWN BY MODEL TYPE
--------------------------------------------------------------------------------
CIM             : 700 tasks | 350,000,000 steps (100.0%) | ~6:45:05
================================================================================

Rank 0: Processing 10 tasks
Rank 1: Processing 10 tasks
Rank 5: Processing 10 tasks
Rank 3: Processing 10 tasks
Rank 7: Processing 10 tasks
Rank 6: Processing 10 tasks
Rank 4: Processing 10 tasks
Rank 2: Processing 10 tasks
Rank 32: Processing 10 tasks
Rank 16: Processing 10 tasks
Rank 33: Processing 10 tasks
Rank 34: Processing 10 tasks
Rank 39: Processing 10 tasks
Rank 35: Processing 10 tasks
Rank 41: Processing 10 tasks
Rank 37: Processing 10 tasks
Rank 38: Processing 10 tasks
Rank 30: Processing 10 tasks
Rank 60: Processing 9 tasks
Rank 57: Processing 9 tasks
Rank 59: Processing 9 tasks
Rank 42: Processing 10 tasks
Rank 17: Processing 10 tasks
Rank 63: Processing 9 tasks
Rank 45: Processing 10 tasks
Rank 19: Processing 10 tasks
Rank 14: Processing 10 tasks
Rank 29: Processing 10 tasks
Rank 56: Processing 9 tasks
Rank 43: Processing 10 tasks
Rank 18: Processing 10 tasks
Rank 15: Processing 10 tasks
Rank 26: Processing 10 tasks
Rank 70: Processing 9 tasks
Rank 58: Processing 9 tasks
Rank 46: Processing 10 tasks
Rank 20: Processing 10 tasks
Rank 10: Processing 10 tasks
Rank 31: Processing 10 tasks
Rank 69: Processing 9 tasks
Rank 36: Processing 10 tasks
Rank 61: Processing 9 tasks
Rank 47: Processing 10 tasks
Rank 23: Processing 10 tasks
Rank 8: Processing 10 tasks
Rank 28: Processing 10 tasks
Rank 71: Processing 9 tasks
Rank 62: Processing 9 tasks
Rank 40: Processing 10 tasks
Rank 21: Processing 10 tasks
Rank 11: Processing 10 tasks
Rank 24: Processing 10 tasks
Rank 66: Processing 9 tasks
Rank 44: Processing 10 tasks
Rank 22: Processing 10 tasks
Rank 13: Processing 10 tasks
Rank 25: Processing 10 tasks
Rank 64: Processing 9 tasks
Rank 9: Processing 10 tasks
Rank 27: Processing 10 tasks
Rank 67: Processing 9 tasks
Rank 12: Processing 10 tasks
Rank 65: Processing 9 tasks
Rank 68: Processing 9 tasks
Rank 48: Processing 10 tasks
Rank 53: Processing 9 tasks
Rank 49: Processing 10 tasks
Rank 55: Processing 9 tasks
Rank 54: Processing 9 tasks
Rank 50: Processing 10 tasks
Rank 52: Processing 9 tasks
Rank 51: Processing 10 tasks
Rank 71: Completed 1/9 tasks | Runtime: 0:45:47 | ETA: 0:00:00 | Time/step: 5495.1 µs avg, 0.0 µs current
Rank 66: Completed 1/9 tasks | Runtime: 0:46:08 | ETA: 0:00:00 | Time/step: 5537.4 µs avg, 0.0 µs current
Rank 65: Completed 1/9 tasks | Runtime: 0:46:08 | ETA: 0:00:00 | Time/step: 5538.0 µs avg, 0.0 µs current
Rank 67: Completed 1/9 tasks | Runtime: 0:46:09 | ETA: 0:00:00 | Time/step: 5538.3 µs avg, 0.0 µs current
Rank 64: Completed 1/9 tasks | Runtime: 0:46:36 | ETA: 0:00:00 | Time/step: 5593.3 µs avg, 0.0 µs current
Rank 69: Completed 1/9 tasks | Runtime: 0:46:54 | ETA: 0:00:00 | Time/step: 5628.8 µs avg, 0.0 µs current
Rank 68: Completed 1/9 tasks | Runtime: 0:47:14 | ETA: 0:00:00 | Time/step: 5669.9 µs avg, 0.0 µs current
Rank 70: Completed 1/9 tasks | Runtime: 0:47:55 | ETA: 0:00:00 | Time/step: 5751.0 µs avg, 0.0 µs current
Rank 34: Completed 1/10 tasks | Runtime: 0:50:39 | ETA: 0:00:00 | Time/step: 6079.6 µs avg, 0.0 µs current
Rank 37: Completed 1/10 tasks | Runtime: 0:51:06 | ETA: 0:00:00 | Time/step: 6132.3 µs avg, 0.0 µs current
Rank 39: Completed 1/10 tasks | Runtime: 0:51:08 | ETA: 0:00:00 | Time/step: 6136.8 µs avg, 0.0 µs current
Rank 38: Completed 1/10 tasks | Runtime: 0:51:52 | ETA: 0:00:00 | Time/step: 6224.7 µs avg, 0.0 µs current
Rank 60: Completed 1/9 tasks | Runtime: 0:52:04 | ETA: 0:00:00 | Time/step: 6248.9 µs avg, 0.0 µs current
Rank 63: Completed 1/9 tasks | Runtime: 0:52:18 | ETA: 0:00:00 | Time/step: 6276.9 µs avg, 0.0 µs current
Rank 36: Completed 1/10 tasks | Runtime: 0:52:22 | ETA: 0:00:00 | Time/step: 6285.3 µs avg, 0.0 µs current
Rank 32: Completed 1/10 tasks | Runtime: 0:52:34 | ETA: 0:00:00 | Time/step: 6308.9 µs avg, 0.0 µs current
Rank 35: Completed 1/10 tasks | Runtime: 0:52:50 | ETA: 0:00:00 | Time/step: 6340.7 µs avg, 0.0 µs current
Rank 57: Completed 1/9 tasks | Runtime: 0:53:13 | ETA: 0:00:00 | Time/step: 6387.6 µs avg, 0.0 µs current
Rank 49: Completed 1/10 tasks | Runtime: 0:53:17 | ETA: 0:00:00 | Time/step: 6395.5 µs avg, 0.0 µs current
Rank 62: Completed 1/9 tasks | Runtime: 0:53:22 | ETA: 0:00:00 | Time/step: 6405.3 µs avg, 0.0 µs current
Rank 33: Completed 1/10 tasks | Runtime: 0:53:24 | ETA: 0:00:00 | Time/step: 6408.6 µs avg, 0.0 µs current
Rank 44: Completed 1/10 tasks | Runtime: 0:53:41 | ETA: 0:00:00 | Time/step: 6442.9 µs avg, 0.0 µs current
Rank 48: Completed 1/10 tasks | Runtime: 0:53:52 | ETA: 0:00:00 | Time/step: 6465.6 µs avg, 0.0 µs current
Rank 40: Completed 1/10 tasks | Runtime: 0:53:57 | ETA: 0:00:00 | Time/step: 6474.8 µs avg, 0.0 µs current
Rank 51: Completed 1/10 tasks | Runtime: 0:54:01 | ETA: 0:00:00 | Time/step: 6483.6 µs avg, 0.0 µs current
Rank 58: Completed 1/9 tasks | Runtime: 0:54:10 | ETA: 0:00:00 | Time/step: 6500.6 µs avg, 0.0 µs current
Rank 2: Completed 1/10 tasks | Runtime: 0:54:11 | ETA: 0:00:00 | Time/step: 6502.6 µs avg, 0.0 µs current
Rank 5: Completed 1/10 tasks | Runtime: 0:54:12 | ETA: 0:00:00 | Time/step: 6504.1 µs avg, 0.0 µs current
Rank 43: Completed 1/10 tasks | Runtime: 0:54:30 | ETA: 0:00:00 | Time/step: 6540.1 µs avg, 0.0 µs current
Rank 50: Completed 1/10 tasks | Runtime: 0:54:40 | ETA: 0:00:00 | Time/step: 6561.1 µs avg, 0.0 µs current
Rank 56: Completed 1/9 tasks | Runtime: 0:54:41 | ETA: 0:00:00 | Time/step: 6563.4 µs avg, 0.0 µs current
Rank 0: Completed 1/10 tasks | Runtime: 0:54:44 | ETA: 0:00:00 | Time/step: 6568.1 µs avg, 0.0 µs current
Rank 54: Completed 1/9 tasks | Runtime: 0:54:46 | ETA: 0:00:00 | Time/step: 6573.8 µs avg, 0.0 µs current
Rank 61: Completed 1/9 tasks | Runtime: 0:54:50 | ETA: 0:00:00 | Time/step: 6580.5 µs avg, 0.0 µs current
Rank 45: Completed 1/10 tasks | Runtime: 0:55:09 | ETA: 0:00:00 | Time/step: 6618.1 µs avg, 0.0 µs current
Rank 53: Completed 1/9 tasks | Runtime: 0:55:11 | ETA: 0:00:00 | Time/step: 6623.7 µs avg, 0.0 µs current
Rank 7: Completed 1/10 tasks | Runtime: 0:55:28 | ETA: 0:00:00 | Time/step: 6656.5 µs avg, 0.0 µs current
Rank 59: Completed 1/9 tasks | Runtime: 0:55:33 | ETA: 0:00:00 | Time/step: 6667.1 µs avg, 0.0 µs current
Rank 47: Completed 1/10 tasks | Runtime: 0:55:40 | ETA: 0:00:00 | Time/step: 6680.8 µs avg, 0.0 µs current
Rank 55: Completed 1/9 tasks | Runtime: 0:55:41 | ETA: 0:00:00 | Time/step: 6682.5 µs avg, 0.0 µs current
Rank 8: Completed 1/10 tasks | Runtime: 0:55:44 | ETA: 0:00:00 | Time/step: 6689.7 µs avg, 0.0 µs current
Rank 42: Completed 1/10 tasks | Runtime: 0:55:58 | ETA: 0:00:00 | Time/step: 6717.2 µs avg, 0.0 µs current
Rank 4: Completed 1/10 tasks | Runtime: 0:55:59 | ETA: 0:00:00 | Time/step: 6720.0 µs avg, 0.0 µs current
Rank 1: Completed 1/10 tasks | Runtime: 0:56:09 | ETA: 0:00:00 | Time/step: 6738.2 µs avg, 0.0 µs current
Rank 52: Completed 1/9 tasks | Runtime: 0:56:09 | ETA: 0:00:00 | Time/step: 6739.5 µs avg, 0.0 µs current
Rank 41: Completed 1/10 tasks | Runtime: 0:56:20 | ETA: 0:00:00 | Time/step: 6761.2 µs avg, 0.0 µs current
Rank 13: Completed 1/10 tasks | Runtime: 0:56:26 | ETA: 0:00:00 | Time/step: 6772.2 µs avg, 0.0 µs current
Rank 3: Completed 1/10 tasks | Runtime: 0:56:39 | ETA: 0:00:00 | Time/step: 6798.5 µs avg, 0.0 µs current
Rank 14: Completed 1/10 tasks | Runtime: 0:56:57 | ETA: 0:00:00 | Time/step: 6834.7 µs avg, 0.0 µs current
Rank 46: Completed 1/10 tasks | Runtime: 0:57:11 | ETA: 0:00:00 | Time/step: 6863.7 µs avg, 0.0 µs current
Rank 10: Completed 1/10 tasks | Runtime: 0:57:23 | ETA: 0:00:00 | Time/step: 6886.4 µs avg, 0.0 µs current
Rank 6: Completed 1/10 tasks | Runtime: 0:57:31 | ETA: 0:00:00 | Time/step: 6902.8 µs avg, 0.0 µs current
Rank 12: Completed 1/10 tasks | Runtime: 0:57:58 | ETA: 0:00:00 | Time/step: 6956.3 µs avg, 0.0 µs current
Rank 11: Completed 1/10 tasks | Runtime: 0:58:17 | ETA: 0:00:00 | Time/step: 6995.7 µs avg, 0.0 µs current
Rank 15: Completed 1/10 tasks | Runtime: 0:58:52 | ETA: 0:00:00 | Time/step: 7065.5 µs avg, 0.0 µs current
Rank 9: Completed 1/10 tasks | Runtime: 0:59:13 | ETA: 0:00:00 | Time/step: 7106.2 µs avg, 0.0 µs current
Rank 25: Completed 1/10 tasks | Runtime: 1:00:57 | ETA: 0:00:00 | Time/step: 7315.4 µs avg, 0.0 µs current
Rank 28: Completed 1/10 tasks | Runtime: 1:01:37 | ETA: 0:00:00 | Time/step: 7394.8 µs avg, 0.0 µs current
Rank 20: Completed 1/10 tasks | Runtime: 1:01:56 | ETA: 0:00:00 | Time/step: 7433.3 µs avg, 0.0 µs current
Rank 22: Completed 1/10 tasks | Runtime: 1:02:09 | ETA: 0:00:00 | Time/step: 7459.9 µs avg, 0.0 µs current
Rank 16: Completed 1/10 tasks | Runtime: 1:02:16 | ETA: 0:00:00 | Time/step: 7472.5 µs avg, 0.0 µs current
Rank 29: Completed 1/10 tasks | Runtime: 1:02:20 | ETA: 0:00:00 | Time/step: 7481.2 µs avg, 0.0 µs current
Rank 31: Completed 1/10 tasks | Runtime: 1:02:30 | ETA: 0:00:00 | Time/step: 7501.6 µs avg, 0.0 µs current
Rank 23: Completed 1/10 tasks | Runtime: 1:02:47 | ETA: 0:00:00 | Time/step: 7535.4 µs avg, 0.0 µs current
Rank 18: Completed 1/10 tasks | Runtime: 1:03:07 | ETA: 0:00:00 | Time/step: 7575.8 µs avg, 0.0 µs current
Rank 30: Completed 1/10 tasks | Runtime: 1:03:08 | ETA: 0:00:00 | Time/step: 7577.4 µs avg, 0.0 µs current
Rank 26: Completed 1/10 tasks | Runtime: 1:03:19 | ETA: 0:00:00 | Time/step: 7599.9 µs avg, 0.0 µs current
Rank 19: Completed 1/10 tasks | Runtime: 1:03:38 | ETA: 0:00:00 | Time/step: 7637.1 µs avg, 0.0 µs current
Rank 24: Completed 1/10 tasks | Runtime: 1:03:45 | ETA: 0:00:00 | Time/step: 7650.9 µs avg, 0.0 µs current
Rank 17: Completed 1/10 tasks | Runtime: 1:04:02 | ETA: 0:00:00 | Time/step: 7684.3 µs avg, 0.0 µs current
Rank 27: Completed 1/10 tasks | Runtime: 1:04:18 | ETA: 0:00:00 | Time/step: 7717.9 µs avg, 0.0 µs current
Rank 21: Completed 1/10 tasks | Runtime: 1:04:56 | ETA: 0:00:00 | Time/step: 7792.5 µs avg, 0.0 µs current
Saved combined results with 700 rows to results/results_250611_G1-5_cim_mini.parquet
Cleaned up 72 individual rank result files
Finished sweep in 10:27:34
Average time per step: 6582.83 µs
