Found 5 graph files
Generated 700 tasks

================================================================================
WALL TIME ESTIMATE
--------------------------------------------------------------------------------
Tasks                : 700
Total steps          : 350,000,000
Ranks for estimate   : 88
Steps per rank       : 3,977,272
Time per step        : 5000 µs (assumed)
Expected runtime     : 5:31:26
--------------------------------------------------------------------------------
BREAKDOWN BY MODEL TYPE
--------------------------------------------------------------------------------
CIM             : 700 tasks | 350,000,000 steps (100.0%) | ~5:31:26
================================================================================

Rank 0: Processing 8 tasks
Rank 41: Processing 8 tasks
Rank 87: Processing 7 tasks
Rank 52: Processing 8 tasks
Rank 76: Processing 8 tasks
Rank 82: Processing 8 tasks
Rank 17: Processing 8 tasks
Rank 45: Processing 8 tasks
Rank 86: Processing 7 tasks
Rank 74: Processing 8 tasks
Rank 21: Processing 8 tasks
Rank 43: Processing 8 tasks
Rank 80: Processing 8 tasks
Rank 79: Processing 8 tasks
Rank 23: Processing 8 tasks
Rank 47: Processing 8 tasks
Rank 78: Processing 8 tasks
Rank 37: Processing 8 tasks
Rank 65: Processing 8 tasks
Rank 11: Processing 8 tasks
Rank 19: Processing 8 tasks
Rank 46: Processing 8 tasks
Rank 39: Processing 8 tasks
Rank 71: Processing 8 tasks
Rank 42: Processing 8 tasks
Rank 35: Processing 8 tasks
Rank 70: Processing 8 tasks
Rank 55: Processing 8 tasks
Rank 10: Processing 8 tasks
Rank 72: Processing 8 tasks
Rank 44: Processing 8 tasks
Rank 33: Processing 8 tasks
Rank 64: Processing 8 tasks
Rank 49: Processing 8 tasks
Rank 73: Processing 8 tasks
Rank 38: Processing 8 tasks
Rank 67: Processing 8 tasks
Rank 51: Processing 8 tasks
Rank 75: Processing 8 tasks
Rank 34: Processing 8 tasks
Rank 66: Processing 8 tasks
Rank 48: Processing 8 tasks
Rank 77: Processing 8 tasks
Rank 12: Processing 8 tasks
Rank 32: Processing 8 tasks
Rank 68: Processing 8 tasks
Rank 53: Processing 8 tasks
Rank 8: Processing 8 tasks
Rank 40: Processing 8 tasks
Rank 22: Processing 8 tasks
Rank 36: Processing 8 tasks
Rank 69: Processing 8 tasks
Rank 50: Processing 8 tasks
Rank 13: Processing 8 tasks
Rank 83: Processing 8 tasks
Rank 20: Processing 8 tasks
Rank 54: Processing 8 tasks
Rank 15: Processing 8 tasks
Rank 85: Processing 7 tasks
Rank 16: Processing 8 tasks
Rank 14: Processing 8 tasks
Rank 81: Processing 8 tasks
Rank 18: Processing 8 tasks
Rank 9: Processing 8 tasks
Rank 84: Processing 7 tasks
Rank 1: Processing 8 tasks
Rank 4: Processing 8 tasks
Rank 2: Processing 8 tasks
Rank 6: Processing 8 tasks
Rank 7: Processing 8 tasks
Rank 3: Processing 8 tasks
Rank 5: Processing 8 tasks
Rank 29: Processing 8 tasks
Rank 58: Processing 8 tasks
Rank 63: Processing 8 tasks
Rank 60: Processing 8 tasks
Rank 56: Processing 8 tasks
Rank 59: Processing 8 tasks
Rank 61: Processing 8 tasks
Rank 62: Processing 8 tasks
Rank 57: Processing 8 tasks
Rank 27: Processing 8 tasks
Rank 31: Processing 8 tasks
Rank 25: Processing 8 tasks
Rank 24: Processing 8 tasks
Rank 26: Processing 8 tasks
Rank 30: Processing 8 tasks
Rank 28: Processing 8 tasks
Rank 42: Error processing task 0: scipy 0.16+ is required for linear algebra
Rank 40: Error processing task 0: scipy 0.16+ is required for linear algebra
Rank 44: Error processing task 0: scipy 0.16+ is required for linear algebra
Rank 22: Error processing task 0: scipy 0.16+ is required for linear algebra
Rank 20: Error processing task 0: scipy 0.16+ is required for linear algebra
Rank 16: Error processing task 0: scipy 0.16+ is required for linear algebra
Rank 18: Error processing task 0: scipy 0.16+ is required for linear algebra
Rank 41: Error processing task 0: scipy 0.16+ is required for linear algebra
Rank 4: Error processing task 0: scipy 0.16+ is required for linear algebra
Rank 3: Error processing task 0: scipy 0.16+ is required for linear algebra
Rank 2: Error processing task 0: scipy 0.16+ is required for linear algebra
Rank 0: Error processing task 0: scipy 0.16+ is required for linear algebra
Rank 5: Error processing task 0: scipy 0.16+ is required for linear algebra
Rank 43: Error processing task 0: scipy 0.16+ is required for linear algebra
Rank 6: Error processing task 0: scipy 0.16+ is required for linear algebra
Rank 28: Error processing task 0: scipy 0.16+ is required for linear algebra
Rank 30: Error processing task 0: scipy 0.16+ is required for linear algebra
Rank 26: Error processing task 0: scipy 0.16+ is required for linear algebra
Rank 45: Error processing task 0: scipy 0.16+ is required for linear algebra
Rank 24: Error processing task 0: scipy 0.16+ is required for linear algebra
Rank 25: Error processing task 0: scipy 0.16+ is required for linear algebra
Rank 29: Error processing task 0: scipy 0.16+ is required for linear algebra
Rank 12: Error processing task 0: scipy 0.16+ is required for linear algebra
Rank 13: Error processing task 0: scipy 0.16+ is required for linear algebra
Rank 14: Error processing task 0: scipy 0.16+ is required for linear algebra
Rank 17: Error processing task 0: scipy 0.16+ is required for linear algebra
Rank 38: Error processing task 0: scipy 0.16+ is required for linear algebra
Rank 61: Error processing task 0: scipy 0.16+ is required for linear algebra
Rank 58: Error processing task 0: scipy 0.16+ is required for linear algebra
Rank 59: Error processing task 0: scipy 0.16+ is required for linear algebra
Rank 62: Error processing task 0: scipy 0.16+ is required for linear algebra
Rank 19: Error processing task 0: scipy 0.16+ is required for linear algebra
Rank 21: Error processing task 0: scipy 0.16+ is required for linear algebra
Rank 10: Error processing task 0: scipy 0.16+ is required for linear algebra
Rank 15: Error processing task 0: scipy 0.16+ is required for linear algebra
Rank 36: Error processing task 0: scipy 0.16+ is required for linear algebra
Rank 1: Error processing task 0: scipy 0.16+ is required for linear algebra
Rank 57: Error processing task 0: scipy 0.16+ is required for linear algebra
Rank 63: Error processing task 0: scipy 0.16+ is required for linear algebra
Rank 8: Error processing task 0: scipy 0.16+ is required for linear algebra
Rank 34: Error processing task 0: scipy 0.16+ is required for linear algebra
Rank 9: Error processing task 0: scipy 0.16+ is required for linear algebra
Rank 7: Error processing task 0: scipy 0.16+ is required for linear algebra
Rank 23: Error processing task 0: scipy 0.16+ is required for linear algebra
Rank 27: Error processing task 0: scipy 0.16+ is required for linear algebra
Rank 32: Error processing task 0: scipy 0.16+ is required for linear algebra
Rank 53: Error processing task 0: scipy 0.16+ is required for linear algebra
Rank 52: Error processing task 0: scipy 0.16+ is required for linear algebra
Rank 54: Error processing task 0: scipy 0.16+ is required for linear algebra
Rank 51: Error processing task 0: scipy 0.16+ is required for linear algebra
Rank 55: Error processing task 0: scipy 0.16+ is required for linear algebra
Rank 50: Error processing task 0: scipy 0.16+ is required for linear algebra
Rank 79: Error processing task 0: scipy 0.16+ is required for linear algebra
Rank 76: Error processing task 0: scipy 0.16+ is required for linear algebra
Rank 11: Error processing task 0: scipy 0.16+ is required for linear algebra
Rank 73: Error processing task 0: scipy 0.16+ is required for linear algebra
Rank 78: Error processing task 0: scipy 0.16+ is required for linear algebra
Rank 75: Error processing task 0: scipy 0.16+ is required for linear algebra
Rank 48: Error processing task 0: scipy 0.16+ is required for linear algebra
Rank 77: Error processing task 0: scipy 0.16+ is required for linear algebra
Rank 37: Error processing task 0: scipy 0.16+ is required for linear algebra
Rank 72: Error processing task 0: scipy 0.16+ is required for linear algebra
Rank 49: Error processing task 0: scipy 0.16+ is required for linear algebra
Rank 35: Error processing task 0: scipy 0.16+ is required for linear algebra
Rank 56: Error processing task 0: scipy 0.16+ is required for linear algebra
Rank 31: Error processing task 0: scipy 0.16+ is required for linear algebra
Rank 60: Error processing task 0: scipy 0.16+ is required for linear algebra
Rank 74: Error processing task 0: scipy 0.16+ is required for linear algebra
Rank 70: Error processing task 0: scipy 0.16+ is required for linear algebra
Rank 71: Error processing task 0: scipy 0.16+ is required for linear algebra
Rank 65: Error processing task 0: scipy 0.16+ is required for linear algebra
Rank 64: Error processing task 0: scipy 0.16+ is required for linear algebra
Rank 67: Error processing task 0: scipy 0.16+ is required for linear algebra
Rank 68: Error processing task 0: scipy 0.16+ is required for linear algebra
Rank 33: Error processing task 0: scipy 0.16+ is required for linear algebra
Rank 47: Error processing task 0: scipy 0.16+ is required for linear algebra
Rank 39: Error processing task 0: scipy 0.16+ is required for linear algebra
Rank 69: Error processing task 0: scipy 0.16+ is required for linear algebra
Rank 66: Error processing task 0: scipy 0.16+ is required for linear algebra
Rank 46: Error processing task 0: scipy 0.16+ is required for linear algebra
Rank 86: Error processing task 0: scipy 0.16+ is required for linear algebra
Rank 82: Error processing task 0: scipy 0.16+ is required for linear algebra
Rank 84: Error processing task 0: scipy 0.16+ is required for linear algebra
Rank 81: Error processing task 0: scipy 0.16+ is required for linear algebra
Rank 85: Error processing task 0: scipy 0.16+ is required for linear algebra
Rank 83: Error processing task 0: scipy 0.16+ is required for linear algebra
Rank 87: Error processing task 0: scipy 0.16+ is required for linear algebra
Rank 80: Error processing task 0: scipy 0.16+ is required for linear algebra
Rank 45: Error processing task 1: scipy 0.16+ is required for linear algebra
Rank 43: Error processing task 1: scipy 0.16+ is required for linear algebra
Rank 0: Error processing task 1: scipy 0.16+ is required for linear algebra
Rank 5: Error processing task 1: scipy 0.16+ is required for linear algebra
Rank 41: Error processing task 1: scipy 0.16+ is required for linear algebra
Rank 19: Error processing task 1: scipy 0.16+ is required for linear algebra
Rank 21: Error processing task 1: scipy 0.16+ is required for linear algebra
Rank 4: Error processing task 1: scipy 0.16+ is required for linear algebra
Rank 17: Error processing task 1: scipy 0.16+ is required for linear algebra
Rank 42: Error processing task 1: scipy 0.16+ is required for linear algebra
Rank 22: Error processing task 1: scipy 0.16+ is required for linear algebra
Rank 18: Error processing task 1: scipy 0.16+ is required for linear algebra
Rank 29: Error processing task 1: scipy 0.16+ is required for linear algebra
Rank 20: Error processing task 1: scipy 0.16+ is required for linear algebra
Rank 25: Error processing task 1: scipy 0.16+ is required for linear algebra
Rank 31: Error processing task 1: scipy 0.16+ is required for linear algebra
Rank 6: Error processing task 1: scipy 0.16+ is required for linear algebra
Rank 23: Error processing task 1: scipy 0.16+ is required for linear algebra
Rank 27: Error processing task 1: scipy 0.16+ is required for linear algebra
Rank 40: Error processing task 1: scipy 0.16+ is required for linear algebra
Rank 1: Error processing task 1: scipy 0.16+ is required for linear algebra
Rank 26: Error processing task 1: scipy 0.16+ is required for linear algebra
Rank 44: Error processing task 1: scipy 0.16+ is required for linear algebra
Rank 7: Error processing task 1: scipy 0.16+ is required for linear algebra
Rank 28: Error processing task 1: scipy 0.16+ is required for linear algebra
Rank 16: Error processing task 1: scipy 0.16+ is required for linear algebra
Rank 24: Error processing task 1: scipy 0.16+ is required for linear algebra
Rank 51: Error processing task 1: scipy 0.16+ is required for linear algebra
Rank 48: Error processing task 1: scipy 0.16+ is required for linear algebra
Rank 49: Error processing task 1: scipy 0.16+ is required for linear algebra
Rank 50: Error processing task 1: scipy 0.16+ is required for linear algebra
Rank 52: Error processing task 1: scipy 0.16+ is required for linear algebra
Rank 63: Error processing task 1: scipy 0.16+ is required for linear algebra
Rank 54: Error processing task 1: scipy 0.16+ is required for linear algebra
Rank 57: Error processing task 1: scipy 0.16+ is required for linear algebra
Rank 56: Error processing task 1: scipy 0.16+ is required for linear algebra
Rank 59: Error processing task 1: scipy 0.16+ is required for linear algebra
Rank 58: Error processing task 1: scipy 0.16+ is required for linear algebra
Rank 55: Error processing task 1: scipy 0.16+ is required for linear algebra
Rank 30: Error processing task 1: scipy 0.16+ is required for linear algebra
Rank 53: Error processing task 1: scipy 0.16+ is required for linear algebra
Rank 35: Error processing task 1: scipy 0.16+ is required for linear algebra
Rank 2: Error processing task 1: scipy 0.16+ is required for linear algebra
Rank 61: Error processing task 1: scipy 0.16+ is required for linear algebra
Rank 47: Error processing task 1: scipy 0.16+ is required for linear algebra
Rank 37: Error processing task 1: scipy 0.16+ is required for linear algebra
Rank 62: Error processing task 1: scipy 0.16+ is required for linear algebra
Rank 11: Error processing task 1: scipy 0.16+ is required for linear algebra
Rank 73: Error processing task 1: scipy 0.16+ is required for linear algebra
Rank 77: Error processing task 1: scipy 0.16+ is required for linear algebra
Rank 60: Error processing task 1: scipy 0.16+ is required for linear algebra
Rank 33: Error processing task 1: scipy 0.16+ is required for linear algebra
Rank 78: Error processing task 1: scipy 0.16+ is required for linear algebra
Rank 79: Error processing task 1: scipy 0.16+ is required for linear algebra
Rank 72: Error processing task 1: scipy 0.16+ is required for linear algebra
Rank 75: Error processing task 1: scipy 0.16+ is required for linear algebra
Rank 38: Error processing task 1: scipy 0.16+ is required for linear algebra
Rank 39: Error processing task 1: scipy 0.16+ is required for linear algebra
Rank 76: Error processing task 1: scipy 0.16+ is required for linear algebra
Rank 9: Error processing task 1: scipy 0.16+ is required for linear algebra
Rank 36: Error processing task 1: scipy 0.16+ is required for linear algebra
Rank 10: Error processing task 1: scipy 0.16+ is required for linear algebra
Rank 70: Error processing task 1: scipy 0.16+ is required for linear algebra
Rank 13: Error processing task 1: scipy 0.16+ is required for linear algebra
Rank 71: Error processing task 1: scipy 0.16+ is required for linear algebra
Rank 8: Error processing task 1: scipy 0.16+ is required for linear algebra
Rank 14: Error processing task 1: scipy 0.16+ is required for linear algebra
Rank 74: Error processing task 1: scipy 0.16+ is required for linear algebra
Rank 15: Error processing task 1: scipy 0.16+ is required for linear algebra
Rank 32: Error processing task 1: scipy 0.16+ is required for linear algebra
Rank 12: Error processing task 1: scipy 0.16+ is required for linear algebra
Rank 68: Error processing task 1: scipy 0.16+ is required for linear algebra
Rank 65: Error processing task 1: scipy 0.16+ is required for linear algebra
Rank 46: Error processing task 1: scipy 0.16+ is required for linear algebra
Rank 69: Error processing task 1: scipy 0.16+ is required for linear algebra
Rank 64: Error processing task 1: scipy 0.16+ is required for linear algebra
Rank 67: Error processing task 1: scipy 0.16+ is required for linear algebra
Rank 3: Error processing task 1: scipy 0.16+ is required for linear algebra
Rank 82: Error processing task 1: scipy 0.16+ is required for linear algebra
Rank 83: Error processing task 1: scipy 0.16+ is required for linear algebra
Rank 80: Error processing task 1: scipy 0.16+ is required for linear algebra
Rank 84: Error processing task 1: scipy 0.16+ is required for linear algebra
Rank 85: Error processing task 1: scipy 0.16+ is required for linear algebra
Rank 81: Error processing task 1: scipy 0.16+ is required for linear algebra
Rank 66: Error processing task 1: scipy 0.16+ is required for linear algebra
Rank 86: Error processing task 1: scipy 0.16+ is required for linear algebra
Rank 87: Error processing task 1: scipy 0.16+ is required for linear algebra
Rank 34: Error processing task 1: scipy 0.16+ is required for linear algebra
Rank 45: Error processing task 2: scipy 0.16+ is required for linear algebra
Rank 43: Error processing task 2: scipy 0.16+ is required for linear algebra
Rank 19: Error processing task 2: scipy 0.16+ is required for linear algebra
Rank 41: Error processing task 2: scipy 0.16+ is required for linear algebra
Rank 42: Error processing task 2: scipy 0.16+ is required for linear algebra
Rank 21: Error processing task 2: scipy 0.16+ is required for linear algebra
Rank 22: Error processing task 2: scipy 0.16+ is required for linear algebra
Rank 18: Error processing task 2: scipy 0.16+ is required for linear algebra
Rank 17: Error processing task 2: scipy 0.16+ is required for linear algebra
Rank 20: Error processing task 2: scipy 0.16+ is required for linear algebra
Rank 0: Error processing task 2: scipy 0.16+ is required for linear algebra
Rank 29: Error processing task 2: scipy 0.16+ is required for linear algebra
Rank 25: Error processing task 2: scipy 0.16+ is required for linear algebra
Rank 44: Error processing task 2: scipy 0.16+ is required for linear algebra
Rank 1: Error processing task 2: scipy 0.16+ is required for linear algebra
Rank 7: Error processing task 2: scipy 0.16+ is required for linear algebra
Rank 16: Error processing task 2: scipy 0.16+ is required for linear algebra
Rank 27: Error processing task 2: scipy 0.16+ is required for linear algebra
Rank 40: Error processing task 2: scipy 0.16+ is required for linear algebra
Rank 51: Error processing task 2: scipy 0.16+ is required for linear algebra
Rank 49: Error processing task 2: scipy 0.16+ is required for linear algebra
Rank 31: Error processing task 2: scipy 0.16+ is required for linear algebra
Rank 6: Error processing task 2: scipy 0.16+ is required for linear algebra
Rank 48: Error processing task 2: scipy 0.16+ is required for linear algebra
Rank 50: Error processing task 2: scipy 0.16+ is required for linear algebra
Rank 26: Error processing task 2: scipy 0.16+ is required for linear algebra
Rank 23: Error processing task 2: scipy 0.16+ is required for linear algebra
Rank 35: Error processing task 2: scipy 0.16+ is required for linear algebra
Rank 28: Error processing task 2: scipy 0.16+ is required for linear algebra
Rank 58: Error processing task 2: scipy 0.16+ is required for linear algebra
Rank 24: Error processing task 2: scipy 0.16+ is required for linear algebra
Rank 63: Error processing task 2: scipy 0.16+ is required for linear algebra
Rank 52: Error processing task 2: scipy 0.16+ is required for linear algebra
Rank 54: Error processing task 2: scipy 0.16+ is required for linear algebra
Rank 5: Error processing task 2: scipy 0.16+ is required for linear algebra
Rank 59: Error processing task 2: scipy 0.16+ is required for linear algebra
Rank 57: Error processing task 2: scipy 0.16+ is required for linear algebra
Rank 53: Error processing task 2: scipy 0.16+ is required for linear algebra
Rank 30: Error processing task 2: scipy 0.16+ is required for linear algebra
Rank 55: Error processing task 2: scipy 0.16+ is required for linear algebra
Rank 56: Error processing task 2: scipy 0.16+ is required for linear algebra
Rank 61: Error processing task 2: scipy 0.16+ is required for linear algebra
Rank 11: Error processing task 2: scipy 0.16+ is required for linear algebra
Rank 73: Error processing task 2: scipy 0.16+ is required for linear algebra
Rank 78: Error processing task 2: scipy 0.16+ is required for linear algebra
Rank 62: Error processing task 2: scipy 0.16+ is required for linear algebra
Rank 79: Error processing task 2: scipy 0.16+ is required for linear algebra
Rank 72: Error processing task 2: scipy 0.16+ is required for linear algebra
Rank 33: Error processing task 2: scipy 0.16+ is required for linear algebra
Rank 37: Error processing task 2: scipy 0.16+ is required for linear algebra
Rank 77: Error processing task 2: scipy 0.16+ is required for linear algebra
Rank 2: Error processing task 2: scipy 0.16+ is required for linear algebra
Rank 47: Error processing task 2: scipy 0.16+ is required for linear algebra
Rank 38: Error processing task 2: scipy 0.16+ is required for linear algebra
Rank 9: Error processing task 2: scipy 0.16+ is required for linear algebra
Rank 36: Error processing task 2: scipy 0.16+ is required for linear algebra
Rank 39: Error processing task 2: scipy 0.16+ is required for linear algebra
Rank 75: Error processing task 2: scipy 0.16+ is required for linear algebra
Rank 32: Error processing task 2: scipy 0.16+ is required for linear algebra
Rank 14: Error processing task 2: scipy 0.16+ is required for linear algebra
Rank 8: Error processing task 2: scipy 0.16+ is required for linear algebra
Rank 10: Error processing task 2: scipy 0.16+ is required for linear algebra
Rank 76: Error processing task 2: scipy 0.16+ is required for linear algebra
Rank 74: Error processing task 2: scipy 0.16+ is required for linear algebra
Rank 15: Error processing task 2: scipy 0.16+ is required for linear algebra
Rank 13: Error processing task 2: scipy 0.16+ is required for linear algebra
Rank 60: Error processing task 2: scipy 0.16+ is required for linear algebra
Rank 71: Error processing task 2: scipy 0.16+ is required for linear algebra
Rank 70: Error processing task 2: scipy 0.16+ is required for linear algebra
Rank 68: Error processing task 2: scipy 0.16+ is required for linear algebra
Rank 82: Error processing task 2: scipy 0.16+ is required for linear algebra
Rank 64: Error processing task 2: scipy 0.16+ is required for linear algebra
Rank 65: Error processing task 2: scipy 0.16+ is required for linear algebra
Rank 12: Error processing task 2: scipy 0.16+ is required for linear algebra
Rank 46: Error processing task 2: scipy 0.16+ is required for linear algebra
Rank 83: Error processing task 2: scipy 0.16+ is required for linear algebra
Rank 80: Error processing task 2: scipy 0.16+ is required for linear algebra
Rank 67: Error processing task 2: scipy 0.16+ is required for linear algebra
Rank 84: Error processing task 2: scipy 0.16+ is required for linear algebra
Rank 69: Error processing task 2: scipy 0.16+ is required for linear algebra
Rank 85: Error processing task 2: scipy 0.16+ is required for linear algebra
Rank 86: Error processing task 2: scipy 0.16+ is required for linear algebra
Rank 81: Error processing task 2: scipy 0.16+ is required for linear algebra
Rank 34: Error processing task 2: scipy 0.16+ is required for linear algebra
Rank 4: Error processing task 2: scipy 0.16+ is required for linear algebra
Rank 87: Error processing task 2: scipy 0.16+ is required for linear algebra
Rank 66: Error processing task 2: scipy 0.16+ is required for linear algebra
Rank 3: Error processing task 2: scipy 0.16+ is required for linear algebra
Rank 18: Error processing task 3: scipy 0.16+ is required for linear algebra
Rank 42: Error processing task 3: scipy 0.16+ is required for linear algebra
Rank 20: Error processing task 3: scipy 0.16+ is required for linear algebra
Rank 19: Error processing task 3: scipy 0.16+ is required for linear algebra
Rank 44: Error processing task 3: scipy 0.16+ is required for linear algebra
Rank 22: Error processing task 3: scipy 0.16+ is required for linear algebra
Rank 0: Error processing task 3: scipy 0.16+ is required for linear algebra
Rank 43: Error processing task 3: scipy 0.16+ is required for linear algebra
Rank 45: Error processing task 3: scipy 0.16+ is required for linear algebra
Rank 41: Error processing task 3: scipy 0.16+ is required for linear algebra
Rank 16: Error processing task 3: scipy 0.16+ is required for linear algebra
Rank 29: Error processing task 3: scipy 0.16+ is required for linear algebra
Rank 1: Error processing task 3: scipy 0.16+ is required for linear algebra
Rank 17: Error processing task 3: scipy 0.16+ is required for linear algebra
Rank 21: Error processing task 3: scipy 0.16+ is required for linear algebra
Rank 7: Error processing task 3: scipy 0.16+ is required for linear algebra
Rank 40: Error processing task 3: scipy 0.16+ is required for linear algebra
Rank 25: Error processing task 3: scipy 0.16+ is required for linear algebra
Rank 24: Error processing task 3: scipy 0.16+ is required for linear algebra
Rank 6: Error processing task 3: scipy 0.16+ is required for linear algebra
Rank 26: Error processing task 3: scipy 0.16+ is required for linear algebra
Rank 5: Error processing task 3: scipy 0.16+ is required for linear algebra
Rank 28: Error processing task 3: scipy 0.16+ is required for linear algebra
Rank 30: Error processing task 3: scipy 0.16+ is required for linear algebra
Rank 51: Error processing task 3: scipy 0.16+ is required for linear algebra
Rank 2: Error processing task 3: scipy 0.16+ is required for linear algebra
Rank 48: Error processing task 3: scipy 0.16+ is required for linear algebra
Rank 58: Error processing task 3: scipy 0.16+ is required for linear algebra
Rank 49: Error processing task 3: scipy 0.16+ is required for linear algebra
Rank 38: Error processing task 3: scipy 0.16+ is required for linear algebra
Rank 35: Error processing task 3: scipy 0.16+ is required for linear algebra
Rank 36: Error processing task 3: scipy 0.16+ is required for linear algebra
Rank 50: Error processing task 3: scipy 0.16+ is required for linear algebra
Rank 27: Error processing task 3: scipy 0.16+ is required for linear algebra
Rank 31: Error processing task 3: scipy 0.16+ is required for linear algebra
Rank 54: Error processing task 3: scipy 0.16+ is required for linear algebra
Rank 63: Error processing task 3: scipy 0.16+ is required for linear algebra
Rank 52: Error processing task 3: scipy 0.16+ is required for linear algebra
Rank 57: Error processing task 3: scipy 0.16+ is required for linear algebra
Rank 53: Error processing task 3: scipy 0.16+ is required for linear algebra
Rank 56: Error processing task 3: scipy 0.16+ is required for linear algebra
Rank 32: Error processing task 3: scipy 0.16+ is required for linear algebra
Rank 47: Error processing task 3: scipy 0.16+ is required for linear algebra
Rank 59: Error processing task 3: scipy 0.16+ is required for linear algebra
Rank 79: Error processing task 3: scipy 0.16+ is required for linear algebra
Rank 55: Error processing task 3: scipy 0.16+ is required for linear algebra
Rank 61: Error processing task 3: scipy 0.16+ is required for linear algebra
Rank 8: Error processing task 3: scipy 0.16+ is required for linear algebra
Rank 9: Error processing task 3: scipy 0.16+ is required for linear algebra
Rank 78: Error processing task 3: scipy 0.16+ is required for linear algebra
Rank 33: Error processing task 3: scipy 0.16+ is required for linear algebra
Rank 72: Error processing task 3: scipy 0.16+ is required for linear algebra
Rank 73: Error processing task 3: scipy 0.16+ is required for linear algebra
Rank 62: Error processing task 3: scipy 0.16+ is required for linear algebra
Rank 23: Error processing task 3: scipy 0.16+ is required for linear algebra
Rank 15: Error processing task 3: scipy 0.16+ is required for linear algebra
Rank 77: Error processing task 3: scipy 0.16+ is required for linear algebra
Rank 10: Error processing task 3: scipy 0.16+ is required for linear algebra
Rank 11: Error processing task 3: scipy 0.16+ is required for linear algebra
Rank 14: Error processing task 3: scipy 0.16+ is required for linear algebra
Rank 37: Error processing task 3: scipy 0.16+ is required for linear algebra
Rank 13: Error processing task 3: scipy 0.16+ is required for linear algebra
Rank 68: Error processing task 3: scipy 0.16+ is required for linear algebra
Rank 71: Error processing task 3: scipy 0.16+ is required for linear algebra
Rank 70: Error processing task 3: scipy 0.16+ is required for linear algebra
Rank 75: Error processing task 3: scipy 0.16+ is required for linear algebra
Rank 64: Error processing task 3: scipy 0.16+ is required for linear algebra
Rank 74: Error processing task 3: scipy 0.16+ is required for linear algebra
Rank 39: Error processing task 3: scipy 0.16+ is required for linear algebra
Rank 67: Error processing task 3: scipy 0.16+ is required for linear algebra
Rank 65: Error processing task 3: scipy 0.16+ is required for linear algebra
Rank 82: Error processing task 3: scipy 0.16+ is required for linear algebra
Rank 69: Error processing task 3: scipy 0.16+ is required for linear algebra
Rank 76: Error processing task 3: scipy 0.16+ is required for linear algebra
Rank 12: Error processing task 3: scipy 0.16+ is required for linear algebra
Rank 80: Error processing task 3: scipy 0.16+ is required for linear algebra
Rank 60: Error processing task 3: scipy 0.16+ is required for linear algebra
Rank 83: Error processing task 3: scipy 0.16+ is required for linear algebra
Rank 34: Error processing task 3: scipy 0.16+ is required for linear algebra
Rank 46: Error processing task 3: scipy 0.16+ is required for linear algebra
Rank 84: Error processing task 3: scipy 0.16+ is required for linear algebra
Rank 85: Error processing task 3: scipy 0.16+ is required for linear algebra
Rank 86: Error processing task 3: scipy 0.16+ is required for linear algebra
Rank 81: Error processing task 3: scipy 0.16+ is required for linear algebra
Rank 4: Error processing task 3: scipy 0.16+ is required for linear algebra
Rank 66: Error processing task 3: scipy 0.16+ is required for linear algebra
Rank 87: Error processing task 3: scipy 0.16+ is required for linear algebra
Rank 3: Error processing task 3: scipy 0.16+ is required for linear algebra
Rank 20: Error processing task 4: scipy 0.16+ is required for linear algebra
Rank 42: Error processing task 4: scipy 0.16+ is required for linear algebra
Rank 18: Error processing task 4: scipy 0.16+ is required for linear algebra
Rank 22: Error processing task 4: scipy 0.16+ is required for linear algebra
Rank 44: Error processing task 4: scipy 0.16+ is required for linear algebra
Rank 19: Error processing task 4: scipy 0.16+ is required for linear algebra
Rank 45: Error processing task 4: scipy 0.16+ is required for linear algebra
Rank 43: Error processing task 4: scipy 0.16+ is required for linear algebra
Rank 16: Error processing task 4: scipy 0.16+ is required for linear algebra
Rank 41: Error processing task 4: scipy 0.16+ is required for linear algebra
Rank 17: Error processing task 4: scipy 0.16+ is required for linear algebra
Rank 21: Error processing task 4: scipy 0.16+ is required for linear algebra
Rank 29: Error processing task 4: scipy 0.16+ is required for linear algebra
Rank 24: Error processing task 4: scipy 0.16+ is required for linear algebra
Rank 40: Error processing task 4: scipy 0.16+ is required for linear algebra
Rank 26: Error processing task 4: scipy 0.16+ is required for linear algebra
Rank 2: Error processing task 4: scipy 0.16+ is required for linear algebra
Rank 6: Error processing task 4: scipy 0.16+ is required for linear algebra
Rank 28: Error processing task 4: scipy 0.16+ is required for linear algebra
Rank 49: Error processing task 4: scipy 0.16+ is required for linear algebra
Rank 58: Error processing task 4: scipy 0.16+ is required for linear algebra
Rank 50: Error processing task 4: scipy 0.16+ is required for linear algebra
Rank 51: Error processing task 4: scipy 0.16+ is required for linear algebra
Rank 36: Error processing task 4: scipy 0.16+ is required for linear algebra
Rank 25: Error processing task 4: scipy 0.16+ is required for linear algebra
Rank 35: Error processing task 4: scipy 0.16+ is required for linear algebra
Rank 48: Error processing task 4: scipy 0.16+ is required for linear algebra
Rank 38: Error processing task 4: scipy 0.16+ is required for linear algebra
Rank 1: Error processing task 4: scipy 0.16+ is required for linear algebra
Rank 30: Error processing task 4: scipy 0.16+ is required for linear algebra
Rank 7: Error processing task 4: scipy 0.16+ is required for linear algebra
Rank 27: Error processing task 4: scipy 0.16+ is required for linear algebra
Rank 63: Error processing task 4: scipy 0.16+ is required for linear algebra
Rank 31: Error processing task 4: scipy 0.16+ is required for linear algebra
Rank 54: Error processing task 4: scipy 0.16+ is required for linear algebra
Rank 53: Error processing task 4: scipy 0.16+ is required for linear algebra
Rank 52: Error processing task 4: scipy 0.16+ is required for linear algebra
Rank 57: Error processing task 4: scipy 0.16+ is required for linear algebra
Rank 59: Error processing task 4: scipy 0.16+ is required for linear algebra
Rank 79: Error processing task 4: scipy 0.16+ is required for linear algebra
Rank 56: Error processing task 4: scipy 0.16+ is required for linear algebra
Rank 32: Error processing task 4: scipy 0.16+ is required for linear algebra
Rank 73: Error processing task 4: scipy 0.16+ is required for linear algebra
Rank 78: Error processing task 4: scipy 0.16+ is required for linear algebra
Rank 33: Error processing task 4: scipy 0.16+ is required for linear algebra
Rank 72: Error processing task 4: scipy 0.16+ is required for linear algebra
Rank 47: Error processing task 4: scipy 0.16+ is required for linear algebra
Rank 61: Error processing task 4: scipy 0.16+ is required for linear algebra
Rank 37: Error processing task 4: scipy 0.16+ is required for linear algebra
Rank 5: Error processing task 4: scipy 0.16+ is required for linear algebra
Rank 0: Error processing task 4: scipy 0.16+ is required for linear algebra
Rank 55: Error processing task 4: scipy 0.16+ is required for linear algebra
Rank 8: Error processing task 4: scipy 0.16+ is required for linear algebra
Rank 70: Error processing task 4: scipy 0.16+ is required for linear algebra
Rank 9: Error processing task 4: scipy 0.16+ is required for linear algebra
Rank 14: Error processing task 4: scipy 0.16+ is required for linear algebra
Rank 77: Error processing task 4: scipy 0.16+ is required for linear algebra
Rank 13: Error processing task 4: scipy 0.16+ is required for linear algebra
Rank 11: Error processing task 4: scipy 0.16+ is required for linear algebra
Rank 10: Error processing task 4: scipy 0.16+ is required for linear algebra
Rank 62: Error processing task 4: scipy 0.16+ is required for linear algebra
Rank 71: Error processing task 4: scipy 0.16+ is required for linear algebra
Rank 23: Error processing task 4: scipy 0.16+ is required for linear algebra
Rank 15: Error processing task 4: scipy 0.16+ is required for linear algebra
Rank 68: Error processing task 4: scipy 0.16+ is required for linear algebra
Rank 74: Error processing task 4: scipy 0.16+ is required for linear algebra
Rank 64: Error processing task 4: scipy 0.16+ is required for linear algebra
Rank 75: Error processing task 4: scipy 0.16+ is required for linear algebra
Rank 65: Error processing task 4: scipy 0.16+ is required for linear algebra
Rank 39: Error processing task 4: scipy 0.16+ is required for linear algebra
Rank 12: Error processing task 4: scipy 0.16+ is required for linear algebra
Rank 80: Error processing task 4: scipy 0.16+ is required for linear algebra
Rank 76: Error processing task 4: scipy 0.16+ is required for linear algebra
Rank 82: Error processing task 4: scipy 0.16+ is required for linear algebra
Rank 83: Error processing task 4: scipy 0.16+ is required for linear algebra
Rank 34: Error processing task 4: scipy 0.16+ is required for linear algebra
Rank 84: Error processing task 4: scipy 0.16+ is required for linear algebra
Rank 60: Error processing task 4: scipy 0.16+ is required for linear algebra
Rank 67: Error processing task 4: scipy 0.16+ is required for linear algebra
Rank 69: Error processing task 4: scipy 0.16+ is required for linear algebra
Rank 46: Error processing task 4: scipy 0.16+ is required for linear algebra
Rank 85: Error processing task 4: scipy 0.16+ is required for linear algebra
Rank 86: Error processing task 4: scipy 0.16+ is required for linear algebra
Rank 81: Error processing task 4: scipy 0.16+ is required for linear algebra
Rank 4: Error processing task 4: scipy 0.16+ is required for linear algebra
Rank 66: Error processing task 4: scipy 0.16+ is required for linear algebra
Rank 87: Error processing task 4: scipy 0.16+ is required for linear algebra
Rank 3: Error processing task 4: scipy 0.16+ is required for linear algebra
Rank 20: Error processing task 5: scipy 0.16+ is required for linear algebra
Rank 18: Error processing task 5: scipy 0.16+ is required for linear algebra
Rank 42: Error processing task 5: scipy 0.16+ is required for linear algebra
Rank 44: Error processing task 5: scipy 0.16+ is required for linear algebra
Rank 22: Error processing task 5: scipy 0.16+ is required for linear algebra
Rank 45: Error processing task 5: scipy 0.16+ is required for linear algebra
Rank 19: Error processing task 5: scipy 0.16+ is required for linear algebra
Rank 16: Error processing task 5: scipy 0.16+ is required for linear algebra
Rank 43: Error processing task 5: scipy 0.16+ is required for linear algebra
Rank 41: Error processing task 5: scipy 0.16+ is required for linear algebra
Rank 17: Error processing task 5: scipy 0.16+ is required for linear algebra
Rank 21: Error processing task 5: scipy 0.16+ is required for linear algebra
Rank 24: Error processing task 5: scipy 0.16+ is required for linear algebra
Rank 29: Error processing task 5: scipy 0.16+ is required for linear algebra
Rank 58: Error processing task 5: scipy 0.16+ is required for linear algebra
Rank 26: Error processing task 5: scipy 0.16+ is required for linear algebra
Rank 36: Error processing task 5: scipy 0.16+ is required for linear algebra
Rank 50: Error processing task 5: scipy 0.16+ is required for linear algebra
Rank 2: Error processing task 5: scipy 0.16+ is required for linear algebra
Rank 40: Error processing task 5: scipy 0.16+ is required for linear algebra
Rank 49: Error processing task 5: scipy 0.16+ is required for linear algebra
Rank 28: Error processing task 5: scipy 0.16+ is required for linear algebra
Rank 38: Error processing task 5: scipy 0.16+ is required for linear algebra
Rank 35: Error processing task 5: scipy 0.16+ is required for linear algebra
Rank 48: Error processing task 5: scipy 0.16+ is required for linear algebra
Rank 51: Error processing task 5: scipy 0.16+ is required for linear algebra
Rank 25: Error processing task 5: scipy 0.16+ is required for linear algebra
Rank 1: Error processing task 5: scipy 0.16+ is required for linear algebra
Rank 30: Error processing task 5: scipy 0.16+ is required for linear algebra
Rank 54: Error processing task 5: scipy 0.16+ is required for linear algebra
Rank 27: Error processing task 5: scipy 0.16+ is required for linear algebra
Rank 7: Error processing task 5: scipy 0.16+ is required for linear algebra
Rank 52: Error processing task 5: scipy 0.16+ is required for linear algebra
Rank 59: Error processing task 5: scipy 0.16+ is required for linear algebra
Rank 53: Error processing task 5: scipy 0.16+ is required for linear algebra
Rank 57: Error processing task 5: scipy 0.16+ is required for linear algebra
Rank 79: Error processing task 5: scipy 0.16+ is required for linear algebra
Rank 73: Error processing task 5: scipy 0.16+ is required for linear algebra
Rank 31: Error processing task 5: scipy 0.16+ is required for linear algebra
Rank 78: Error processing task 5: scipy 0.16+ is required for linear algebra
Rank 37: Error processing task 5: scipy 0.16+ is required for linear algebra
Rank 63: Error processing task 5: scipy 0.16+ is required for linear algebra
Rank 32: Error processing task 5: scipy 0.16+ is required for linear algebra
Rank 56: Error processing task 5: scipy 0.16+ is required for linear algebra
Rank 0: Error processing task 5: scipy 0.16+ is required for linear algebra
Rank 72: Error processing task 5: scipy 0.16+ is required for linear algebra
Rank 55: Error processing task 5: scipy 0.16+ is required for linear algebra
Rank 61: Error processing task 5: scipy 0.16+ is required for linear algebra
Rank 5: Error processing task 5: scipy 0.16+ is required for linear algebra
Rank 47: Error processing task 5: scipy 0.16+ is required for linear algebra
Rank 77: Error processing task 5: scipy 0.16+ is required for linear algebra
Rank 62: Error processing task 5: scipy 0.16+ is required for linear algebra
Rank 8: Error processing task 5: scipy 0.16+ is required for linear algebra
Rank 33: Error processing task 5: scipy 0.16+ is required for linear algebra
Rank 9: Error processing task 5: scipy 0.16+ is required for linear algebra
Rank 70: Error processing task 5: scipy 0.16+ is required for linear algebra
Rank 6: Error processing task 5: scipy 0.16+ is required for linear algebra
Rank 13: Error processing task 5: scipy 0.16+ is required for linear algebra
Rank 71: Error processing task 5: scipy 0.16+ is required for linear algebra
Rank 14: Error processing task 5: scipy 0.16+ is required for linear algebra
Rank 11: Error processing task 5: scipy 0.16+ is required for linear algebra
Rank 10: Error processing task 5: scipy 0.16+ is required for linear algebra
Rank 75: Error processing task 5: scipy 0.16+ is required for linear algebra
Rank 74: Error processing task 5: scipy 0.16+ is required for linear algebra
Rank 15: Error processing task 5: scipy 0.16+ is required for linear algebra
Rank 23: Error processing task 5: scipy 0.16+ is required for linear algebra
Rank 64: Error processing task 5: scipy 0.16+ is required for linear algebra
Rank 65: Error processing task 5: scipy 0.16+ is required for linear algebra
Rank 39: Error processing task 5: scipy 0.16+ is required for linear algebra
Rank 82: Error processing task 5: scipy 0.16+ is required for linear algebra
Rank 80: Error processing task 5: scipy 0.16+ is required for linear algebra
Rank 68: Error processing task 5: scipy 0.16+ is required for linear algebra
Rank 83: Error processing task 5: scipy 0.16+ is required for linear algebra
Rank 84: Error processing task 5: scipy 0.16+ is required for linear algebra
Rank 12: Error processing task 5: scipy 0.16+ is required for linear algebra
Rank 76: Error processing task 5: scipy 0.16+ is required for linear algebra
Rank 69: Error processing task 5: scipy 0.16+ is required for linear algebra
Rank 67: Error processing task 5: scipy 0.16+ is required for linear algebra
Rank 34: Error processing task 5: scipy 0.16+ is required for linear algebra
Rank 60: Error processing task 5: scipy 0.16+ is required for linear algebra
Rank 46: Error processing task 5: scipy 0.16+ is required for linear algebra
Rank 85: Error processing task 5: scipy 0.16+ is required for linear algebra
Rank 86: Error processing task 5: scipy 0.16+ is required for linear algebra
Rank 4: Error processing task 5: scipy 0.16+ is required for linear algebra
Rank 81: Error processing task 5: scipy 0.16+ is required for linear algebra
Rank 66: Error processing task 5: scipy 0.16+ is required for linear algebra
Rank 87: Error processing task 5: scipy 0.16+ is required for linear algebra
Rank 3: Error processing task 5: scipy 0.16+ is required for linear algebra
Rank 18: Error processing task 6: scipy 0.16+ is required for linear algebra
Rank 44: Error processing task 6: scipy 0.16+ is required for linear algebra
Rank 42: Error processing task 6: scipy 0.16+ is required for linear algebra
Rank 22: Error processing task 6: scipy 0.16+ is required for linear algebra
Rank 20: Error processing task 6: scipy 0.16+ is required for linear algebra
Rank 19: Error processing task 6: scipy 0.16+ is required for linear algebra
Rank 16: Error processing task 6: scipy 0.16+ is required for linear algebra
Rank 45: Error processing task 6: scipy 0.16+ is required for linear algebra
Rank 41: Error processing task 6: scipy 0.16+ is required for linear algebra
Rank 43: Error processing task 6: scipy 0.16+ is required for linear algebra
Rank 24: Error processing task 6: scipy 0.16+ is required for linear algebra
Rank 17: Error processing task 6: scipy 0.16+ is required for linear algebra
Rank 58: Error processing task 6: scipy 0.16+ is required for linear algebra
Rank 26: Error processing task 6: scipy 0.16+ is required for linear algebra
Rank 29: Error processing task 6: scipy 0.16+ is required for linear algebra
Rank 50: Error processing task 6: scipy 0.16+ is required for linear algebra
Rank 49: Error processing task 6: scipy 0.16+ is required for linear algebra
Rank 36: Error processing task 6: scipy 0.16+ is required for linear algebra
Rank 21: Error processing task 6: scipy 0.16+ is required for linear algebra
Rank 38: Error processing task 6: scipy 0.16+ is required for linear algebra
Rank 35: Error processing task 6: scipy 0.16+ is required for linear algebra
Rank 48: Error processing task 6: scipy 0.16+ is required for linear algebra
Rank 40: Error processing task 6: scipy 0.16+ is required for linear algebra
Rank 2: Error processing task 6: scipy 0.16+ is required for linear algebra
Rank 51: Error processing task 6: scipy 0.16+ is required for linear algebra
Rank 28: Error processing task 6: scipy 0.16+ is required for linear algebra
Rank 30: Error processing task 6: scipy 0.16+ is required for linear algebra
Rank 25: Error processing task 6: scipy 0.16+ is required for linear algebra
Rank 52: Error processing task 6: scipy 0.16+ is required for linear algebra
Rank 7: Error processing task 6: scipy 0.16+ is required for linear algebra
Rank 54: Error processing task 6: scipy 0.16+ is required for linear algebra
Rank 79: Error processing task 6: scipy 0.16+ is required for linear algebra
Rank 73: Error processing task 6: scipy 0.16+ is required for linear algebra
Rank 59: Error processing task 6: scipy 0.16+ is required for linear algebra
Rank 57: Error processing task 6: scipy 0.16+ is required for linear algebra
Rank 53: Error processing task 6: scipy 0.16+ is required for linear algebra
Rank 37: Error processing task 6: scipy 0.16+ is required for linear algebra
Rank 31: Error processing task 6: scipy 0.16+ is required for linear algebra
Rank 63: Error processing task 6: scipy 0.16+ is required for linear algebra
Rank 78: Error processing task 6: scipy 0.16+ is required for linear algebra
Rank 27: Error processing task 6: scipy 0.16+ is required for linear algebra
Rank 32: Error processing task 6: scipy 0.16+ is required for linear algebra
Rank 56: Error processing task 6: scipy 0.16+ is required for linear algebra
Rank 72: Error processing task 6: scipy 0.16+ is required for linear algebra
Rank 0: Error processing task 6: scipy 0.16+ is required for linear algebra
Rank 77: Error processing task 6: scipy 0.16+ is required for linear algebra
Rank 5: Error processing task 6: scipy 0.16+ is required for linear algebra
Rank 55: Error processing task 6: scipy 0.16+ is required for linear algebra
Rank 8: Error processing task 6: scipy 0.16+ is required for linear algebra
Rank 47: Error processing task 6: scipy 0.16+ is required for linear algebra
Rank 61: Error processing task 6: scipy 0.16+ is required for linear algebra
Rank 33: Error processing task 6: scipy 0.16+ is required for linear algebra
Rank 70: Error processing task 6: scipy 0.16+ is required for linear algebra
Rank 9: Error processing task 6: scipy 0.16+ is required for linear algebra
Rank 71: Error processing task 6: scipy 0.16+ is required for linear algebra
Rank 13: Error processing task 6: scipy 0.16+ is required for linear algebra
Rank 6: Error processing task 6: scipy 0.16+ is required for linear algebra
Rank 14: Error processing task 6: scipy 0.16+ is required for linear algebra
Rank 62: Error processing task 6: scipy 0.16+ is required for linear algebra
Rank 64: Error processing task 6: scipy 0.16+ is required for linear algebra
Rank 75: Error processing task 6: scipy 0.16+ is required for linear algebra
Rank 15: Error processing task 6: scipy 0.16+ is required for linear algebra
Rank 10: Error processing task 6: scipy 0.16+ is required for linear algebra
Rank 74: Error processing task 6: scipy 0.16+ is required for linear algebra
Rank 1: Error processing task 6: scipy 0.16+ is required for linear algebra
Rank 39: Error processing task 6: scipy 0.16+ is required for linear algebra
Rank 65: Error processing task 6: scipy 0.16+ is required for linear algebra
Rank 82: Error processing task 6: scipy 0.16+ is required for linear algebra
Rank 11: Error processing task 6: scipy 0.16+ is required for linear algebra
Rank 80: Error processing task 6: scipy 0.16+ is required for linear algebra
Rank 12: Error processing task 6: scipy 0.16+ is required for linear algebra
Rank 68: Error processing task 6: scipy 0.16+ is required for linear algebra
Rank 84: Error processing task 6: scipy 0.16+ is required for linear algebra
Rank 69: Error processing task 6: scipy 0.16+ is required for linear algebra
Rank 83: Error processing task 6: scipy 0.16+ is required for linear algebra
Rank 23: Error processing task 6: scipy 0.16+ is required for linear algebra
Rank 76: Error processing task 6: scipy 0.16+ is required for linear algebra
Rank 67: Error processing task 6: scipy 0.16+ is required for linear algebra
Rank 34: Error processing task 6: scipy 0.16+ is required for linear algebra
Rank 60: Error processing task 6: scipy 0.16+ is required for linear algebra
Rank 46: Error processing task 6: scipy 0.16+ is required for linear algebra
Rank 86: Error processing task 6: scipy 0.16+ is required for linear algebra
Rank 85: Error processing task 6: scipy 0.16+ is required for linear algebra
Rank 81: Error processing task 6: scipy 0.16+ is required for linear algebra
Rank 66: Error processing task 6: scipy 0.16+ is required for linear algebra
Rank 4: Error processing task 6: scipy 0.16+ is required for linear algebra
Rank 87: Error processing task 6: scipy 0.16+ is required for linear algebra
Rank 3: Error processing task 6: scipy 0.16+ is required for linear algebra
Rank 22: Error processing task 7: scipy 0.16+ is required for linear algebra
Rank 18: Error processing task 7: scipy 0.16+ is required for linear algebra
Rank 42: Error processing task 7: scipy 0.16+ is required for linear algebra
Rank 44: Error processing task 7: scipy 0.16+ is required for linear algebra
Rank 20: Error processing task 7: scipy 0.16+ is required for linear algebra
Rank 16: Error processing task 7: scipy 0.16+ is required for linear algebra
Rank 45: Error processing task 7: scipy 0.16+ is required for linear algebra
Rank 19: Error processing task 7: scipy 0.16+ is required for linear algebra
Rank 24: Error processing task 7: scipy 0.16+ is required for linear algebra
Rank 41: Error processing task 7: scipy 0.16+ is required for linear algebra
Rank 43: Error processing task 7: scipy 0.16+ is required for linear algebra
Rank 26: Error processing task 7: scipy 0.16+ is required for linear algebra
Rank 17: Error processing task 7: scipy 0.16+ is required for linear algebra
Rank 36: Error processing task 7: scipy 0.16+ is required for linear algebra
Rank 38: Error processing task 7: scipy 0.16+ is required for linear algebra
Rank 58: Error processing task 7: scipy 0.16+ is required for linear algebra
Rank 49: Error processing task 7: scipy 0.16+ is required for linear algebra
Rank 28: Error processing task 7: scipy 0.16+ is required for linear algebra
Rank 29: Error processing task 7: scipy 0.16+ is required for linear algebra
Rank 21: Error processing task 7: scipy 0.16+ is required for linear algebra
Rank 30: Error processing task 7: scipy 0.16+ is required for linear algebra
Rank 40: Error processing task 7: scipy 0.16+ is required for linear algebra
Rank 50: Error processing task 7: scipy 0.16+ is required for linear algebra
Rank 48: Error processing task 7: scipy 0.16+ is required for linear algebra
Rank 51: Error processing task 7: scipy 0.16+ is required for linear algebra
Rank 0: Error processing task 7: scipy 0.16+ is required for linear algebra
Rank 25: Error processing task 7: scipy 0.16+ is required for linear algebra
Rank 2: Error processing task 7: scipy 0.16+ is required for linear algebra
Rank 35: Error processing task 7: scipy 0.16+ is required for linear algebra
Rank 52: Error processing task 7: scipy 0.16+ is required for linear algebra
Rank 53: Error processing task 7: scipy 0.16+ is required for linear algebra
Rank 59: Error processing task 7: scipy 0.16+ is required for linear algebra
Rank 54: Error processing task 7: scipy 0.16+ is required for linear algebra
Rank 37: Error processing task 7: scipy 0.16+ is required for linear algebra
Rank 73: Error processing task 7: scipy 0.16+ is required for linear algebra
Rank 79: Error processing task 7: scipy 0.16+ is required for linear algebra
Rank 27: Error processing task 7: scipy 0.16+ is required for linear algebra
Rank 63: Error processing task 7: scipy 0.16+ is required for linear algebra
Rank 32: Error processing task 7: scipy 0.16+ is required for linear algebra
Rank 57: Error processing task 7: scipy 0.16+ is required for linear algebra
Rank 72: Error processing task 7: scipy 0.16+ is required for linear algebra
Rank 78: Error processing task 7: scipy 0.16+ is required for linear algebra
Rank 31: Error processing task 7: scipy 0.16+ is required for linear algebra
Rank 7: Error processing task 7: scipy 0.16+ is required for linear algebra
Rank 47: Error processing task 7: scipy 0.16+ is required for linear algebra
Rank 56: Error processing task 7: scipy 0.16+ is required for linear algebra
Rank 8: Error processing task 7: scipy 0.16+ is required for linear algebra
Rank 9: Error processing task 7: scipy 0.16+ is required for linear algebra
Rank 13: Error processing task 7: scipy 0.16+ is required for linear algebra
Rank 77: Error processing task 7: scipy 0.16+ is required for linear algebra
Rank 5: Error processing task 7: scipy 0.16+ is required for linear algebra
Rank 71: Error processing task 7: scipy 0.16+ is required for linear algebra
Rank 55: Error processing task 7: scipy 0.16+ is required for linear algebra
Rank 70: Error processing task 7: scipy 0.16+ is required for linear algebra
Rank 61: Error processing task 7: scipy 0.16+ is required for linear algebra
Rank 15: Error processing task 7: scipy 0.16+ is required for linear algebra
Rank 14: Error processing task 7: scipy 0.16+ is required for linear algebra
Rank 33: Error processing task 7: scipy 0.16+ is required for linear algebra
Rank 10: Error processing task 7: scipy 0.16+ is required for linear algebra
Rank 64: Error processing task 7: scipy 0.16+ is required for linear algebra
Rank 6: Error processing task 7: scipy 0.16+ is required for linear algebra
Rank 74: Error processing task 7: scipy 0.16+ is required for linear algebra
Rank 75: Error processing task 7: scipy 0.16+ is required for linear algebra
Rank 62: Error processing task 7: scipy 0.16+ is required for linear algebra
Rank 68: Error processing task 7: scipy 0.16+ is required for linear algebra
Rank 65: Error processing task 7: scipy 0.16+ is required for linear algebra
Rank 11: Error processing task 7: scipy 0.16+ is required for linear algebra
Rank 12: Error processing task 7: scipy 0.16+ is required for linear algebra
Rank 39: Error processing task 7: scipy 0.16+ is required for linear algebra
Rank 82: Error processing task 7: scipy 0.16+ is required for linear algebra
Rank 80: Error processing task 7: scipy 0.16+ is required for linear algebra
Rank 83: Error processing task 7: scipy 0.16+ is required for linear algebra
Rank 23: Error processing task 7: scipy 0.16+ is required for linear algebra
Rank 69: Error processing task 7: scipy 0.16+ is required for linear algebra
Rank 67: Error processing task 7: scipy 0.16+ is required for linear algebra
Rank 76: Error processing task 7: scipy 0.16+ is required for linear algebra
Rank 34: Error processing task 7: scipy 0.16+ is required for linear algebra
Rank 60: Error processing task 7: scipy 0.16+ is required for linear algebra
Rank 1: Error processing task 7: scipy 0.16+ is required for linear algebra
Rank 46: Error processing task 7: scipy 0.16+ is required for linear algebra
Rank 81: Error processing task 7: scipy 0.16+ is required for linear algebra
Rank 66: Error processing task 7: scipy 0.16+ is required for linear algebra
Rank 4: Error processing task 7: scipy 0.16+ is required for linear algebra
Rank 3: Error processing task 7: scipy 0.16+ is required for linear algebra
Warning: No results were collected from any rank
Finished sweep in 0:00:04
Average time per step: 0.00 µs
