Found 4 graph files
Generated 272800 tasks

================================================================================
WALL TIME ESTIMATE
--------------------------------------------------------------------------------
Tasks                : 272,800
Total steps          : 179,400,000,000
Ranks for estimate   : 1
Steps per rank       : 179,400,000,000
Time per step        : 250 µs (assumed)
Expected runtime     : 519 days, 2:20:00
--------------------------------------------------------------------------------
BREAKDOWN BY MODEL TYPE
--------------------------------------------------------------------------------
NEC             : 185,600 tasks | 92,800,000,000 steps (51.7%) | ~268 days, 12:26:40
SIGMOID         : 40,800 tasks | 81,600,000,000 steps (45.5%) | ~236 days, 2:40:00
POLYNOMIAL      : 25,600 tasks | 2,560,000,000 steps (1.4%) | ~7 days, 9:46:40
QPDC            : 20,400 tasks | 2,040,000,000 steps (1.1%) | ~5 days, 21:40:00
FIXED_AMPLITUDE : 400 tasks | 400,000,000 steps (0.2%) | ~1 day, 3:46:40
================================================================================

Rank 0: Processing 272800 tasks
Rank 0: Completed 1/272800 tasks | Runtime: 0:00:30 | ETA: 0:00:00 | Time/step: 309.1 µs avg, 0.0 µs current
