Found 5 graph files
Generated 2700 tasks

================================================================================
WALL TIME ESTIMATE
--------------------------------------------------------------------------------
Tasks                : 2,700
Total steps          : 270,000,000
Ranks for estimate   : 128
Steps per rank       : 2,109,375
Time per step        : 15000 µs (assumed)
Expected runtime     : 8:47:20
--------------------------------------------------------------------------------
BREAKDOWN BY MODEL TYPE
--------------------------------------------------------------------------------
CIM             : 2,700 tasks | 270,000,000 steps (100.0%) | ~8:47:20
================================================================================

Rank 0: Processing 22 tasks
Rank 8: Processing 22 tasks
Rank 12: Processing 21 tasks
Rank 4: Processing 22 tasks
Rank 28: Processing 21 tasks
Rank 20: Processing 21 tasks
Rank 17: Processing 21 tasks
Rank 1: Processing 22 tasks
Rank 3: Processing 22 tasks
Rank 19: Processing 21 tasks
Rank 7: Processing 22 tasks
Rank 16: Processing 21 tasks
Rank 2: Processing 22 tasks
Rank 18: Processing 21 tasks
Rank 11: Processing 22 tasks
Rank 15: Processing 21 tasks
Rank 24: Processing 21 tasks
Rank 10: Processing 22 tasks
Rank 6: Processing 22 tasks
Rank 5: Processing 22 tasks
Rank 14: Processing 21 tasks
Rank 9: Processing 22 tasks
Rank 27: Processing 21 tasks
Rank 13: Processing 21 tasks
Rank 29: Processing 21 tasks
Rank 26: Processing 21 tasks
Rank 31: Processing 21 tasks
Rank 22: Processing 21 tasks
Rank 30: Processing 21 tasks
Rank 25: Processing 21 tasks
Rank 23: Processing 21 tasks
Rank 21: Processing 21 tasks
Rank 64: Processing 21 tasks
Rank 76: Processing 21 tasks
Rank 72: Processing 21 tasks
Rank 80: Processing 21 tasks
Rank 68: Processing 21 tasks
Rank 66: Processing 21 tasks
Rank 92: Processing 21 tasks
Rank 70: Processing 21 tasks
Rank 84: Processing 21 tasks
Rank 78: Processing 21 tasks
Rank 60: Processing 21 tasks
Rank 88: Processing 21 tasks
Rank 82: Processing 21 tasks
Rank 94: Processing 21 tasks
Rank 65: Processing 21 tasks
Rank 32: Processing 21 tasks
Rank 73: Processing 21 tasks
Rank 56: Processing 21 tasks
Rank 100: Processing 21 tasks
Rank 83: Processing 21 tasks
Rank 48: Processing 21 tasks
Rank 120: Processing 21 tasks
Rank 75: Processing 21 tasks
Rank 36: Processing 21 tasks
Rank 113: Processing 21 tasks
Rank 89: Processing 21 tasks
Rank 40: Processing 21 tasks
Rank 105: Processing 21 tasks
Rank 71: Processing 21 tasks
Rank 52: Processing 21 tasks
Rank 114: Processing 21 tasks
Rank 87: Processing 21 tasks
Rank 44: Processing 21 tasks
Rank 109: Processing 21 tasks
Rank 69: Processing 21 tasks
Rank 33: Processing 21 tasks
Rank 115: Processing 21 tasks
Rank 85: Processing 21 tasks
Rank 51: Processing 21 tasks
Rank 98: Processing 21 tasks
Rank 86: Processing 21 tasks
Rank 35: Processing 21 tasks
Rank 118: Processing 21 tasks
Rank 91: Processing 21 tasks
Rank 37: Processing 21 tasks
Rank 110: Processing 21 tasks
Rank 93: Processing 21 tasks
Rank 47: Processing 21 tasks
Rank 122: Processing 21 tasks
Rank 74: Processing 21 tasks
Rank 55: Processing 21 tasks
Rank 116: Processing 21 tasks
Rank 95: Processing 21 tasks
Rank 39: Processing 21 tasks
Rank 97: Processing 21 tasks
Rank 79: Processing 21 tasks
Rank 58: Processing 21 tasks
Rank 124: Processing 21 tasks
Rank 77: Processing 21 tasks
Rank 34: Processing 21 tasks
Rank 106: Processing 21 tasks
Rank 81: Processing 21 tasks
Rank 42: Processing 21 tasks
Rank 117: Processing 21 tasks
Rank 90: Processing 21 tasks
Rank 41: Processing 21 tasks
Rank 96: Processing 21 tasks
Rank 67: Processing 21 tasks
Rank 38: Processing 21 tasks
Rank 121: Processing 21 tasks
Rank 46: Processing 21 tasks
Rank 123: Processing 21 tasks
Rank 43: Processing 21 tasks
Rank 99: Processing 21 tasks
Rank 49: Processing 21 tasks
Rank 125: Processing 21 tasks
Rank 45: Processing 21 tasks
Rank 101: Processing 21 tasks
Rank 61: Processing 21 tasks
Rank 112: Processing 21 tasks
Rank 54: Processing 21 tasks
Rank 126: Processing 21 tasks
Rank 53: Processing 21 tasks
Rank 104: Processing 21 tasks
Rank 62: Processing 21 tasks
Rank 127: Processing 21 tasks
Rank 50: Processing 21 tasks
Rank 102: Processing 21 tasks
Rank 57: Processing 21 tasks
Rank 119: Processing 21 tasks
Rank 63: Processing 21 tasks
Rank 108: Processing 21 tasks
Rank 59: Processing 21 tasks
Rank 103: Processing 21 tasks
Rank 107: Processing 21 tasks
Rank 111: Processing 21 tasks
Rank 29: Completed 1/21 tasks | Runtime: 0:18:01 | ETA: 0:00:00 | Time/step: 10815.6 µs avg, 0.0 µs current
Rank 19: Completed 1/21 tasks | Runtime: 0:18:01 | ETA: 0:00:00 | Time/step: 10817.1 µs avg, 0.0 µs current
Rank 25: Completed 1/21 tasks | Runtime: 0:18:02 | ETA: 0:00:00 | Time/step: 10820.6 µs avg, 0.0 µs current
Rank 20: Completed 1/21 tasks | Runtime: 0:18:02 | ETA: 0:00:00 | Time/step: 10822.7 µs avg, 0.0 µs current
Rank 27: Completed 1/21 tasks | Runtime: 0:18:02 | ETA: 0:00:00 | Time/step: 10826.7 µs avg, 0.0 µs current
Rank 28: Completed 1/21 tasks | Runtime: 0:18:02 | ETA: 0:00:00 | Time/step: 10826.9 µs avg, 0.0 µs current
Rank 26: Completed 1/21 tasks | Runtime: 0:18:04 | ETA: 0:00:00 | Time/step: 10841.1 µs avg, 0.0 µs current
Rank 23: Completed 1/21 tasks | Runtime: 0:18:05 | ETA: 0:00:00 | Time/step: 10856.4 µs avg, 0.0 µs current
Rank 31: Completed 1/21 tasks | Runtime: 0:18:06 | ETA: 0:00:00 | Time/step: 10861.5 µs avg, 0.0 µs current
Rank 30: Completed 1/21 tasks | Runtime: 0:18:06 | ETA: 0:00:00 | Time/step: 10862.7 µs avg, 0.0 µs current
Rank 24: Completed 1/21 tasks | Runtime: 0:18:07 | ETA: 0:00:00 | Time/step: 10872.4 µs avg, 0.0 µs current
Rank 16: Completed 1/21 tasks | Runtime: 0:18:07 | ETA: 0:00:00 | Time/step: 10872.8 µs avg, 0.0 µs current
Rank 17: Completed 1/21 tasks | Runtime: 0:18:07 | ETA: 0:00:00 | Time/step: 10878.1 µs avg, 0.0 µs current
Rank 3: Completed 1/22 tasks | Runtime: 0:18:07 | ETA: 0:00:00 | Time/step: 10878.6 µs avg, 0.0 µs current
Rank 22: Completed 1/21 tasks | Runtime: 0:18:09 | ETA: 0:00:00 | Time/step: 10895.3 µs avg, 0.0 µs current
Rank 9: Completed 1/22 tasks | Runtime: 0:18:09 | ETA: 0:00:00 | Time/step: 10897.2 µs avg, 0.0 µs current
Rank 21: Completed 1/21 tasks | Runtime: 0:18:09 | ETA: 0:00:00 | Time/step: 10899.8 µs avg, 0.0 µs current
Rank 10: Completed 1/22 tasks | Runtime: 0:18:09 | ETA: 0:00:00 | Time/step: 10899.9 µs avg, 0.0 µs current
Rank 12: Completed 1/21 tasks | Runtime: 0:18:10 | ETA: 0:00:00 | Time/step: 10901.7 µs avg, 0.0 µs current
Rank 18: Completed 1/21 tasks | Runtime: 0:18:10 | ETA: 0:00:00 | Time/step: 10902.0 µs avg, 0.0 µs current
Rank 2: Completed 1/22 tasks | Runtime: 0:18:11 | ETA: 0:00:00 | Time/step: 10919.1 µs avg, 0.0 µs current
Rank 13: Completed 1/21 tasks | Runtime: 0:18:12 | ETA: 0:00:00 | Time/step: 10920.6 µs avg, 0.0 µs current
Rank 15: Completed 1/21 tasks | Runtime: 0:18:13 | ETA: 0:00:00 | Time/step: 10932.4 µs avg, 0.0 µs current
Rank 14: Completed 1/21 tasks | Runtime: 0:18:13 | ETA: 0:00:00 | Time/step: 10933.6 µs avg, 0.0 µs current
Rank 124: Completed 1/21 tasks | Runtime: 0:18:13 | ETA: 0:00:00 | Time/step: 10935.4 µs avg, 0.0 µs current
Rank 90: Completed 1/21 tasks | Runtime: 0:18:14 | ETA: 0:00:00 | Time/step: 10941.5 µs avg, 0.0 µs current
Rank 8: Completed 1/22 tasks | Runtime: 0:18:14 | ETA: 0:00:00 | Time/step: 10946.1 µs avg, 0.0 µs current
Rank 125: Completed 1/21 tasks | Runtime: 0:18:14 | ETA: 0:00:00 | Time/step: 10946.2 µs avg, 0.0 µs current
Rank 11: Completed 1/22 tasks | Runtime: 0:18:14 | ETA: 0:00:00 | Time/step: 10947.1 µs avg, 0.0 µs current
Rank 51: Completed 1/21 tasks | Runtime: 0:18:15 | ETA: 0:00:00 | Time/step: 10956.0 µs avg, 0.0 µs current
Rank 116: Completed 1/21 tasks | Runtime: 0:18:15 | ETA: 0:00:00 | Time/step: 10959.3 µs avg, 0.0 µs current
Rank 52: Completed 1/21 tasks | Runtime: 0:18:16 | ETA: 0:00:00 | Time/step: 10961.0 µs avg, 0.0 µs current
Rank 115: Completed 1/21 tasks | Runtime: 0:18:16 | ETA: 0:00:00 | Time/step: 10965.0 µs avg, 0.0 µs current
Rank 58: Completed 1/21 tasks | Runtime: 0:18:16 | ETA: 0:00:00 | Time/step: 10966.8 µs avg, 0.0 µs current
Rank 121: Completed 1/21 tasks | Runtime: 0:18:16 | ETA: 0:00:00 | Time/step: 10967.7 µs avg, 0.0 µs current
Rank 60: Completed 1/21 tasks | Runtime: 0:18:17 | ETA: 0:00:00 | Time/step: 10970.6 µs avg, 0.0 µs current
Rank 6: Completed 1/22 tasks | Runtime: 0:18:17 | ETA: 0:00:00 | Time/step: 10974.5 µs avg, 0.0 µs current
Rank 57: Completed 1/21 tasks | Runtime: 0:18:17 | ETA: 0:00:00 | Time/step: 10975.6 µs avg, 0.0 µs current
Rank 109: Completed 1/21 tasks | Runtime: 0:18:17 | ETA: 0:00:00 | Time/step: 10976.4 µs avg, 0.0 µs current
Rank 53: Completed 1/21 tasks | Runtime: 0:18:17 | ETA: 0:00:00 | Time/step: 10978.7 µs avg, 0.0 µs current
Rank 92: Completed 1/21 tasks | Runtime: 0:18:18 | ETA: 0:00:00 | Time/step: 10980.8 µs avg, 0.0 µs current
Rank 93: Completed 1/21 tasks | Runtime: 0:18:18 | ETA: 0:00:00 | Time/step: 10980.8 µs avg, 0.0 µs current
Rank 84: Completed 1/21 tasks | Runtime: 0:18:18 | ETA: 0:00:00 | Time/step: 10982.7 µs avg, 0.0 µs current
Rank 42: Completed 1/21 tasks | Runtime: 0:18:18 | ETA: 0:00:00 | Time/step: 10983.4 µs avg, 0.0 µs current
Rank 120: Completed 1/21 tasks | Runtime: 0:18:19 | ETA: 0:00:00 | Time/step: 10990.1 µs avg, 0.0 µs current
Rank 123: Completed 1/21 tasks | Runtime: 0:18:19 | ETA: 0:00:00 | Time/step: 10993.0 µs avg, 0.0 µs current
Rank 105: Completed 1/21 tasks | Runtime: 0:18:19 | ETA: 0:00:00 | Time/step: 10993.5 µs avg, 0.0 µs current
Rank 111: Completed 1/21 tasks | Runtime: 0:18:19 | ETA: 0:00:00 | Time/step: 10994.3 µs avg, 0.0 µs current
Rank 50: Completed 1/21 tasks | Runtime: 0:18:19 | ETA: 0:00:00 | Time/step: 10999.0 µs avg, 0.0 µs current
Rank 108: Completed 1/21 tasks | Runtime: 0:18:19 | ETA: 0:00:00 | Time/step: 10999.1 µs avg, 0.0 µs current
Rank 67: Completed 1/21 tasks | Runtime: 0:18:19 | ETA: 0:00:00 | Time/step: 10999.8 µs avg, 0.0 µs current
Rank 106: Completed 1/21 tasks | Runtime: 0:18:20 | ETA: 0:00:00 | Time/step: 11000.5 µs avg, 0.0 µs current
Rank 87: Completed 1/21 tasks | Runtime: 0:18:20 | ETA: 0:00:00 | Time/step: 11005.1 µs avg, 0.0 µs current
Rank 117: Completed 1/21 tasks | Runtime: 0:18:20 | ETA: 0:00:00 | Time/step: 11008.6 µs avg, 0.0 µs current
Rank 122: Completed 1/21 tasks | Runtime: 0:18:20 | ETA: 0:00:00 | Time/step: 11008.9 µs avg, 0.0 µs current
Rank 62: Completed 1/21 tasks | Runtime: 0:18:21 | ETA: 0:00:00 | Time/step: 11010.3 µs avg, 0.0 µs current
Rank 83: Completed 1/21 tasks | Runtime: 0:18:21 | ETA: 0:00:00 | Time/step: 11011.2 µs avg, 0.0 µs current
Rank 88: Completed 1/21 tasks | Runtime: 0:18:21 | ETA: 0:00:00 | Time/step: 11011.3 µs avg, 0.0 µs current
Rank 126: Completed 1/21 tasks | Runtime: 0:18:21 | ETA: 0:00:00 | Time/step: 11014.0 µs avg, 0.0 µs current
Rank 95: Completed 1/21 tasks | Runtime: 0:18:21 | ETA: 0:00:00 | Time/step: 11014.1 µs avg, 0.0 µs current
Rank 45: Completed 1/21 tasks | Runtime: 0:18:21 | ETA: 0:00:00 | Time/step: 11015.3 µs avg, 0.0 µs current
Rank 68: Completed 1/21 tasks | Runtime: 0:18:21 | ETA: 0:00:00 | Time/step: 11016.7 µs avg, 0.0 µs current
Rank 59: Completed 1/21 tasks | Runtime: 0:18:21 | ETA: 0:00:00 | Time/step: 11016.7 µs avg, 0.0 µs current
Rank 56: Completed 1/21 tasks | Runtime: 0:18:21 | ETA: 0:00:00 | Time/step: 11017.0 µs avg, 0.0 µs current
Rank 55: Completed 1/21 tasks | Runtime: 0:18:21 | ETA: 0:00:00 | Time/step: 11017.2 µs avg, 0.0 µs current
Rank 74: Completed 1/21 tasks | Runtime: 0:18:21 | ETA: 0:00:00 | Time/step: 11018.0 µs avg, 0.0 µs current
Rank 82: Completed 1/21 tasks | Runtime: 0:18:22 | ETA: 0:00:00 | Time/step: 11020.3 µs avg, 0.0 µs current
Rank 63: Completed 1/21 tasks | Runtime: 0:18:22 | ETA: 0:00:00 | Time/step: 11022.0 µs avg, 0.0 µs current
Rank 94: Completed 1/21 tasks | Runtime: 0:18:22 | ETA: 0:00:00 | Time/step: 11022.0 µs avg, 0.0 µs current
Rank 112: Completed 1/21 tasks | Runtime: 0:18:22 | ETA: 0:00:00 | Time/step: 11023.4 µs avg, 0.0 µs current
Rank 61: Completed 1/21 tasks | Runtime: 0:18:22 | ETA: 0:00:00 | Time/step: 11023.4 µs avg, 0.0 µs current
Rank 48: Completed 1/21 tasks | Runtime: 0:18:22 | ETA: 0:00:00 | Time/step: 11024.0 µs avg, 0.0 µs current
Rank 127: Completed 1/21 tasks | Runtime: 0:18:22 | ETA: 0:00:00 | Time/step: 11026.2 µs avg, 0.0 µs current
Rank 119: Completed 1/21 tasks | Runtime: 0:18:22 | ETA: 0:00:00 | Time/step: 11026.3 µs avg, 0.0 µs current
Rank 85: Completed 1/21 tasks | Runtime: 0:18:22 | ETA: 0:00:00 | Time/step: 11026.7 µs avg, 0.0 µs current
Rank 96: Completed 1/21 tasks | Runtime: 0:18:22 | ETA: 0:00:00 | Time/step: 11027.9 µs avg, 0.0 µs current
Rank 113: Completed 1/21 tasks | Runtime: 0:18:23 | ETA: 0:00:00 | Time/step: 11031.8 µs avg, 0.0 µs current
Rank 44: Completed 1/21 tasks | Runtime: 0:18:23 | ETA: 0:00:00 | Time/step: 11034.7 µs avg, 0.0 µs current
Rank 89: Completed 1/21 tasks | Runtime: 0:18:23 | ETA: 0:00:00 | Time/step: 11035.1 µs avg, 0.0 µs current
Rank 69: Completed 1/21 tasks | Runtime: 0:18:23 | ETA: 0:00:00 | Time/step: 11035.9 µs avg, 0.0 µs current
Rank 103: Completed 1/21 tasks | Runtime: 0:18:23 | ETA: 0:00:00 | Time/step: 11036.3 µs avg, 0.0 µs current
Rank 49: Completed 1/21 tasks | Runtime: 0:18:23 | ETA: 0:00:00 | Time/step: 11037.1 µs avg, 0.0 µs current
Rank 35: Completed 1/21 tasks | Runtime: 0:18:24 | ETA: 0:00:00 | Time/step: 11040.2 µs avg, 0.0 µs current
Rank 41: Completed 1/21 tasks | Runtime: 0:18:24 | ETA: 0:00:00 | Time/step: 11040.3 µs avg, 0.0 µs current
Rank 118: Completed 1/21 tasks | Runtime: 0:18:24 | ETA: 0:00:00 | Time/step: 11041.3 µs avg, 0.0 µs current
Rank 66: Completed 1/21 tasks | Runtime: 0:18:24 | ETA: 0:00:00 | Time/step: 11043.8 µs avg, 0.0 µs current
Rank 81: Completed 1/21 tasks | Runtime: 0:18:24 | ETA: 0:00:00 | Time/step: 11044.9 µs avg, 0.0 µs current
Rank 91: Completed 1/21 tasks | Runtime: 0:18:24 | ETA: 0:00:00 | Time/step: 11045.0 µs avg, 0.0 µs current
Rank 80: Completed 1/21 tasks | Runtime: 0:18:24 | ETA: 0:00:00 | Time/step: 11047.7 µs avg, 0.0 µs current
Rank 104: Completed 1/21 tasks | Runtime: 0:18:25 | ETA: 0:00:00 | Time/step: 11051.3 µs avg, 0.0 µs current
Rank 107: Completed 1/21 tasks | Runtime: 0:18:25 | ETA: 0:00:00 | Time/step: 11052.8 µs avg, 0.0 µs current
Rank 114: Completed 1/21 tasks | Runtime: 0:18:25 | ETA: 0:00:00 | Time/step: 11053.4 µs avg, 0.0 µs current
Rank 47: Completed 1/21 tasks | Runtime: 0:18:25 | ETA: 0:00:00 | Time/step: 11054.2 µs avg, 0.0 µs current
Rank 78: Completed 1/21 tasks | Runtime: 0:18:25 | ETA: 0:00:00 | Time/step: 11056.8 µs avg, 0.0 µs current
Rank 101: Completed 1/21 tasks | Runtime: 0:18:25 | ETA: 0:00:00 | Time/step: 11058.5 µs avg, 0.0 µs current
Rank 76: Completed 1/21 tasks | Runtime: 0:18:25 | ETA: 0:00:00 | Time/step: 11059.3 µs avg, 0.0 µs current
Rank 54: Completed 1/21 tasks | Runtime: 0:18:25 | ETA: 0:00:00 | Time/step: 11059.7 µs avg, 0.0 µs current
Rank 34: Completed 1/21 tasks | Runtime: 0:18:26 | ETA: 0:00:00 | Time/step: 11060.4 µs avg, 0.0 µs current
Rank 97: Completed 1/21 tasks | Runtime: 0:18:26 | ETA: 0:00:00 | Time/step: 11061.9 µs avg, 0.0 µs current
Rank 86: Completed 1/21 tasks | Runtime: 0:18:26 | ETA: 0:00:00 | Time/step: 11067.6 µs avg, 0.0 µs current
Rank 79: Completed 1/21 tasks | Runtime: 0:18:26 | ETA: 0:00:00 | Time/step: 11067.8 µs avg, 0.0 µs current
Rank 77: Completed 1/21 tasks | Runtime: 0:18:26 | ETA: 0:00:00 | Time/step: 11068.2 µs avg, 0.0 µs current
Rank 75: Completed 1/21 tasks | Runtime: 0:18:26 | ETA: 0:00:00 | Time/step: 11068.7 µs avg, 0.0 µs current
Rank 39: Completed 1/21 tasks | Runtime: 0:18:26 | ETA: 0:00:00 | Time/step: 11068.8 µs avg, 0.0 µs current
Rank 72: Completed 1/21 tasks | Runtime: 0:18:26 | ETA: 0:00:00 | Time/step: 11069.4 µs avg, 0.0 µs current
Rank 46: Completed 1/21 tasks | Runtime: 0:18:27 | ETA: 0:00:00 | Time/step: 11075.8 µs avg, 0.0 µs current
Rank 33: Completed 1/21 tasks | Runtime: 0:18:27 | ETA: 0:00:00 | Time/step: 11079.3 µs avg, 0.0 µs current
Rank 110: Completed 1/21 tasks | Runtime: 0:18:28 | ETA: 0:00:00 | Time/step: 11083.7 µs avg, 0.0 µs current
Rank 43: Completed 1/21 tasks | Runtime: 0:18:28 | ETA: 0:00:00 | Time/step: 11086.6 µs avg, 0.0 µs current
Rank 65: Completed 1/21 tasks | Runtime: 0:18:33 | ETA: 0:00:00 | Time/step: 11137.9 µs avg, 0.0 µs current
Rank 7: Completed 1/22 tasks | Runtime: 0:18:49 | ETA: 0:00:00 | Time/step: 11294.6 µs avg, 0.0 µs current
Rank 98: Completed 1/21 tasks | Runtime: 0:18:51 | ETA: 0:00:00 | Time/step: 11310.8 µs avg, 0.0 µs current
Rank 32: Completed 1/21 tasks | Runtime: 0:18:57 | ETA: 0:00:00 | Time/step: 11378.2 µs avg, 0.0 µs current
Rank 73: Completed 1/21 tasks | Runtime: 0:19:01 | ETA: 0:00:00 | Time/step: 11410.3 µs avg, 0.0 µs current
Rank 4: Completed 1/22 tasks | Runtime: 0:19:19 | ETA: 0:00:00 | Time/step: 11597.7 µs avg, 0.0 µs current
Rank 36: Completed 1/21 tasks | Runtime: 0:19:28 | ETA: 0:00:00 | Time/step: 11688.8 µs avg, 0.0 µs current
Rank 102: Completed 1/21 tasks | Runtime: 0:19:35 | ETA: 0:00:00 | Time/step: 11759.5 µs avg, 0.0 µs current
Rank 64: Completed 1/21 tasks | Runtime: 0:19:45 | ETA: 0:00:00 | Time/step: 11851.4 µs avg, 0.0 µs current
Rank 99: Completed 1/21 tasks | Runtime: 0:20:00 | ETA: 0:00:00 | Time/step: 12005.1 µs avg, 0.0 µs current
Rank 5: Completed 1/22 tasks | Runtime: 0:20:02 | ETA: 0:00:00 | Time/step: 12027.4 µs avg, 0.0 µs current
Rank 40: Completed 1/21 tasks | Runtime: 0:20:11 | ETA: 0:00:00 | Time/step: 12110.0 µs avg, 0.0 µs current
Rank 70: Completed 1/21 tasks | Runtime: 0:20:23 | ETA: 0:00:00 | Time/step: 12233.3 µs avg, 0.0 µs current
Rank 0: Completed 1/22 tasks | Runtime: 0:20:39 | ETA: 0:00:00 | Time/step: 12390.6 µs avg, 0.0 µs current
Rank 100: Completed 1/21 tasks | Runtime: 0:20:39 | ETA: 0:00:00 | Time/step: 12392.1 µs avg, 0.0 µs current
Rank 37: Completed 1/21 tasks | Runtime: 0:20:48 | ETA: 0:00:00 | Time/step: 12488.2 µs avg, 0.0 µs current
Rank 71: Completed 1/21 tasks | Runtime: 0:20:54 | ETA: 0:00:00 | Time/step: 12549.0 µs avg, 0.0 µs current
Rank 1: Completed 1/22 tasks | Runtime: 0:21:15 | ETA: 0:00:00 | Time/step: 12751.8 µs avg, 0.0 µs current
Rank 38: Completed 1/21 tasks | Runtime: 0:21:34 | ETA: 0:00:00 | Time/step: 12941.6 µs avg, 0.0 µs current
Rank 19: Completed 11/21 tasks | Runtime: 3:17:38 | ETA: 2:59:36 | Time/step: 10780.1 µs avg, 10776.4 µs current
Rank 28: Completed 11/21 tasks | Runtime: 3:17:52 | ETA: 2:59:49 | Time/step: 10792.8 µs avg, 10789.3 µs current
Rank 23: Completed 11/21 tasks | Runtime: 3:18:41 | ETA: 3:00:35 | Time/step: 10837.8 µs avg, 10835.9 µs current
Rank 26: Completed 11/21 tasks | Runtime: 3:18:59 | ETA: 3:00:55 | Time/step: 10854.5 µs avg, 10855.8 µs current
Rank 31: Completed 11/21 tasks | Runtime: 3:19:17 | ETA: 3:01:11 | Time/step: 10870.8 µs avg, 10871.7 µs current
Rank 16: Completed 11/21 tasks | Runtime: 3:19:32 | ETA: 3:01:25 | Time/step: 10884.4 µs avg, 10885.6 µs current
Rank 125: Completed 11/21 tasks | Runtime: 3:19:55 | ETA: 3:01:41 | Time/step: 10905.4 µs avg, 10901.3 µs current
Rank 25: Completed 11/21 tasks | Runtime: 3:19:56 | ETA: 3:01:54 | Time/step: 10906.3 µs avg, 10914.9 µs current
Rank 4: Completed 11/22 tasks | Runtime: 3:19:58 | ETA: 3:18:42 | Time/step: 10907.9 µs avg, 10838.9 µs current
Rank 27: Completed 11/21 tasks | Runtime: 3:20:03 | ETA: 3:02:00 | Time/step: 10912.3 µs avg, 10920.9 µs current
Rank 20: Completed 11/21 tasks | Runtime: 3:20:03 | ETA: 3:02:01 | Time/step: 10912.5 µs avg, 10921.4 µs current
Rank 3: Completed 11/22 tasks | Runtime: 3:20:10 | ETA: 3:20:15 | Time/step: 10918.9 µs avg, 10922.9 µs current
Rank 24: Completed 11/21 tasks | Runtime: 3:20:17 | ETA: 3:02:09 | Time/step: 10924.6 µs avg, 10929.9 µs current
Rank 30: Completed 11/21 tasks | Runtime: 3:20:21 | ETA: 3:02:15 | Time/step: 10928.9 µs avg, 10935.5 µs current
Rank 124: Completed 11/21 tasks | Runtime: 3:20:34 | ETA: 3:02:21 | Time/step: 10940.6 µs avg, 10941.1 µs current
Rank 15: Completed 11/21 tasks | Runtime: 3:20:42 | ETA: 3:02:29 | Time/step: 10947.9 µs avg, 10949.5 µs current
Rank 115: Completed 11/21 tasks | Runtime: 3:20:45 | ETA: 3:02:28 | Time/step: 10950.2 µs avg, 10948.8 µs current
Rank 29: Completed 11/21 tasks | Runtime: 3:20:51 | ETA: 3:02:50 | Time/step: 10956.1 µs avg, 10970.2 µs current
Rank 122: Completed 11/21 tasks | Runtime: 3:20:52 | ETA: 3:02:31 | Time/step: 10957.1 µs avg, 10951.9 µs current
Rank 42: Completed 11/21 tasks | Runtime: 3:20:55 | ETA: 3:02:37 | Time/step: 10959.4 µs avg, 10957.0 µs current
Rank 67: Completed 11/21 tasks | Runtime: 3:20:56 | ETA: 3:02:36 | Time/step: 10960.6 µs avg, 10956.6 µs current
Rank 22: Completed 11/21 tasks | Runtime: 3:20:57 | ETA: 3:02:47 | Time/step: 10961.3 µs avg, 10967.8 µs current
Rank 8: Completed 11/22 tasks | Runtime: 3:21:13 | ETA: 3:21:16 | Time/step: 10975.6 µs avg, 10978.5 µs current
Rank 48: Completed 11/21 tasks | Runtime: 3:21:17 | ETA: 3:02:55 | Time/step: 10979.5 µs avg, 10975.1 µs current
Rank 116: Completed 11/21 tasks | Runtime: 3:21:29 | ETA: 3:03:13 | Time/step: 10990.7 µs avg, 10993.8 µs current
Rank 81: Completed 11/21 tasks | Runtime: 3:21:34 | ETA: 3:03:09 | Time/step: 10995.0 µs avg, 10990.0 µs current
Rank 109: Completed 11/21 tasks | Runtime: 3:21:36 | ETA: 3:03:18 | Time/step: 10996.5 µs avg, 10998.5 µs current
Rank 18: Completed 11/21 tasks | Runtime: 3:21:36 | ETA: 3:03:26 | Time/step: 10996.9 µs avg, 11006.4 µs current
Rank 89: Completed 11/21 tasks | Runtime: 3:21:38 | ETA: 3:03:15 | Time/step: 10999.0 µs avg, 10995.4 µs current
Rank 94: Completed 11/21 tasks | Runtime: 3:21:40 | ETA: 3:03:18 | Time/step: 11000.9 µs avg, 10998.8 µs current
Rank 84: Completed 11/21 tasks | Runtime: 3:21:42 | ETA: 3:03:24 | Time/step: 11002.7 µs avg, 11004.7 µs current
Rank 58: Completed 11/21 tasks | Runtime: 3:21:43 | ETA: 3:03:26 | Time/step: 11003.1 µs avg, 11006.7 µs current
Rank 9: Completed 11/22 tasks | Runtime: 3:21:43 | ETA: 3:21:55 | Time/step: 11003.3 µs avg, 11013.9 µs current
Rank 60: Completed 11/21 tasks | Runtime: 3:21:44 | ETA: 3:03:27 | Time/step: 11003.7 µs avg, 11007.0 µs current
Rank 21: Completed 11/21 tasks | Runtime: 3:21:46 | ETA: 3:03:36 | Time/step: 11005.7 µs avg, 11016.2 µs current
Rank 45: Completed 11/21 tasks | Runtime: 3:21:46 | ETA: 3:03:25 | Time/step: 11006.0 µs avg, 11005.0 µs current
Rank 56: Completed 11/21 tasks | Runtime: 3:21:46 | ETA: 3:03:25 | Time/step: 11006.1 µs avg, 11005.0 µs current
Rank 117: Completed 11/21 tasks | Runtime: 3:21:46 | ETA: 3:03:26 | Time/step: 11006.3 µs avg, 11006.1 µs current
Rank 36: Completed 11/21 tasks | Runtime: 3:21:47 | ETA: 3:02:18 | Time/step: 11006.8 µs avg, 10938.6 µs current
Rank 62: Completed 11/21 tasks | Runtime: 3:21:47 | ETA: 3:03:26 | Time/step: 11006.9 µs avg, 11006.6 µs current
Rank 55: Completed 11/21 tasks | Runtime: 3:21:48 | ETA: 3:03:26 | Time/step: 11007.3 µs avg, 11006.4 µs current
Rank 127: Completed 11/21 tasks | Runtime: 3:21:48 | ETA: 3:03:25 | Time/step: 11007.4 µs avg, 11005.5 µs current
Rank 95: Completed 11/21 tasks | Runtime: 3:21:58 | ETA: 3:03:36 | Time/step: 11016.7 µs avg, 11017.0 µs current
Rank 13: Completed 11/21 tasks | Runtime: 3:22:01 | ETA: 3:03:49 | Time/step: 11020.0 µs avg, 11029.9 µs current
Rank 92: Completed 11/21 tasks | Runtime: 3:22:05 | ETA: 3:03:46 | Time/step: 11022.8 µs avg, 11027.0 µs current
Rank 51: Completed 11/21 tasks | Runtime: 3:22:06 | ETA: 3:03:50 | Time/step: 11023.8 µs avg, 11030.5 µs current
Rank 83: Completed 11/21 tasks | Runtime: 3:22:06 | ETA: 3:03:45 | Time/step: 11024.3 µs avg, 11025.6 µs current
Rank 120: Completed 11/21 tasks | Runtime: 3:22:07 | ETA: 3:03:48 | Time/step: 11025.3 µs avg, 11028.8 µs current
Rank 14: Completed 11/21 tasks | Runtime: 3:22:11 | ETA: 3:03:58 | Time/step: 11029.0 µs avg, 11038.5 µs current
Rank 33: Completed 11/21 tasks | Runtime: 3:22:19 | ETA: 3:03:51 | Time/step: 11035.8 µs avg, 11031.5 µs current
Rank 63: Completed 11/21 tasks | Runtime: 3:22:23 | ETA: 3:04:01 | Time/step: 11039.8 µs avg, 11041.6 µs current
Rank 91: Completed 11/21 tasks | Runtime: 3:22:28 | ETA: 3:04:04 | Time/step: 11044.4 µs avg, 11044.4 µs current
Rank 110: Completed 11/21 tasks | Runtime: 3:22:30 | ETA: 3:04:02 | Time/step: 11046.3 µs avg, 11042.6 µs current
Rank 121: Completed 11/21 tasks | Runtime: 3:22:31 | ETA: 3:04:14 | Time/step: 11046.9 µs avg, 11054.8 µs current
Rank 87: Completed 11/21 tasks | Runtime: 3:22:33 | ETA: 3:04:12 | Time/step: 11048.6 µs avg, 11053.0 µs current
Rank 10: Completed 11/22 tasks | Runtime: 3:22:34 | ETA: 3:22:51 | Time/step: 11049.6 µs avg, 11064.6 µs current
Rank 7: Completed 11/22 tasks | Runtime: 3:22:38 | ETA: 3:22:11 | Time/step: 11052.9 µs avg, 11028.8 µs current
Rank 5: Completed 11/22 tasks | Runtime: 3:22:38 | ETA: 3:20:51 | Time/step: 11053.0 µs avg, 10955.5 µs current
Rank 90: Completed 11/21 tasks | Runtime: 3:22:39 | ETA: 3:04:25 | Time/step: 11054.4 µs avg, 11065.7 µs current
Rank 76: Completed 11/21 tasks | Runtime: 3:22:41 | ETA: 3:04:15 | Time/step: 11056.2 µs avg, 11055.9 µs current
Rank 106: Completed 11/21 tasks | Runtime: 3:22:42 | ETA: 3:04:22 | Time/step: 11057.0 µs avg, 11062.6 µs current
Rank 99: Completed 11/21 tasks | Runtime: 3:22:42 | ETA: 3:02:42 | Time/step: 11057.2 µs avg, 10962.4 µs current
Rank 69: Completed 11/21 tasks | Runtime: 3:22:43 | ETA: 3:04:19 | Time/step: 11057.3 µs avg, 11059.5 µs current
Rank 53: Completed 11/21 tasks | Runtime: 3:22:45 | ETA: 3:04:28 | Time/step: 11059.9 µs avg, 11068.1 µs current
Rank 44: Completed 11/21 tasks | Runtime: 3:22:53 | ETA: 3:04:29 | Time/step: 11066.6 µs avg, 11069.8 µs current
Rank 111: Completed 11/21 tasks | Runtime: 3:22:57 | ETA: 3:04:37 | Time/step: 11070.1 µs avg, 11077.6 µs current
Rank 61: Completed 11/21 tasks | Runtime: 3:23:02 | ETA: 3:04:39 | Time/step: 11074.6 µs avg, 11079.8 µs current
Rank 86: Completed 11/21 tasks | Runtime: 3:23:02 | ETA: 3:04:35 | Time/step: 11074.7 µs avg, 11075.4 µs current
Rank 12: Completed 11/21 tasks | Runtime: 3:23:02 | ETA: 3:04:52 | Time/step: 11075.2 µs avg, 11092.6 µs current
Rank 93: Completed 11/21 tasks | Runtime: 3:23:03 | ETA: 3:04:45 | Time/step: 11075.6 µs avg, 11085.0 µs current
Rank 112: Completed 11/21 tasks | Runtime: 3:23:03 | ETA: 3:04:41 | Time/step: 11076.3 µs avg, 11081.6 µs current
Rank 6: Completed 11/22 tasks | Runtime: 3:23:11 | ETA: 3:23:23 | Time/step: 11083.3 µs avg, 11094.2 µs current
Rank 123: Completed 11/21 tasks | Runtime: 3:23:14 | ETA: 3:04:55 | Time/step: 11086.0 µs avg, 11095.3 µs current
Rank 1: Completed 11/22 tasks | Runtime: 3:23:19 | ETA: 3:20:17 | Time/step: 11090.8 µs avg, 10924.6 µs current
Rank 57: Completed 11/21 tasks | Runtime: 3:23:31 | ETA: 3:05:14 | Time/step: 11101.6 µs avg, 11114.2 µs current
Rank 2: Completed 11/22 tasks | Runtime: 3:23:32 | ETA: 3:23:52 | Time/step: 11102.5 µs avg, 11120.8 µs current
Rank 68: Completed 11/21 tasks | Runtime: 3:23:33 | ETA: 3:05:11 | Time/step: 11103.3 µs avg, 11111.9 µs current
Rank 88: Completed 11/21 tasks | Runtime: 3:23:36 | ETA: 3:05:15 | Time/step: 11106.3 µs avg, 11115.8 µs current
Rank 82: Completed 11/21 tasks | Runtime: 3:23:39 | ETA: 3:05:17 | Time/step: 11108.6 µs avg, 11117.4 µs current
Rank 34: Completed 11/21 tasks | Runtime: 3:23:41 | ETA: 3:05:15 | Time/step: 11110.1 µs avg, 11115.1 µs current
Rank 102: Completed 11/21 tasks | Runtime: 3:23:42 | ETA: 3:04:06 | Time/step: 11111.3 µs avg, 11046.5 µs current
Rank 64: Completed 11/21 tasks | Runtime: 3:23:45 | ETA: 3:04:00 | Time/step: 11114.1 µs avg, 11040.4 µs current
Rank 0: Completed 11/22 tasks | Runtime: 3:23:51 | ETA: 3:21:31 | Time/step: 11119.1 µs avg, 10992.0 µs current
Rank 52: Completed 11/21 tasks | Runtime: 3:23:52 | ETA: 3:05:35 | Time/step: 11120.1 µs avg, 11136.0 µs current
Rank 41: Completed 11/21 tasks | Runtime: 3:23:52 | ETA: 3:05:28 | Time/step: 11120.9 µs avg, 11128.9 µs current
Rank 11: Completed 11/22 tasks | Runtime: 3:23:53 | ETA: 3:24:12 | Time/step: 11121.0 µs avg, 11138.4 µs current
Rank 50: Completed 11/21 tasks | Runtime: 3:23:54 | ETA: 3:05:34 | Time/step: 11122.0 µs avg, 11134.3 µs current
Rank 59: Completed 11/21 tasks | Runtime: 3:23:57 | ETA: 3:05:35 | Time/step: 11124.9 µs avg, 11135.7 µs current
Rank 96: Completed 11/21 tasks | Runtime: 3:24:01 | ETA: 3:05:38 | Time/step: 11128.2 µs avg, 11138.2 µs current
Rank 40: Completed 11/21 tasks | Runtime: 3:24:01 | ETA: 3:03:50 | Time/step: 11128.7 µs avg, 11030.6 µs current
Rank 119: Completed 11/21 tasks | Runtime: 3:24:01 | ETA: 3:05:38 | Time/step: 11128.7 µs avg, 11138.9 µs current
Rank 85: Completed 11/21 tasks | Runtime: 3:24:10 | ETA: 3:05:47 | Time/step: 11136.5 µs avg, 11147.5 µs current
Rank 114: Completed 11/21 tasks | Runtime: 3:24:12 | ETA: 3:05:46 | Time/step: 11138.2 µs avg, 11146.7 µs current
Rank 126: Completed 11/21 tasks | Runtime: 3:24:12 | ETA: 3:05:50 | Time/step: 11138.3 µs avg, 11150.8 µs current
Rank 98: Completed 11/21 tasks | Runtime: 3:24:15 | ETA: 3:05:23 | Time/step: 11140.9 µs avg, 11123.9 µs current
Rank 118: Completed 11/21 tasks | Runtime: 3:24:22 | ETA: 3:05:57 | Time/step: 11147.3 µs avg, 11157.9 µs current
Rank 47: Completed 11/21 tasks | Runtime: 3:24:25 | ETA: 3:05:59 | Time/step: 11150.3 µs avg, 11159.9 µs current
Rank 17: Completed 11/21 tasks | Runtime: 3:24:27 | ETA: 3:06:19 | Time/step: 11152.2 µs avg, 11179.7 µs current
Rank 73: Completed 11/21 tasks | Runtime: 3:24:29 | ETA: 3:05:28 | Time/step: 11153.9 µs avg, 11128.3 µs current
Rank 65: Completed 11/21 tasks | Runtime: 3:24:30 | ETA: 3:05:56 | Time/step: 11154.8 µs avg, 11156.4 µs current
Rank 113: Completed 11/21 tasks | Runtime: 3:24:30 | ETA: 3:06:07 | Time/step: 11154.9 µs avg, 11167.3 µs current
Rank 80: Completed 11/21 tasks | Runtime: 3:24:31 | ETA: 3:06:06 | Time/step: 11155.8 µs avg, 11166.6 µs current
Rank 46: Completed 11/21 tasks | Runtime: 3:24:38 | ETA: 3:06:10 | Time/step: 11162.1 µs avg, 11170.7 µs current
Rank 39: Completed 11/21 tasks | Runtime: 3:24:39 | ETA: 3:06:12 | Time/step: 11163.4 µs avg, 11172.9 µs current
Rank 100: Completed 11/21 tasks | Runtime: 3:24:43 | ETA: 3:04:03 | Time/step: 11166.4 µs avg, 11043.8 µs current
Rank 32: Completed 11/21 tasks | Runtime: 3:24:56 | ETA: 3:05:58 | Time/step: 11178.9 µs avg, 11159.0 µs current
Rank 101: Completed 11/21 tasks | Runtime: 3:24:58 | ETA: 3:06:32 | Time/step: 11180.3 µs avg, 11192.4 µs current
Rank 104: Completed 11/21 tasks | Runtime: 3:24:59 | ETA: 3:06:34 | Time/step: 11181.2 µs avg, 11194.2 µs current
Rank 97: Completed 11/21 tasks | Runtime: 3:25:04 | ETA: 3:06:37 | Time/step: 11185.5 µs avg, 11197.8 µs current
Rank 72: Completed 11/21 tasks | Runtime: 3:25:10 | ETA: 3:06:43 | Time/step: 11191.0 µs avg, 11203.2 µs current
Rank 103: Completed 11/21 tasks | Runtime: 3:25:16 | ETA: 3:06:53 | Time/step: 11197.3 µs avg, 11213.4 µs current
Rank 105: Completed 11/21 tasks | Runtime: 3:25:18 | ETA: 3:06:58 | Time/step: 11198.3 µs avg, 11218.8 µs current
Rank 77: Completed 11/21 tasks | Runtime: 3:25:21 | ETA: 3:06:54 | Time/step: 11201.6 µs avg, 11214.9 µs current
Rank 35: Completed 11/21 tasks | Runtime: 3:25:25 | ETA: 3:07:01 | Time/step: 11205.3 µs avg, 11221.8 µs current
Rank 49: Completed 11/21 tasks | Runtime: 3:25:26 | ETA: 3:07:03 | Time/step: 11206.2 µs avg, 11223.2 µs current
Rank 75: Completed 11/21 tasks | Runtime: 3:25:38 | ETA: 3:07:11 | Time/step: 11216.8 µs avg, 11231.6 µs current
Rank 74: Completed 11/21 tasks | Runtime: 3:25:41 | ETA: 3:07:20 | Time/step: 11219.9 µs avg, 11240.1 µs current
Rank 79: Completed 11/21 tasks | Runtime: 3:25:49 | ETA: 3:07:22 | Time/step: 11226.7 µs avg, 11242.5 µs current
Rank 70: Completed 11/21 tasks | Runtime: 3:25:54 | ETA: 3:05:30 | Time/step: 11231.1 µs avg, 11130.9 µs current
Rank 37: Completed 11/21 tasks | Runtime: 3:25:59 | ETA: 3:05:10 | Time/step: 11235.7 µs avg, 11110.5 µs current
Rank 66: Completed 11/21 tasks | Runtime: 3:26:12 | ETA: 3:07:48 | Time/step: 11247.9 µs avg, 11268.3 µs current
Rank 108: Completed 11/21 tasks | Runtime: 3:26:18 | ETA: 3:07:59 | Time/step: 11253.6 µs avg, 11279.1 µs current
Rank 107: Completed 11/21 tasks | Runtime: 3:26:27 | ETA: 3:08:02 | Time/step: 11261.5 µs avg, 11282.4 µs current
Rank 71: Completed 11/21 tasks | Runtime: 3:26:35 | ETA: 3:05:40 | Time/step: 11268.6 µs avg, 11140.5 µs current
Rank 78: Completed 11/21 tasks | Runtime: 3:26:45 | ETA: 3:08:20 | Time/step: 11278.1 µs avg, 11300.2 µs current
Rank 54: Completed 11/21 tasks | Runtime: 3:26:48 | ETA: 3:08:22 | Time/step: 11280.8 µs avg, 11302.9 µs current
Rank 43: Completed 11/21 tasks | Runtime: 3:26:57 | ETA: 3:08:28 | Time/step: 11288.6 µs avg, 11308.8 µs current
Rank 38: Completed 11/21 tasks | Runtime: 3:27:04 | ETA: 3:05:30 | Time/step: 11295.2 µs avg, 11130.6 µs current
Rank 19: Completed 21/21 tasks | Runtime: 6:21:18 | ETA: 0:00:00 | Time/step: 10894.6 µs avg, 11020.5 µs current
Rank 3: Completed 21/22 tasks | Runtime: 6:21:21 | ETA: 0:18:07 | Time/step: 10896.0 µs avg, 10870.9 µs current
Rank 20: Completed 21/21 tasks | Runtime: 6:21:35 | ETA: 0:00:00 | Time/step: 10902.6 µs avg, 10891.7 µs current
Rank 28: Completed 21/21 tasks | Runtime: 6:21:47 | ETA: 0:00:00 | Time/step: 10908.1 µs avg, 11035.1 µs current
Rank 25: Completed 21/21 tasks | Runtime: 6:21:48 | ETA: 0:00:00 | Time/step: 10909.0 µs avg, 10911.9 µs current
Rank 26: Completed 21/21 tasks | Runtime: 6:21:55 | ETA: 0:00:00 | Time/step: 10912.1 µs avg, 10975.5 µs current
Rank 27: Completed 21/21 tasks | Runtime: 6:22:04 | ETA: 0:00:00 | Time/step: 10916.5 µs avg, 10921.2 µs current
Rank 30: Completed 21/21 tasks | Runtime: 6:22:08 | ETA: 0:00:00 | Time/step: 10918.4 µs avg, 10906.9 µs current
Rank 31: Completed 21/21 tasks | Runtime: 6:22:13 | ETA: 0:00:00 | Time/step: 10920.5 µs avg, 10975.3 µs current
Rank 4: Completed 21/22 tasks | Runtime: 6:22:47 | ETA: 0:18:16 | Time/step: 10936.7 µs avg, 10968.4 µs current
Rank 13: Completed 21/21 tasks | Runtime: 6:22:58 | ETA: 0:00:00 | Time/step: 10942.1 µs avg, 10856.5 µs current
Rank 18: Completed 21/21 tasks | Runtime: 6:23:02 | ETA: 0:00:00 | Time/step: 10944.0 µs avg, 10885.8 µs current
Rank 22: Completed 21/21 tasks | Runtime: 6:23:02 | ETA: 0:00:00 | Time/step: 10944.2 µs avg, 10925.5 µs current
Rank 23: Completed 21/21 tasks | Runtime: 6:23:03 | ETA: 0:00:00 | Time/step: 10944.7 µs avg, 11062.3 µs current
Rank 29: Completed 21/21 tasks | Runtime: 6:23:36 | ETA: 0:00:00 | Time/step: 10960.2 µs avg, 10964.7 µs current
Rank 24: Completed 21/21 tasks | Runtime: 6:23:38 | ETA: 0:00:00 | Time/step: 10961.0 µs avg, 11001.0 µs current
Rank 12: Completed 21/21 tasks | Runtime: 6:23:54 | ETA: 0:00:00 | Time/step: 10968.9 µs avg, 10851.9 µs current
Rank 9: Completed 21/22 tasks | Runtime: 6:23:56 | ETA: 0:18:13 | Time/step: 10969.9 µs avg, 10933.1 µs current
Rank 16: Completed 21/21 tasks | Runtime: 6:23:58 | ETA: 0:00:00 | Time/step: 10970.8 µs avg, 11065.9 µs current
Rank 15: Completed 21/21 tasks | Runtime: 6:24:05 | ETA: 0:00:00 | Time/step: 10974.2 µs avg, 11003.0 µs current
Rank 125: Completed 21/21 tasks | Runtime: 6:24:12 | ETA: 0:00:00 | Time/step: 10977.4 µs avg, 11056.7 µs current
Rank 5: Completed 21/22 tasks | Runtime: 6:24:16 | ETA: 0:18:09 | Time/step: 10979.2 µs avg, 10898.0 µs current
Rank 21: Completed 21/21 tasks | Runtime: 6:24:19 | ETA: 0:00:00 | Time/step: 10980.5 µs avg, 10952.8 µs current
Rank 60: Completed 21/21 tasks | Runtime: 6:24:27 | ETA: 0:00:00 | Time/step: 10984.5 µs avg, 10963.4 µs current
Rank 42: Completed 21/21 tasks | Runtime: 6:24:30 | ETA: 0:00:00 | Time/step: 10985.9 µs avg, 11015.0 µs current
Rank 117: Completed 21/21 tasks | Runtime: 6:24:31 | ETA: 0:00:00 | Time/step: 10986.4 µs avg, 10964.6 µs current
Rank 99: Completed 21/21 tasks | Runtime: 6:24:32 | ETA: 0:00:00 | Time/step: 10987.1 µs avg, 10909.9 µs current
Rank 124: Completed 21/21 tasks | Runtime: 6:24:35 | ETA: 0:00:00 | Time/step: 10988.5 µs avg, 11041.2 µs current
Rank 17: Completed 21/21 tasks | Runtime: 6:24:45 | ETA: 0:00:00 | Time/step: 10993.0 µs avg, 10817.8 µs current
Rank 6: Completed 21/22 tasks | Runtime: 6:24:46 | ETA: 0:18:09 | Time/step: 10993.5 µs avg, 10894.6 µs current
Rank 10: Completed 21/22 tasks | Runtime: 6:24:52 | ETA: 0:18:13 | Time/step: 10996.6 µs avg, 10938.3 µs current
Rank 8: Completed 21/22 tasks | Runtime: 6:24:54 | ETA: 0:18:22 | Time/step: 10997.3 µs avg, 11021.1 µs current
Rank 2: Completed 21/22 tasks | Runtime: 6:24:57 | ETA: 0:18:08 | Time/step: 10998.8 µs avg, 10884.8 µs current
Rank 120: Completed 21/21 tasks | Runtime: 6:25:16 | ETA: 0:00:00 | Time/step: 11007.7 µs avg, 10988.4 µs current
Rank 7: Completed 21/22 tasks | Runtime: 6:25:23 | ETA: 0:18:16 | Time/step: 11011.0 µs avg, 10965.0 µs current
Rank 11: Completed 21/22 tasks | Runtime: 6:25:33 | ETA: 0:18:09 | Time/step: 11015.7 µs avg, 10899.9 µs current
Rank 0: Completed 21/22 tasks | Runtime: 6:25:48 | ETA: 0:18:11 | Time/step: 11023.3 µs avg, 10917.8 µs current
Rank 116: Completed 21/21 tasks | Runtime: 6:25:49 | ETA: 0:00:00 | Time/step: 11023.5 µs avg, 11059.7 µs current
Rank 109: Completed 21/21 tasks | Runtime: 6:25:50 | ETA: 0:00:00 | Time/step: 11023.9 µs avg, 11054.1 µs current
Rank 45: Completed 21/21 tasks | Runtime: 6:26:04 | ETA: 0:00:00 | Time/step: 11030.6 µs avg, 11057.8 µs current
Rank 106: Completed 21/21 tasks | Runtime: 6:26:09 | ETA: 0:00:00 | Time/step: 11032.9 µs avg, 11006.5 µs current
Rank 1: Completed 21/22 tasks | Runtime: 6:26:13 | ETA: 0:18:17 | Time/step: 11034.8 µs avg, 10973.3 µs current
Rank 91: Completed 21/21 tasks | Runtime: 6:26:16 | ETA: 0:00:00 | Time/step: 11036.5 µs avg, 11027.9 µs current
Rank 36: Completed 21/21 tasks | Runtime: 6:26:20 | ETA: 0:00:00 | Time/step: 11038.4 µs avg, 11073.1 µs current
Rank 111: Completed 21/21 tasks | Runtime: 6:26:21 | ETA: 0:00:00 | Time/step: 11038.7 µs avg, 11004.2 µs current
Rank 53: Completed 21/21 tasks | Runtime: 6:26:32 | ETA: 0:00:00 | Time/step: 11044.3 µs avg, 11027.0 µs current
Rank 121: Completed 21/21 tasks | Runtime: 6:26:34 | ETA: 0:00:00 | Time/step: 11045.0 µs avg, 11043.0 µs current
Rank 40: Completed 21/21 tasks | Runtime: 6:26:36 | ETA: 0:00:00 | Time/step: 11046.1 µs avg, 10955.2 µs current
Rank 87: Completed 21/21 tasks | Runtime: 6:26:38 | ETA: 0:00:00 | Time/step: 11046.8 µs avg, 11044.9 µs current
Rank 112: Completed 21/21 tasks | Runtime: 6:26:45 | ETA: 0:00:00 | Time/step: 11050.2 µs avg, 11021.6 µs current
Rank 14: Completed 21/21 tasks | Runtime: 6:26:45 | ETA: 0:00:00 | Time/step: 11050.3 µs avg, 11073.8 µs current
Rank 113: Completed 21/21 tasks | Runtime: 6:26:50 | ETA: 0:00:00 | Time/step: 11052.4 µs avg, 10939.6 µs current
Rank 51: Completed 21/21 tasks | Runtime: 6:26:52 | ETA: 0:00:00 | Time/step: 11053.7 µs avg, 11086.7 µs current
Rank 122: Completed 21/21 tasks | Runtime: 6:26:56 | ETA: 0:00:00 | Time/step: 11055.5 µs avg, 11163.8 µs current
Rank 44: Completed 21/21 tasks | Runtime: 6:26:57 | ETA: 0:00:00 | Time/step: 11055.8 µs avg, 11044.0 µs current
Rank 118: Completed 21/21 tasks | Runtime: 6:27:01 | ETA: 0:00:00 | Time/step: 11058.1 µs avg, 10959.9 µs current
Rank 62: Completed 21/21 tasks | Runtime: 6:27:06 | ETA: 0:00:00 | Time/step: 11060.2 µs avg, 11118.8 µs current
Rank 46: Completed 21/21 tasks | Runtime: 6:27:08 | ETA: 0:00:00 | Time/step: 11061.4 µs avg, 10950.6 µs current
Rank 39: Completed 21/21 tasks | Runtime: 6:27:15 | ETA: 0:00:00 | Time/step: 11064.6 µs avg, 10955.9 µs current
Rank 58: Completed 21/21 tasks | Runtime: 6:27:16 | ETA: 0:00:00 | Time/step: 11065.1 µs avg, 11133.4 µs current
Rank 61: Completed 21/21 tasks | Runtime: 6:27:17 | ETA: 0:00:00 | Time/step: 11065.5 µs avg, 11055.3 µs current
Rank 84: Completed 21/21 tasks | Runtime: 6:27:23 | ETA: 0:00:00 | Time/step: 11068.3 µs avg, 11140.5 µs current
Rank 100: Completed 21/21 tasks | Runtime: 6:27:24 | ETA: 0:00:00 | Time/step: 11069.0 µs avg, 10961.8 µs current
Rank 115: Completed 21/21 tasks | Runtime: 6:27:27 | ETA: 0:00:00 | Time/step: 11070.1 µs avg, 11201.9 µs current
Rank 41: Completed 21/21 tasks | Runtime: 6:27:27 | ETA: 0:00:00 | Time/step: 11070.4 µs avg, 11015.0 µs current
Rank 68: Completed 21/21 tasks | Runtime: 6:27:29 | ETA: 0:00:00 | Time/step: 11071.1 µs avg, 11035.7 µs current
Rank 94: Completed 21/21 tasks | Runtime: 6:27:31 | ETA: 0:00:00 | Time/step: 11072.2 µs avg, 11150.6 µs current
Rank 34: Completed 21/21 tasks | Runtime: 6:27:31 | ETA: 0:00:00 | Time/step: 11072.3 µs avg, 11030.6 µs current
Rank 76: Completed 21/21 tasks | Runtime: 6:27:37 | ETA: 0:00:00 | Time/step: 11075.2 µs avg, 11096.1 µs current
Rank 83: Completed 21/21 tasks | Runtime: 6:27:39 | ETA: 0:00:00 | Time/step: 11076.1 µs avg, 11133.0 µs current
Rank 67: Completed 21/21 tasks | Runtime: 6:27:39 | ETA: 0:00:00 | Time/step: 11076.1 µs avg, 11203.2 µs current
Rank 105: Completed 21/21 tasks | Runtime: 6:27:42 | ETA: 0:00:00 | Time/step: 11077.2 µs avg, 10943.8 µs current
Rank 69: Completed 21/21 tasks | Runtime: 6:27:44 | ETA: 0:00:00 | Time/step: 11078.1 µs avg, 11101.0 µs current
Rank 35: Completed 21/21 tasks | Runtime: 6:27:45 | ETA: 0:00:00 | Time/step: 11078.8 µs avg, 10939.7 µs current
Rank 104: Completed 21/21 tasks | Runtime: 6:27:47 | ETA: 0:00:00 | Time/step: 11080.0 µs avg, 10968.6 µs current
Rank 52: Completed 21/21 tasks | Runtime: 6:27:48 | ETA: 0:00:00 | Time/step: 11080.1 µs avg, 11036.1 µs current
Rank 63: Completed 21/21 tasks | Runtime: 6:27:58 | ETA: 0:00:00 | Time/step: 11085.0 µs avg, 11134.7 µs current
Rank 48: Completed 21/21 tasks | Runtime: 6:28:00 | ETA: 0:00:00 | Time/step: 11086.1 µs avg, 11203.4 µs current
Rank 103: Completed 21/21 tasks | Runtime: 6:28:00 | ETA: 0:00:00 | Time/step: 11086.2 µs avg, 10964.0 µs current
Rank 80: Completed 21/21 tasks | Runtime: 6:28:02 | ETA: 0:00:00 | Time/step: 11086.9 µs avg, 11011.1 µs current
Rank 90: Completed 21/21 tasks | Runtime: 6:28:04 | ETA: 0:00:00 | Time/step: 11088.0 µs avg, 11124.9 µs current
Rank 123: Completed 21/21 tasks | Runtime: 6:28:04 | ETA: 0:00:00 | Time/step: 11088.0 µs avg, 11090.3 µs current
Rank 93: Completed 21/21 tasks | Runtime: 6:28:04 | ETA: 0:00:00 | Time/step: 11088.1 µs avg, 11101.8 µs current
Rank 98: Completed 21/21 tasks | Runtime: 6:28:06 | ETA: 0:00:00 | Time/step: 11089.0 µs avg, 11031.9 µs current
Rank 92: Completed 21/21 tasks | Runtime: 6:28:09 | ETA: 0:00:00 | Time/step: 11090.1 µs avg, 11164.2 µs current
Rank 33: Completed 21/21 tasks | Runtime: 6:28:10 | ETA: 0:00:00 | Time/step: 11090.9 µs avg, 11151.6 µs current
Rank 96: Completed 21/21 tasks | Runtime: 6:28:14 | ETA: 0:00:00 | Time/step: 11092.4 µs avg, 11053.0 µs current
Rank 72: Completed 21/21 tasks | Runtime: 6:28:20 | ETA: 0:00:00 | Time/step: 11095.6 µs avg, 10990.7 µs current
Rank 49: Completed 21/21 tasks | Runtime: 6:28:26 | ETA: 0:00:00 | Time/step: 11098.1 µs avg, 10979.2 µs current
Rank 86: Completed 21/21 tasks | Runtime: 6:28:30 | ETA: 0:00:00 | Time/step: 11100.3 µs avg, 11128.6 µs current
Rank 102: Completed 21/21 tasks | Runtime: 6:28:34 | ETA: 0:00:00 | Time/step: 11102.2 µs avg, 11092.2 µs current
Rank 82: Completed 21/21 tasks | Runtime: 6:28:35 | ETA: 0:00:00 | Time/step: 11102.4 µs avg, 11095.5 µs current
Rank 81: Completed 21/21 tasks | Runtime: 6:28:36 | ETA: 0:00:00 | Time/step: 11103.3 µs avg, 11222.4 µs current
Rank 89: Completed 21/21 tasks | Runtime: 6:28:37 | ETA: 0:00:00 | Time/step: 11103.5 µs avg, 11218.3 µs current
Rank 64: Completed 21/21 tasks | Runtime: 6:28:37 | ETA: 0:00:00 | Time/step: 11103.7 µs avg, 11092.2 µs current
Rank 114: Completed 21/21 tasks | Runtime: 6:28:40 | ETA: 0:00:00 | Time/step: 11104.8 µs avg, 11068.2 µs current
Rank 57: Completed 21/21 tasks | Runtime: 6:28:41 | ETA: 0:00:00 | Time/step: 11105.6 µs avg, 11110.0 µs current
Rank 32: Completed 21/21 tasks | Runtime: 6:28:42 | ETA: 0:00:00 | Time/step: 11106.0 µs avg, 11025.8 µs current
Rank 37: Completed 21/21 tasks | Runtime: 6:28:43 | ETA: 0:00:00 | Time/step: 11106.2 µs avg, 10963.8 µs current
Rank 74: Completed 21/21 tasks | Runtime: 6:28:43 | ETA: 0:00:00 | Time/step: 11106.2 µs avg, 10981.2 µs current
Rank 73: Completed 21/21 tasks | Runtime: 6:28:43 | ETA: 0:00:00 | Time/step: 11106.5 µs avg, 11054.4 µs current
Rank 119: Completed 21/21 tasks | Runtime: 6:28:44 | ETA: 0:00:00 | Time/step: 11106.9 µs avg, 11082.8 µs current
Rank 108: Completed 21/21 tasks | Runtime: 6:28:44 | ETA: 0:00:00 | Time/step: 11106.9 µs avg, 10945.5 µs current
Rank 59: Completed 21/21 tasks | Runtime: 6:28:45 | ETA: 0:00:00 | Time/step: 11107.6 µs avg, 11088.6 µs current
Rank 88: Completed 21/21 tasks | Runtime: 6:28:46 | ETA: 0:00:00 | Time/step: 11107.9 µs avg, 11109.8 µs current
Rank 55: Completed 21/21 tasks | Runtime: 6:28:46 | ETA: 0:00:00 | Time/step: 11108.0 µs avg, 11218.7 µs current
Rank 127: Completed 21/21 tasks | Runtime: 6:28:49 | ETA: 0:00:00 | Time/step: 11109.2 µs avg, 11221.1 µs current
Rank 56: Completed 21/21 tasks | Runtime: 6:28:52 | ETA: 0:00:00 | Time/step: 11110.6 µs avg, 11225.6 µs current
Rank 50: Completed 21/21 tasks | Runtime: 6:28:53 | ETA: 0:00:00 | Time/step: 11111.0 µs avg, 11099.0 µs current
Rank 75: Completed 21/21 tasks | Runtime: 6:28:53 | ETA: 0:00:00 | Time/step: 11111.3 µs avg, 10995.2 µs current
Rank 97: Completed 21/21 tasks | Runtime: 6:28:57 | ETA: 0:00:00 | Time/step: 11112.9 µs avg, 11033.0 µs current
Rank 65: Completed 21/21 tasks | Runtime: 6:28:57 | ETA: 0:00:00 | Time/step: 11113.0 µs avg, 11067.1 µs current
Rank 79: Completed 21/21 tasks | Runtime: 6:29:01 | ETA: 0:00:00 | Time/step: 11114.8 µs avg, 10991.8 µs current
Rank 107: Completed 21/21 tasks | Runtime: 6:29:04 | ETA: 0:00:00 | Time/step: 11116.2 µs avg, 10956.4 µs current
Rank 66: Completed 21/21 tasks | Runtime: 6:29:06 | ETA: 0:00:00 | Time/step: 11117.3 µs avg, 10973.7 µs current
Rank 43: Completed 21/21 tasks | Runtime: 6:29:15 | ETA: 0:00:00 | Time/step: 11121.7 µs avg, 10938.2 µs current
Rank 70: Completed 21/21 tasks | Runtime: 6:29:22 | ETA: 0:00:00 | Time/step: 11125.1 µs avg, 11008.5 µs current
Rank 77: Completed 21/21 tasks | Runtime: 6:29:28 | ETA: 0:00:00 | Time/step: 11128.0 µs avg, 11047.1 µs current
Rank 95: Completed 21/21 tasks | Runtime: 6:29:30 | ETA: 0:00:00 | Time/step: 11128.6 µs avg, 11251.7 µs current
Rank 47: Completed 21/21 tasks | Runtime: 6:29:30 | ETA: 0:00:00 | Time/step: 11129.0 µs avg, 11105.6 µs current
Rank 85: Completed 21/21 tasks | Runtime: 6:29:39 | ETA: 0:00:00 | Time/step: 11133.2 µs avg, 11129.5 µs current
Rank 54: Completed 21/21 tasks | Runtime: 6:29:46 | ETA: 0:00:00 | Time/step: 11136.5 µs avg, 10977.8 µs current
Rank 110: Completed 21/21 tasks | Runtime: 6:29:49 | ETA: 0:00:00 | Time/step: 11137.7 µs avg, 11238.2 µs current
Rank 78: Completed 21/21 tasks | Runtime: 6:29:51 | ETA: 0:00:00 | Time/step: 11138.7 µs avg, 10985.4 µs current
Rank 71: Completed 21/21 tasks | Runtime: 6:29:51 | ETA: 0:00:00 | Time/step: 11139.0 µs avg, 10996.6 µs current
Rank 126: Completed 21/21 tasks | Runtime: 6:29:55 | ETA: 0:00:00 | Time/step: 11140.6 µs avg, 11143.1 µs current
Rank 38: Completed 21/21 tasks | Runtime: 6:30:11 | ETA: 0:00:00 | Time/step: 11148.1 µs avg, 10986.4 µs current
Rank 101: Completed 21/21 tasks | Runtime: 6:30:42 | ETA: 0:00:00 | Time/step: 11163.2 µs avg, 11144.4 µs current
Saved combined results with 2700 rows to results/results_250617_G1-5_cim_max-4-cut_mini_2.parquet
Cleaned up 128 individual rank result files
Finished sweep in 6:39:33
Average time per step: 11037.67 µs
