Found 5 graph files
Generated 3000 tasks

================================================================================
WALL TIME ESTIMATE
--------------------------------------------------------------------------------
Tasks                : 3,000
Total steps          : 2,045,000,000
Ranks for estimate   : 110
Steps per rank       : 18,590,909
Time per step        : 400 µs (assumed)
Expected runtime     : 2:03:56
--------------------------------------------------------------------------------
BREAKDOWN BY MODEL TYPE
--------------------------------------------------------------------------------
SIGMOID         : 600 tasks | 1,200,000,000 steps (58.7%) | ~1:12:43
NEC             : 1,400 tasks | 700,000,000 steps (34.2%) | ~0:42:25
QPDC            : 550 tasks | 55,000,000 steps (2.7%) | ~0:03:20
FIXED_AMPLITUDE : 50 tasks | 50,000,000 steps (2.4%) | ~0:03:01
POLYNOMIAL      : 400 tasks | 40,000,000 steps (2.0%) | ~0:02:25
================================================================================

Rank 0: Processing 28 tasks
Rank 81: Processing 27 tasks
Rank 80: Processing 27 tasks
Rank 6: Processing 28 tasks
Rank 83: Processing 27 tasks
Rank 82: Processing 27 tasks
Rank 4: Processing 28 tasks
Rank 7: Processing 28 tasks
Rank 69: Processing 27 tasks
Rank 5: Processing 28 tasks
Rank 2: Processing 28 tasks
Rank 74: Processing 27 tasks
Rank 76: Processing 27 tasks
Rank 3: Processing 28 tasks
Rank 64: Processing 27 tasks
Rank 72: Processing 27 tasks
Rank 65: Processing 27 tasks
Rank 77: Processing 27 tasks
Rank 68: Processing 27 tasks
Rank 71: Processing 27 tasks
Rank 79: Processing 27 tasks
Rank 78: Processing 27 tasks
Rank 67: Processing 27 tasks
Rank 70: Processing 27 tasks
Rank 73: Processing 27 tasks
Rank 66: Processing 27 tasks
Rank 75: Processing 27 tasks
Rank 33: Processing 27 tasks
Rank 35: Processing 27 tasks
Rank 32: Processing 27 tasks
Rank 34: Processing 27 tasks
Rank 40: Processing 27 tasks
Rank 19: Processing 28 tasks
Rank 17: Processing 28 tasks
Rank 16: Processing 28 tasks
Rank 18: Processing 28 tasks
Rank 24: Processing 28 tasks
Rank 44: Processing 27 tasks
Rank 51: Processing 27 tasks
Rank 56: Processing 27 tasks
Rank 49: Processing 27 tasks
Rank 48: Processing 27 tasks
Rank 50: Processing 27 tasks
Rank 28: Processing 28 tasks
Rank 41: Processing 27 tasks
Rank 42: Processing 27 tasks
Rank 43: Processing 27 tasks
Rank 59: Processing 27 tasks
Rank 58: Processing 27 tasks
Rank 57: Processing 27 tasks
Rank 46: Processing 27 tasks
Rank 47: Processing 27 tasks
Rank 45: Processing 27 tasks
Rank 31: Processing 27 tasks
Rank 30: Processing 27 tasks
Rank 25: Processing 28 tasks
Rank 29: Processing 28 tasks
Rank 88: Processing 27 tasks
Rank 92: Processing 27 tasks
Rank 26: Processing 28 tasks
Rank 27: Processing 28 tasks
Rank 1: Processing 28 tasks
Rank 93: Processing 27 tasks
Rank 95: Processing 27 tasks
Rank 94: Processing 27 tasks
Rank 90: Processing 27 tasks
Rank 89: Processing 27 tasks
Rank 91: Processing 27 tasks
Rank 84: Processing 27 tasks
Rank 85: Processing 27 tasks
Rank 87: Processing 27 tasks
Rank 86: Processing 27 tasks
Rank 99: Processing 27 tasks
Rank 96: Processing 27 tasks
Rank 98: Processing 27 tasks
Rank 97: Processing 27 tasks
Rank 60: Processing 27 tasks
Rank 52: Processing 27 tasks
Rank 36: Processing 27 tasks
Rank 108: Processing 27 tasks
Rank 12: Processing 28 tasks
Rank 20: Processing 28 tasks
Rank 104: Processing 27 tasks
Rank 109: Processing 27 tasks
Rank 62: Processing 27 tasks
Rank 38: Processing 27 tasks
Rank 39: Processing 27 tasks
Rank 61: Processing 27 tasks
Rank 54: Processing 27 tasks
Rank 53: Processing 27 tasks
Rank 63: Processing 27 tasks
Rank 105: Processing 27 tasks
Rank 107: Processing 27 tasks
Rank 106: Processing 27 tasks
Rank 55: Processing 27 tasks
Rank 37: Processing 27 tasks
Rank 21: Processing 28 tasks
Rank 23: Processing 28 tasks
Rank 13: Processing 28 tasks
Rank 22: Processing 28 tasks
Rank 14: Processing 28 tasks
Rank 15: Processing 28 tasks
Rank 8: Processing 28 tasks
Rank 9: Processing 28 tasks
Rank 10: Processing 28 tasks
Rank 11: Processing 28 tasks
Rank 100: Processing 27 tasks
Rank 101: Processing 27 tasks
Rank 103: Processing 27 tasks
Rank 102: Processing 27 tasks
Rank 89: Completed 1/27 tasks | Runtime: 0:00:10 | ETA: 0:00:00 | Time/step: 104.4 µs avg, 0.0 µs current
Rank 83: Completed 1/27 tasks | Runtime: 0:00:10 | ETA: 0:00:00 | Time/step: 104.5 µs avg, 0.0 µs current
Rank 87: Completed 1/27 tasks | Runtime: 0:00:10 | ETA: 0:00:00 | Time/step: 104.5 µs avg, 0.0 µs current
Rank 67: Completed 1/27 tasks | Runtime: 0:00:10 | ETA: 0:00:00 | Time/step: 104.5 µs avg, 0.0 µs current
Rank 73: Completed 1/27 tasks | Runtime: 0:00:10 | ETA: 0:00:00 | Time/step: 104.6 µs avg, 0.0 µs current
Rank 105: Completed 1/27 tasks | Runtime: 0:00:10 | ETA: 0:00:00 | Time/step: 104.4 µs avg, 0.0 µs current
Rank 64: Completed 1/27 tasks | Runtime: 0:00:10 | ETA: 0:00:00 | Time/step: 104.6 µs avg, 0.0 µs current
Rank 3: Completed 1/28 tasks | Runtime: 0:00:10 | ETA: 0:00:00 | Time/step: 104.6 µs avg, 0.0 µs current
Rank 71: Completed 1/27 tasks | Runtime: 0:00:10 | ETA: 0:00:00 | Time/step: 104.6 µs avg, 0.0 µs current
Rank 80: Completed 1/27 tasks | Runtime: 0:00:10 | ETA: 0:00:00 | Time/step: 104.6 µs avg, 0.0 µs current
Rank 96: Completed 1/27 tasks | Runtime: 0:00:10 | ETA: 0:00:00 | Time/step: 104.5 µs avg, 0.0 µs current
Rank 2: Completed 1/28 tasks | Runtime: 0:00:10 | ETA: 0:00:00 | Time/step: 104.6 µs avg, 0.0 µs current
Rank 76: Completed 1/27 tasks | Runtime: 0:00:10 | ETA: 0:00:00 | Time/step: 104.7 µs avg, 0.0 µs current
Rank 24: Completed 1/28 tasks | Runtime: 0:00:10 | ETA: 0:00:00 | Time/step: 104.7 µs avg, 0.0 µs current
Rank 109: Completed 1/27 tasks | Runtime: 0:00:10 | ETA: 0:00:00 | Time/step: 104.5 µs avg, 0.0 µs current
Rank 5: Completed 1/28 tasks | Runtime: 0:00:10 | ETA: 0:00:00 | Time/step: 104.7 µs avg, 0.0 µs current
Rank 75: Completed 1/27 tasks | Runtime: 0:00:10 | ETA: 0:00:00 | Time/step: 104.7 µs avg, 0.0 µs current
Rank 19: Completed 1/28 tasks | Runtime: 0:00:10 | ETA: 0:00:00 | Time/step: 104.7 µs avg, 0.0 µs current
Rank 66: Completed 1/27 tasks | Runtime: 0:00:10 | ETA: 0:00:00 | Time/step: 104.7 µs avg, 0.0 µs current
Rank 78: Completed 1/27 tasks | Runtime: 0:00:10 | ETA: 0:00:00 | Time/step: 104.7 µs avg, 0.0 µs current
Rank 85: Completed 1/27 tasks | Runtime: 0:00:10 | ETA: 0:00:00 | Time/step: 104.6 µs avg, 0.0 µs current
Rank 56: Completed 1/27 tasks | Runtime: 0:00:10 | ETA: 0:00:00 | Time/step: 104.7 µs avg, 0.0 µs current
Rank 91: Completed 1/27 tasks | Runtime: 0:00:10 | ETA: 0:00:00 | Time/step: 104.7 µs avg, 0.0 µs current
Rank 18: Completed 1/28 tasks | Runtime: 0:00:10 | ETA: 0:00:00 | Time/step: 104.7 µs avg, 0.0 µs current
Rank 69: Completed 1/27 tasks | Runtime: 0:00:10 | ETA: 0:00:00 | Time/step: 104.7 µs avg, 0.0 µs current
Rank 34: Completed 1/27 tasks | Runtime: 0:00:10 | ETA: 0:00:00 | Time/step: 104.7 µs avg, 0.0 µs current
Rank 84: Completed 1/27 tasks | Runtime: 0:00:10 | ETA: 0:00:00 | Time/step: 104.7 µs avg, 0.0 µs current
Rank 103: Completed 1/27 tasks | Runtime: 0:00:10 | ETA: 0:00:00 | Time/step: 104.5 µs avg, 0.0 µs current
Rank 45: Completed 1/27 tasks | Runtime: 0:00:10 | ETA: 0:00:00 | Time/step: 104.7 µs avg, 0.0 µs current
Rank 16: Completed 1/28 tasks | Runtime: 0:00:10 | ETA: 0:00:00 | Time/step: 104.7 µs avg, 0.0 µs current
Rank 79: Completed 1/27 tasks | Runtime: 0:00:10 | ETA: 0:00:00 | Time/step: 104.7 µs avg, 0.0 µs current
Rank 98: Completed 1/27 tasks | Runtime: 0:00:10 | ETA: 0:00:00 | Time/step: 104.6 µs avg, 0.0 µs current
Rank 106: Completed 1/27 tasks | Runtime: 0:00:10 | ETA: 0:00:00 | Time/step: 104.6 µs avg, 0.0 µs current
Rank 17: Completed 1/28 tasks | Runtime: 0:00:10 | ETA: 0:00:00 | Time/step: 104.7 µs avg, 0.0 µs current
Rank 104: Completed 1/27 tasks | Runtime: 0:00:10 | ETA: 0:00:00 | Time/step: 104.6 µs avg, 0.0 µs current
Rank 10: Completed 1/28 tasks | Runtime: 0:00:10 | ETA: 0:00:00 | Time/step: 104.6 µs avg, 0.0 µs current
Rank 108: Completed 1/27 tasks | Runtime: 0:00:10 | ETA: 0:00:00 | Time/step: 104.6 µs avg, 0.0 µs current
Rank 102: Completed 1/27 tasks | Runtime: 0:00:10 | ETA: 0:00:00 | Time/step: 104.6 µs avg, 0.0 µs current
Rank 31: Completed 1/27 tasks | Runtime: 0:00:10 | ETA: 0:00:00 | Time/step: 104.7 µs avg, 0.0 µs current
Rank 35: Completed 1/27 tasks | Runtime: 0:00:10 | ETA: 0:00:00 | Time/step: 104.8 µs avg, 0.0 µs current
Rank 49: Completed 1/27 tasks | Runtime: 0:00:10 | ETA: 0:00:00 | Time/step: 104.8 µs avg, 0.0 µs current
Rank 68: Completed 1/27 tasks | Runtime: 0:00:10 | ETA: 0:00:00 | Time/step: 104.8 µs avg, 0.0 µs current
Rank 70: Completed 1/27 tasks | Runtime: 0:00:10 | ETA: 0:00:00 | Time/step: 104.8 µs avg, 0.0 µs current
Rank 12: Completed 1/28 tasks | Runtime: 0:00:10 | ETA: 0:00:00 | Time/step: 104.7 µs avg, 0.0 µs current
Rank 6: Completed 1/28 tasks | Runtime: 0:00:10 | ETA: 0:00:00 | Time/step: 104.8 µs avg, 0.0 µs current
Rank 90: Completed 1/27 tasks | Runtime: 0:00:10 | ETA: 0:00:00 | Time/step: 104.8 µs avg, 0.0 µs current
Rank 97: Completed 1/27 tasks | Runtime: 0:00:10 | ETA: 0:00:00 | Time/step: 104.7 µs avg, 0.0 µs current
Rank 32: Completed 1/27 tasks | Runtime: 0:00:10 | ETA: 0:00:00 | Time/step: 104.8 µs avg, 0.0 µs current
Rank 53: Completed 1/27 tasks | Runtime: 0:00:10 | ETA: 0:00:00 | Time/step: 104.7 µs avg, 0.0 µs current
Rank 88: Completed 1/27 tasks | Runtime: 0:00:10 | ETA: 0:00:00 | Time/step: 104.8 µs avg, 0.0 µs current
Rank 40: Completed 1/27 tasks | Runtime: 0:00:10 | ETA: 0:00:00 | Time/step: 104.8 µs avg, 0.0 µs current
Rank 33: Completed 1/27 tasks | Runtime: 0:00:10 | ETA: 0:00:00 | Time/step: 104.8 µs avg, 0.0 µs current
Rank 93: Completed 1/27 tasks | Runtime: 0:00:10 | ETA: 0:00:00 | Time/step: 104.8 µs avg, 0.0 µs current
Rank 22: Completed 1/28 tasks | Runtime: 0:00:10 | ETA: 0:00:00 | Time/step: 104.7 µs avg, 0.0 µs current
Rank 51: Completed 1/27 tasks | Runtime: 0:00:10 | ETA: 0:00:00 | Time/step: 104.8 µs avg, 0.0 µs current
Rank 60: Completed 1/27 tasks | Runtime: 0:00:10 | ETA: 0:00:00 | Time/step: 104.8 µs avg, 0.0 µs current
Rank 95: Completed 1/27 tasks | Runtime: 0:00:10 | ETA: 0:00:00 | Time/step: 104.8 µs avg, 0.0 µs current
Rank 55: Completed 1/27 tasks | Runtime: 0:00:10 | ETA: 0:00:00 | Time/step: 104.7 µs avg, 0.0 µs current
Rank 23: Completed 1/28 tasks | Runtime: 0:00:10 | ETA: 0:00:00 | Time/step: 104.7 µs avg, 0.0 µs current
Rank 82: Completed 1/27 tasks | Runtime: 0:00:10 | ETA: 0:00:00 | Time/step: 104.9 µs avg, 0.0 µs current
Rank 37: Completed 1/27 tasks | Runtime: 0:00:10 | ETA: 0:00:00 | Time/step: 104.8 µs avg, 0.0 µs current
Rank 52: Completed 1/27 tasks | Runtime: 0:00:10 | ETA: 0:00:00 | Time/step: 104.8 µs avg, 0.0 µs current
Rank 50: Completed 1/27 tasks | Runtime: 0:00:10 | ETA: 0:00:00 | Time/step: 104.9 µs avg, 0.0 µs current
Rank 94: Completed 1/27 tasks | Runtime: 0:00:10 | ETA: 0:00:00 | Time/step: 104.9 µs avg, 0.0 µs current
Rank 57: Completed 1/27 tasks | Runtime: 0:00:10 | ETA: 0:00:00 | Time/step: 104.9 µs avg, 0.0 µs current
Rank 54: Completed 1/27 tasks | Runtime: 0:00:10 | ETA: 0:00:00 | Time/step: 104.8 µs avg, 0.0 µs current
Rank 81: Completed 1/27 tasks | Runtime: 0:00:10 | ETA: 0:00:00 | Time/step: 104.9 µs avg, 0.0 µs current
Rank 86: Completed 1/27 tasks | Runtime: 0:00:10 | ETA: 0:00:00 | Time/step: 104.9 µs avg, 0.0 µs current
Rank 39: Completed 1/27 tasks | Runtime: 0:00:10 | ETA: 0:00:00 | Time/step: 104.8 µs avg, 0.0 µs current
Rank 63: Completed 1/27 tasks | Runtime: 0:00:10 | ETA: 0:00:00 | Time/step: 104.8 µs avg, 0.0 µs current
Rank 72: Completed 1/27 tasks | Runtime: 0:00:10 | ETA: 0:00:00 | Time/step: 104.9 µs avg, 0.0 µs current
Rank 14: Completed 1/28 tasks | Runtime: 0:00:10 | ETA: 0:00:00 | Time/step: 104.8 µs avg, 0.0 µs current
Rank 1: Completed 1/28 tasks | Runtime: 0:00:10 | ETA: 0:00:00 | Time/step: 104.9 µs avg, 0.0 µs current
Rank 61: Completed 1/27 tasks | Runtime: 0:00:10 | ETA: 0:00:00 | Time/step: 104.8 µs avg, 0.0 µs current
Rank 77: Completed 1/27 tasks | Runtime: 0:00:10 | ETA: 0:00:00 | Time/step: 105.0 µs avg, 0.0 µs current
Rank 99: Completed 1/27 tasks | Runtime: 0:00:10 | ETA: 0:00:00 | Time/step: 104.9 µs avg, 0.0 µs current
Rank 43: Completed 1/27 tasks | Runtime: 0:00:10 | ETA: 0:00:00 | Time/step: 105.0 µs avg, 0.0 µs current
Rank 74: Completed 1/27 tasks | Runtime: 0:00:10 | ETA: 0:00:00 | Time/step: 105.0 µs avg, 0.0 µs current
Rank 8: Completed 1/28 tasks | Runtime: 0:00:10 | ETA: 0:00:00 | Time/step: 104.8 µs avg, 0.0 µs current
Rank 29: Completed 1/28 tasks | Runtime: 0:00:10 | ETA: 0:00:00 | Time/step: 105.0 µs avg, 0.0 µs current
Rank 11: Completed 1/28 tasks | Runtime: 0:00:10 | ETA: 0:00:00 | Time/step: 104.9 µs avg, 0.0 µs current
Rank 28: Completed 1/28 tasks | Runtime: 0:00:10 | ETA: 0:00:00 | Time/step: 105.0 µs avg, 0.0 µs current
Rank 38: Completed 1/27 tasks | Runtime: 0:00:10 | ETA: 0:00:00 | Time/step: 104.9 µs avg, 0.0 µs current
Rank 13: Completed 1/28 tasks | Runtime: 0:00:10 | ETA: 0:00:00 | Time/step: 104.9 µs avg, 0.0 µs current
Rank 101: Completed 1/27 tasks | Runtime: 0:00:10 | ETA: 0:00:00 | Time/step: 104.9 µs avg, 0.0 µs current
Rank 46: Completed 1/27 tasks | Runtime: 0:00:10 | ETA: 0:00:00 | Time/step: 105.0 µs avg, 0.0 µs current
Rank 44: Completed 1/27 tasks | Runtime: 0:00:10 | ETA: 0:00:00 | Time/step: 105.0 µs avg, 0.0 µs current
Rank 107: Completed 1/27 tasks | Runtime: 0:00:10 | ETA: 0:00:00 | Time/step: 104.9 µs avg, 0.0 µs current
Rank 92: Completed 1/27 tasks | Runtime: 0:00:10 | ETA: 0:00:00 | Time/step: 105.0 µs avg, 0.0 µs current
Rank 65: Completed 1/27 tasks | Runtime: 0:00:10 | ETA: 0:00:00 | Time/step: 105.1 µs avg, 0.0 µs current
Rank 20: Completed 1/28 tasks | Runtime: 0:00:10 | ETA: 0:00:00 | Time/step: 105.0 µs avg, 0.0 µs current
Rank 7: Completed 1/28 tasks | Runtime: 0:00:10 | ETA: 0:00:00 | Time/step: 105.1 µs avg, 0.0 µs current
Rank 15: Completed 1/28 tasks | Runtime: 0:00:10 | ETA: 0:00:00 | Time/step: 105.0 µs avg, 0.0 µs current
Rank 42: Completed 1/27 tasks | Runtime: 0:00:10 | ETA: 0:00:00 | Time/step: 105.1 µs avg, 0.0 µs current
Rank 27: Completed 1/28 tasks | Runtime: 0:00:10 | ETA: 0:00:00 | Time/step: 105.1 µs avg, 0.0 µs current
Rank 30: Completed 1/27 tasks | Runtime: 0:00:10 | ETA: 0:00:00 | Time/step: 105.1 µs avg, 0.0 µs current
Rank 48: Completed 1/27 tasks | Runtime: 0:00:10 | ETA: 0:00:00 | Time/step: 105.1 µs avg, 0.0 µs current
Rank 59: Completed 1/27 tasks | Runtime: 0:00:10 | ETA: 0:00:00 | Time/step: 105.1 µs avg, 0.0 µs current
Rank 47: Completed 1/27 tasks | Runtime: 0:00:10 | ETA: 0:00:00 | Time/step: 105.1 µs avg, 0.0 µs current
Rank 58: Completed 1/27 tasks | Runtime: 0:00:10 | ETA: 0:00:00 | Time/step: 105.2 µs avg, 0.0 µs current
Rank 25: Completed 1/28 tasks | Runtime: 0:00:10 | ETA: 0:00:00 | Time/step: 105.2 µs avg, 0.0 µs current
Rank 4: Completed 1/28 tasks | Runtime: 0:00:10 | ETA: 0:00:00 | Time/step: 105.2 µs avg, 0.0 µs current
Rank 100: Completed 1/27 tasks | Runtime: 0:00:10 | ETA: 0:00:00 | Time/step: 105.0 µs avg, 0.0 µs current
Rank 0: Completed 1/28 tasks | Runtime: 0:00:10 | ETA: 0:00:00 | Time/step: 105.2 µs avg, 0.0 µs current
Rank 21: Completed 1/28 tasks | Runtime: 0:00:10 | ETA: 0:00:00 | Time/step: 105.1 µs avg, 0.0 µs current
Rank 26: Completed 1/28 tasks | Runtime: 0:00:10 | ETA: 0:00:00 | Time/step: 105.3 µs avg, 0.0 µs current
Rank 62: Completed 1/27 tasks | Runtime: 0:00:10 | ETA: 0:00:00 | Time/step: 105.3 µs avg, 0.0 µs current
Rank 41: Completed 1/27 tasks | Runtime: 0:00:10 | ETA: 0:00:00 | Time/step: 105.5 µs avg, 0.0 µs current
Rank 9: Completed 1/28 tasks | Runtime: 0:00:10 | ETA: 0:00:00 | Time/step: 105.5 µs avg, 0.0 µs current
Rank 36: Completed 1/27 tasks | Runtime: 0:00:10 | ETA: 0:00:00 | Time/step: 106.0 µs avg, 0.0 µs current
Rank 103: Completed 11/27 tasks | Runtime: 0:16:18 | ETA: 0:24:55 | Time/step: 141.8 µs avg, 142.4 µs current
Rank 101: Completed 11/27 tasks | Runtime: 0:16:19 | ETA: 0:24:56 | Time/step: 141.9 µs avg, 142.5 µs current
Rank 106: Completed 11/27 tasks | Runtime: 0:16:20 | ETA: 0:24:58 | Time/step: 142.2 µs avg, 142.7 µs current
Rank 104: Completed 11/27 tasks | Runtime: 0:16:21 | ETA: 0:24:59 | Time/step: 142.2 µs avg, 142.8 µs current
Rank 102: Completed 11/27 tasks | Runtime: 0:16:25 | ETA: 0:25:05 | Time/step: 142.8 µs avg, 143.4 µs current
Rank 105: Completed 11/27 tasks | Runtime: 0:16:25 | ETA: 0:25:06 | Time/step: 142.9 µs avg, 143.4 µs current
Rank 100: Completed 11/27 tasks | Runtime: 0:16:27 | ETA: 0:25:08 | Time/step: 143.1 µs avg, 143.7 µs current
Rank 107: Completed 11/27 tasks | Runtime: 0:16:27 | ETA: 0:25:08 | Time/step: 143.1 µs avg, 143.7 µs current
Rank 109: Completed 11/27 tasks | Runtime: 0:16:28 | ETA: 0:25:09 | Time/step: 143.2 µs avg, 143.8 µs current
Rank 108: Completed 11/27 tasks | Runtime: 0:16:34 | ETA: 0:25:18 | Time/step: 144.1 µs avg, 144.6 µs current
Rank 64: Completed 11/27 tasks | Runtime: 0:16:37 | ETA: 0:35:14 | Time/step: 144.5 µs avg, 201.4 µs current
Rank 66: Completed 11/27 tasks | Runtime: 0:16:37 | ETA: 0:35:15 | Time/step: 144.6 µs avg, 201.4 µs current
Rank 67: Completed 11/27 tasks | Runtime: 0:16:37 | ETA: 0:35:16 | Time/step: 144.6 µs avg, 201.5 µs current
Rank 69: Completed 11/27 tasks | Runtime: 0:16:38 | ETA: 0:35:16 | Time/step: 144.6 µs avg, 201.6 µs current
Rank 60: Completed 11/27 tasks | Runtime: 0:16:38 | ETA: 0:35:16 | Time/step: 144.7 µs avg, 201.6 µs current
Rank 63: Completed 11/27 tasks | Runtime: 0:16:40 | ETA: 0:35:22 | Time/step: 145.0 µs avg, 202.1 µs current
Rank 8: Completed 11/28 tasks | Runtime: 0:16:44 | ETA: 0:35:49 | Time/step: 145.6 µs avg, 202.8 µs current
Rank 2: Completed 11/28 tasks | Runtime: 0:16:45 | ETA: 0:35:51 | Time/step: 145.7 µs avg, 203.0 µs current
Rank 0: Completed 11/28 tasks | Runtime: 0:16:45 | ETA: 0:35:52 | Time/step: 145.7 µs avg, 203.1 µs current
Rank 6: Completed 11/28 tasks | Runtime: 0:16:46 | ETA: 0:35:53 | Time/step: 145.8 µs avg, 203.2 µs current
Rank 62: Completed 11/27 tasks | Runtime: 0:16:46 | ETA: 0:35:34 | Time/step: 145.9 µs avg, 203.3 µs current
Rank 61: Completed 11/27 tasks | Runtime: 0:16:48 | ETA: 0:35:38 | Time/step: 146.2 µs avg, 203.7 µs current
Rank 9: Completed 11/28 tasks | Runtime: 0:16:50 | ETA: 0:36:02 | Time/step: 146.4 µs avg, 204.0 µs current
Rank 7: Completed 11/28 tasks | Runtime: 0:16:51 | ETA: 0:36:05 | Time/step: 146.6 µs avg, 204.3 µs current
Rank 68: Completed 11/27 tasks | Runtime: 0:16:51 | ETA: 0:35:45 | Time/step: 146.6 µs avg, 204.3 µs current
Rank 4: Completed 11/28 tasks | Runtime: 0:16:52 | ETA: 0:36:06 | Time/step: 146.7 µs avg, 204.4 µs current
Rank 5: Completed 11/28 tasks | Runtime: 0:16:52 | ETA: 0:36:06 | Time/step: 146.7 µs avg, 204.4 µs current
Rank 1: Completed 11/28 tasks | Runtime: 0:16:52 | ETA: 0:36:07 | Time/step: 146.8 µs avg, 204.5 µs current
Rank 3: Completed 11/28 tasks | Runtime: 0:16:54 | ETA: 0:36:12 | Time/step: 147.0 µs avg, 204.9 µs current
Rank 56: Completed 11/27 tasks | Runtime: 0:16:55 | ETA: 0:34:30 | Time/step: 147.1 µs avg, 205.0 µs current
Rank 53: Completed 11/27 tasks | Runtime: 0:16:55 | ETA: 0:34:31 | Time/step: 147.2 µs avg, 205.1 µs current
Rank 65: Completed 11/27 tasks | Runtime: 0:16:56 | ETA: 0:35:54 | Time/step: 147.3 µs avg, 205.2 µs current
Rank 54: Completed 11/27 tasks | Runtime: 0:16:56 | ETA: 0:34:33 | Time/step: 147.3 µs avg, 205.3 µs current
Rank 57: Completed 11/27 tasks | Runtime: 0:16:58 | ETA: 0:34:37 | Time/step: 147.6 µs avg, 205.7 µs current
Rank 72: Completed 11/27 tasks | Runtime: 0:16:59 | ETA: 0:42:34 | Time/step: 147.8 µs avg, 206.0 µs current
Rank 74: Completed 11/27 tasks | Runtime: 0:17:00 | ETA: 0:42:35 | Time/step: 147.9 µs avg, 206.1 µs current
Rank 78: Completed 11/27 tasks | Runtime: 0:17:01 | ETA: 0:42:37 | Time/step: 148.0 µs avg, 206.2 µs current
Rank 73: Completed 11/27 tasks | Runtime: 0:17:01 | ETA: 0:42:37 | Time/step: 148.0 µs avg, 206.2 µs current
Rank 75: Completed 11/27 tasks | Runtime: 0:17:01 | ETA: 0:42:37 | Time/step: 148.0 µs avg, 206.3 µs current
Rank 59: Completed 11/27 tasks | Runtime: 0:17:02 | ETA: 0:34:45 | Time/step: 148.2 µs avg, 206.5 µs current
Rank 76: Completed 11/27 tasks | Runtime: 0:17:02 | ETA: 0:42:41 | Time/step: 148.2 µs avg, 206.6 µs current
Rank 50: Completed 11/27 tasks | Runtime: 0:17:02 | ETA: 0:34:46 | Time/step: 148.2 µs avg, 206.6 µs current
Rank 52: Completed 11/27 tasks | Runtime: 0:17:03 | ETA: 0:34:48 | Time/step: 148.4 µs avg, 206.8 µs current
Rank 58: Completed 11/27 tasks | Runtime: 0:17:03 | ETA: 0:34:48 | Time/step: 148.4 µs avg, 206.8 µs current
Rank 51: Completed 11/27 tasks | Runtime: 0:17:04 | ETA: 0:34:49 | Time/step: 148.4 µs avg, 206.9 µs current
Rank 55: Completed 11/27 tasks | Runtime: 0:17:05 | ETA: 0:34:51 | Time/step: 148.6 µs avg, 207.0 µs current
Rank 71: Completed 11/27 tasks | Runtime: 0:17:07 | ETA: 0:42:53 | Time/step: 148.9 µs avg, 207.5 µs current
Rank 79: Completed 11/27 tasks | Runtime: 0:17:15 | ETA: 0:43:15 | Time/step: 150.1 µs avg, 209.3 µs current
Rank 77: Completed 11/27 tasks | Runtime: 0:17:17 | ETA: 0:43:18 | Time/step: 150.3 µs avg, 209.6 µs current
Rank 14: Completed 11/28 tasks | Runtime: 0:17:17 | ETA: 0:43:40 | Time/step: 150.4 µs avg, 209.7 µs current
Rank 70: Completed 11/27 tasks | Runtime: 0:17:18 | ETA: 0:43:21 | Time/step: 150.5 µs avg, 209.8 µs current
Rank 17: Completed 11/28 tasks | Runtime: 0:17:18 | ETA: 0:43:42 | Time/step: 150.5 µs avg, 209.8 µs current
Rank 18: Completed 11/28 tasks | Runtime: 0:17:19 | ETA: 0:43:44 | Time/step: 150.6 µs avg, 209.9 µs current
Rank 15: Completed 11/28 tasks | Runtime: 0:17:19 | ETA: 0:43:45 | Time/step: 150.7 µs avg, 210.0 µs current
Rank 13: Completed 11/28 tasks | Runtime: 0:17:19 | ETA: 0:43:45 | Time/step: 150.7 µs avg, 210.1 µs current
Rank 12: Completed 11/28 tasks | Runtime: 0:17:20 | ETA: 0:43:46 | Time/step: 150.7 µs avg, 210.1 µs current
Rank 16: Completed 11/28 tasks | Runtime: 0:17:20 | ETA: 0:43:47 | Time/step: 150.8 µs avg, 210.2 µs current
Rank 10: Completed 11/28 tasks | Runtime: 0:17:20 | ETA: 0:43:47 | Time/step: 150.8 µs avg, 210.2 µs current
Rank 19: Completed 11/28 tasks | Runtime: 0:17:21 | ETA: 0:43:49 | Time/step: 150.9 µs avg, 210.4 µs current
Rank 11: Completed 11/28 tasks | Runtime: 0:17:21 | ETA: 0:43:50 | Time/step: 151.0 µs avg, 210.4 µs current
Rank 22: Completed 11/28 tasks | Runtime: 0:17:30 | ETA: 0:42:29 | Time/step: 143.8 µs avg, 196.1 µs current
Rank 20: Completed 11/28 tasks | Runtime: 0:17:39 | ETA: 0:42:52 | Time/step: 145.1 µs avg, 197.9 µs current
Rank 21: Completed 11/28 tasks | Runtime: 0:17:40 | ETA: 0:42:54 | Time/step: 145.2 µs avg, 198.1 µs current
Rank 27: Completed 11/28 tasks | Runtime: 0:17:43 | ETA: 0:43:02 | Time/step: 145.7 µs avg, 198.7 µs current
Rank 24: Completed 11/28 tasks | Runtime: 0:17:43 | ETA: 0:43:03 | Time/step: 145.7 µs avg, 198.8 µs current
Rank 28: Completed 11/28 tasks | Runtime: 0:17:45 | ETA: 0:43:07 | Time/step: 145.9 µs avg, 199.0 µs current
Rank 29: Completed 11/28 tasks | Runtime: 0:17:45 | ETA: 0:43:08 | Time/step: 146.0 µs avg, 199.1 µs current
Rank 25: Completed 11/28 tasks | Runtime: 0:17:47 | ETA: 0:43:12 | Time/step: 146.2 µs avg, 199.4 µs current
Rank 23: Completed 11/28 tasks | Runtime: 0:17:52 | ETA: 0:43:24 | Time/step: 146.9 µs avg, 200.4 µs current
Rank 26: Completed 11/28 tasks | Runtime: 0:18:08 | ETA: 0:44:04 | Time/step: 149.1 µs avg, 203.4 µs current
Rank 43: Completed 11/27 tasks | Runtime: 0:18:36 | ETA: 0:32:06 | Time/step: 143.2 µs avg, 190.8 µs current
Rank 41: Completed 11/27 tasks | Runtime: 0:18:36 | ETA: 0:32:06 | Time/step: 143.2 µs avg, 190.7 µs current
Rank 44: Completed 11/27 tasks | Runtime: 0:18:37 | ETA: 0:32:07 | Time/step: 143.2 µs avg, 190.8 µs current
Rank 49: Completed 11/27 tasks | Runtime: 0:18:38 | ETA: 0:32:09 | Time/step: 143.4 µs avg, 191.1 µs current
Rank 47: Completed 11/27 tasks | Runtime: 0:18:40 | ETA: 0:32:13 | Time/step: 143.7 µs avg, 191.4 µs current
Rank 46: Completed 11/27 tasks | Runtime: 0:18:43 | ETA: 0:32:17 | Time/step: 144.0 µs avg, 191.9 µs current
Rank 40: Completed 11/27 tasks | Runtime: 0:18:47 | ETA: 0:32:24 | Time/step: 144.5 µs avg, 192.5 µs current
Rank 94: Completed 11/27 tasks | Runtime: 0:18:47 | ETA: 0:28:44 | Time/step: 144.5 µs avg, 164.2 µs current
Rank 93: Completed 11/27 tasks | Runtime: 0:18:47 | ETA: 0:28:44 | Time/step: 144.6 µs avg, 164.3 µs current
Rank 90: Completed 11/27 tasks | Runtime: 0:18:48 | ETA: 0:28:46 | Time/step: 144.7 µs avg, 164.4 µs current
Rank 48: Completed 11/27 tasks | Runtime: 0:18:49 | ETA: 0:32:28 | Time/step: 144.8 µs avg, 192.9 µs current
Rank 92: Completed 11/27 tasks | Runtime: 0:18:49 | ETA: 0:28:48 | Time/step: 144.8 µs avg, 164.6 µs current
Rank 42: Completed 11/27 tasks | Runtime: 0:18:50 | ETA: 0:32:30 | Time/step: 144.9 µs avg, 193.1 µs current
Rank 97: Completed 11/27 tasks | Runtime: 0:18:50 | ETA: 0:28:49 | Time/step: 145.0 µs avg, 164.7 µs current
Rank 96: Completed 11/27 tasks | Runtime: 0:18:50 | ETA: 0:28:49 | Time/step: 145.0 µs avg, 164.8 µs current
Rank 45: Completed 11/27 tasks | Runtime: 0:18:51 | ETA: 0:32:32 | Time/step: 145.1 µs avg, 193.3 µs current
Rank 91: Completed 11/27 tasks | Runtime: 0:18:51 | ETA: 0:28:51 | Time/step: 145.1 µs avg, 164.9 µs current
Rank 98: Completed 11/27 tasks | Runtime: 0:18:55 | ETA: 0:28:56 | Time/step: 145.6 µs avg, 165.4 µs current
Rank 99: Completed 11/27 tasks | Runtime: 0:18:56 | ETA: 0:28:58 | Time/step: 145.7 µs avg, 165.6 µs current
Rank 95: Completed 11/27 tasks | Runtime: 0:18:56 | ETA: 0:28:58 | Time/step: 145.7 µs avg, 165.6 µs current
Rank 31: Completed 11/27 tasks | Runtime: 0:22:27 | ETA: 0:36:03 | Time/step: 153.2 µs avg, 196.7 µs current
Rank 38: Completed 11/27 tasks | Runtime: 0:22:29 | ETA: 0:36:05 | Time/step: 153.3 µs avg, 196.8 µs current
Rank 37: Completed 11/27 tasks | Runtime: 0:22:29 | ETA: 0:36:05 | Time/step: 153.3 µs avg, 196.9 µs current
Rank 36: Completed 11/27 tasks | Runtime: 0:22:30 | ETA: 0:36:07 | Time/step: 153.4 µs avg, 197.0 µs current
Rank 33: Completed 11/27 tasks | Runtime: 0:22:33 | ETA: 0:36:12 | Time/step: 153.8 µs avg, 197.5 µs current
Rank 82: Completed 11/27 tasks | Runtime: 0:22:33 | ETA: 0:37:32 | Time/step: 153.9 µs avg, 197.6 µs current
Rank 30: Completed 11/27 tasks | Runtime: 0:22:34 | ETA: 0:36:13 | Time/step: 153.9 µs avg, 197.6 µs current
Rank 35: Completed 11/27 tasks | Runtime: 0:22:35 | ETA: 0:36:14 | Time/step: 154.0 µs avg, 197.7 µs current
Rank 34: Completed 11/27 tasks | Runtime: 0:22:36 | ETA: 0:36:16 | Time/step: 154.1 µs avg, 197.9 µs current
Rank 39: Completed 11/27 tasks | Runtime: 0:22:36 | ETA: 0:36:17 | Time/step: 154.2 µs avg, 198.0 µs current
Rank 89: Completed 11/27 tasks | Runtime: 0:22:40 | ETA: 0:37:43 | Time/step: 154.6 µs avg, 198.6 µs current
Rank 85: Completed 11/27 tasks | Runtime: 0:22:46 | ETA: 0:37:52 | Time/step: 155.2 µs avg, 199.4 µs current
Rank 32: Completed 11/27 tasks | Runtime: 0:22:46 | ETA: 0:36:33 | Time/step: 155.3 µs avg, 199.4 µs current
Rank 81: Completed 11/27 tasks | Runtime: 0:22:48 | ETA: 0:37:56 | Time/step: 155.5 µs avg, 199.7 µs current
Rank 80: Completed 11/27 tasks | Runtime: 0:22:49 | ETA: 0:37:58 | Time/step: 155.7 µs avg, 199.9 µs current
Rank 83: Completed 11/27 tasks | Runtime: 0:22:49 | ETA: 0:37:58 | Time/step: 155.7 µs avg, 199.9 µs current
Rank 87: Completed 11/27 tasks | Runtime: 0:23:08 | ETA: 0:38:30 | Time/step: 157.8 µs avg, 202.7 µs current
Rank 84: Completed 11/27 tasks | Runtime: 0:23:09 | ETA: 0:38:31 | Time/step: 157.9 µs avg, 202.8 µs current
Rank 88: Completed 11/27 tasks | Runtime: 0:23:09 | ETA: 0:38:32 | Time/step: 157.9 µs avg, 202.9 µs current
Rank 86: Completed 11/27 tasks | Runtime: 0:23:10 | ETA: 0:38:32 | Time/step: 158.0 µs avg, 202.9 µs current
Rank 54: Completed 21/27 tasks | Runtime: 0:27:28 | ETA: 0:08:33 | Time/step: 139.7 µs avg, 98.8 µs current
Rank 57: Completed 21/27 tasks | Runtime: 0:27:31 | ETA: 0:08:34 | Time/step: 139.9 µs avg, 98.9 µs current
Rank 59: Completed 21/27 tasks | Runtime: 0:27:34 | ETA: 0:08:33 | Time/step: 140.2 µs avg, 98.8 µs current
Rank 53: Completed 21/27 tasks | Runtime: 0:27:35 | ETA: 0:08:39 | Time/step: 140.3 µs avg, 100.0 µs current
Rank 58: Completed 21/27 tasks | Runtime: 0:27:35 | ETA: 0:08:33 | Time/step: 140.3 µs avg, 98.7 µs current
Rank 52: Completed 21/27 tasks | Runtime: 0:27:36 | ETA: 0:08:34 | Time/step: 140.4 µs avg, 98.9 µs current
Rank 55: Completed 21/27 tasks | Runtime: 0:27:38 | ETA: 0:08:34 | Time/step: 140.6 µs avg, 99.0 µs current
Rank 50: Completed 21/27 tasks | Runtime: 0:27:42 | ETA: 0:08:39 | Time/step: 140.9 µs avg, 99.9 µs current
Rank 56: Completed 21/27 tasks | Runtime: 0:27:44 | ETA: 0:08:47 | Time/step: 141.1 µs avg, 101.5 µs current
Rank 51: Completed 21/27 tasks | Runtime: 0:27:47 | ETA: 0:08:42 | Time/step: 141.3 µs avg, 100.5 µs current
Rank 66: Completed 21/27 tasks | Runtime: 0:27:50 | ETA: 0:09:49 | Time/step: 141.6 µs avg, 105.2 µs current
Rank 69: Completed 21/27 tasks | Runtime: 0:27:51 | ETA: 0:09:48 | Time/step: 141.6 µs avg, 105.2 µs current
Rank 64: Completed 21/27 tasks | Runtime: 0:27:51 | ETA: 0:09:49 | Time/step: 141.6 µs avg, 105.4 µs current
Rank 67: Completed 21/27 tasks | Runtime: 0:27:51 | ETA: 0:09:49 | Time/step: 141.7 µs avg, 105.2 µs current
Rank 60: Completed 21/27 tasks | Runtime: 0:27:51 | ETA: 0:09:49 | Time/step: 141.7 µs avg, 105.2 µs current
Rank 2: Completed 21/28 tasks | Runtime: 0:27:52 | ETA: 0:09:54 | Time/step: 141.7 µs avg, 104.3 µs current
Rank 0: Completed 21/28 tasks | Runtime: 0:27:53 | ETA: 0:09:54 | Time/step: 141.8 µs avg, 104.3 µs current
Rank 8: Completed 21/28 tasks | Runtime: 0:27:53 | ETA: 0:09:56 | Time/step: 141.9 µs avg, 104.6 µs current
Rank 63: Completed 21/27 tasks | Runtime: 0:27:54 | ETA: 0:09:49 | Time/step: 141.9 µs avg, 105.2 µs current
Rank 6: Completed 21/28 tasks | Runtime: 0:27:54 | ETA: 0:09:55 | Time/step: 141.9 µs avg, 104.5 µs current
Rank 4: Completed 21/28 tasks | Runtime: 0:27:59 | ETA: 0:09:54 | Time/step: 142.4 µs avg, 104.3 µs current
Rank 62: Completed 21/27 tasks | Runtime: 0:28:00 | ETA: 0:09:49 | Time/step: 142.4 µs avg, 105.2 µs current
Rank 7: Completed 21/28 tasks | Runtime: 0:28:00 | ETA: 0:09:55 | Time/step: 142.4 µs avg, 104.5 µs current
Rank 1: Completed 21/28 tasks | Runtime: 0:28:00 | ETA: 0:09:54 | Time/step: 142.4 µs avg, 104.3 µs current
Rank 61: Completed 21/27 tasks | Runtime: 0:28:02 | ETA: 0:09:49 | Time/step: 142.6 µs avg, 105.3 µs current
Rank 5: Completed 21/28 tasks | Runtime: 0:28:03 | ETA: 0:09:57 | Time/step: 142.7 µs avg, 104.9 µs current
Rank 68: Completed 21/27 tasks | Runtime: 0:28:03 | ETA: 0:09:48 | Time/step: 142.7 µs avg, 105.0 µs current
Rank 9: Completed 21/28 tasks | Runtime: 0:28:04 | ETA: 0:10:01 | Time/step: 142.8 µs avg, 105.5 µs current
Rank 3: Completed 21/28 tasks | Runtime: 0:28:08 | ETA: 0:10:00 | Time/step: 143.1 µs avg, 105.4 µs current
Rank 65: Completed 21/27 tasks | Runtime: 0:28:11 | ETA: 0:09:51 | Time/step: 143.3 µs avg, 105.5 µs current
Rank 16: Completed 21/28 tasks | Runtime: 0:28:52 | ETA: 0:12:13 | Time/step: 142.0 µs avg, 101.9 µs current
Rank 13: Completed 21/28 tasks | Runtime: 0:28:53 | ETA: 0:12:14 | Time/step: 142.1 µs avg, 102.0 µs current
Rank 12: Completed 21/28 tasks | Runtime: 0:28:56 | ETA: 0:12:17 | Time/step: 142.3 µs avg, 102.4 µs current
Rank 17: Completed 21/28 tasks | Runtime: 0:28:58 | ETA: 0:12:21 | Time/step: 142.5 µs avg, 102.9 µs current
Rank 18: Completed 21/28 tasks | Runtime: 0:28:59 | ETA: 0:12:20 | Time/step: 142.5 µs avg, 102.9 µs current
Rank 10: Completed 21/28 tasks | Runtime: 0:28:59 | ETA: 0:12:20 | Time/step: 142.6 µs avg, 102.9 µs current
Rank 15: Completed 21/28 tasks | Runtime: 0:29:00 | ETA: 0:12:22 | Time/step: 142.7 µs avg, 103.1 µs current
Rank 14: Completed 21/28 tasks | Runtime: 0:29:02 | ETA: 0:12:26 | Time/step: 142.8 µs avg, 103.6 µs current
Rank 19: Completed 21/28 tasks | Runtime: 0:29:06 | ETA: 0:12:26 | Time/step: 143.1 µs avg, 103.7 µs current
Rank 11: Completed 21/28 tasks | Runtime: 0:29:06 | ETA: 0:12:26 | Time/step: 143.2 µs avg, 103.7 µs current
Rank 49: Completed 21/27 tasks | Runtime: 0:29:28 | ETA: 0:08:47 | Time/step: 139.2 µs avg, 101.5 µs current
Rank 43: Completed 21/27 tasks | Runtime: 0:29:33 | ETA: 0:08:53 | Time/step: 139.6 µs avg, 102.6 µs current
Rank 41: Completed 21/27 tasks | Runtime: 0:29:33 | ETA: 0:08:53 | Time/step: 139.6 µs avg, 102.6 µs current
Rank 44: Completed 21/27 tasks | Runtime: 0:29:33 | ETA: 0:08:53 | Time/step: 139.7 µs avg, 102.6 µs current
Rank 40: Completed 21/27 tasks | Runtime: 0:29:37 | ETA: 0:08:48 | Time/step: 140.0 µs avg, 101.7 µs current
Rank 47: Completed 21/27 tasks | Runtime: 0:29:38 | ETA: 0:08:54 | Time/step: 140.0 µs avg, 102.7 µs current
Rank 48: Completed 21/27 tasks | Runtime: 0:29:38 | ETA: 0:08:47 | Time/step: 140.0 µs avg, 101.5 µs current
Rank 46: Completed 21/27 tasks | Runtime: 0:29:39 | ETA: 0:08:52 | Time/step: 140.1 µs avg, 102.5 µs current
Rank 45: Completed 21/27 tasks | Runtime: 0:29:41 | ETA: 0:08:47 | Time/step: 140.2 µs avg, 101.4 µs current
Rank 42: Completed 21/27 tasks | Runtime: 0:29:42 | ETA: 0:08:49 | Time/step: 140.3 µs avg, 101.8 µs current
Rank 103: Completed 21/27 tasks | Runtime: 0:32:55 | ETA: 0:12:32 | Time/step: 144.2 µs avg, 203.3 µs current
Rank 101: Completed 21/27 tasks | Runtime: 0:32:57 | ETA: 0:12:33 | Time/step: 144.3 µs avg, 203.7 µs current
Rank 106: Completed 21/27 tasks | Runtime: 0:32:59 | ETA: 0:12:33 | Time/step: 144.5 µs avg, 203.8 µs current
Rank 104: Completed 21/27 tasks | Runtime: 0:33:00 | ETA: 0:12:34 | Time/step: 144.5 µs avg, 203.8 µs current
Rank 105: Completed 21/27 tasks | Runtime: 0:33:03 | ETA: 0:12:33 | Time/step: 144.8 µs avg, 203.6 µs current
Rank 100: Completed 21/27 tasks | Runtime: 0:33:04 | ETA: 0:12:32 | Time/step: 144.8 µs avg, 203.4 µs current
Rank 102: Completed 21/27 tasks | Runtime: 0:33:08 | ETA: 0:12:37 | Time/step: 145.2 µs avg, 204.8 µs current
Rank 109: Completed 21/27 tasks | Runtime: 0:33:14 | ETA: 0:12:39 | Time/step: 145.6 µs avg, 205.3 µs current
Rank 107: Completed 21/27 tasks | Runtime: 0:33:14 | ETA: 0:12:40 | Time/step: 145.6 µs avg, 205.4 µs current
Rank 108: Completed 21/27 tasks | Runtime: 0:33:18 | ETA: 0:12:38 | Time/step: 145.8 µs avg, 204.9 µs current
Rank 74: Completed 21/27 tasks | Runtime: 0:34:05 | ETA: 0:14:03 | Time/step: 149.3 µs avg, 150.7 µs current
Rank 72: Completed 21/27 tasks | Runtime: 0:34:07 | ETA: 0:14:06 | Time/step: 149.4 µs avg, 151.1 µs current
Rank 75: Completed 21/27 tasks | Runtime: 0:34:07 | ETA: 0:14:05 | Time/step: 149.5 µs avg, 150.9 µs current
Rank 73: Completed 21/27 tasks | Runtime: 0:34:07 | ETA: 0:14:05 | Time/step: 149.5 µs avg, 151.0 µs current
Rank 76: Completed 21/27 tasks | Runtime: 0:34:08 | ETA: 0:14:04 | Time/step: 149.5 µs avg, 150.8 µs current
Rank 78: Completed 21/27 tasks | Runtime: 0:34:10 | ETA: 0:14:08 | Time/step: 149.7 µs avg, 151.4 µs current
Rank 20: Completed 21/28 tasks | Runtime: 0:34:11 | ETA: 0:12:20 | Time/step: 145.5 µs avg, 119.5 µs current
Rank 22: Completed 21/28 tasks | Runtime: 0:34:13 | ETA: 0:12:29 | Time/step: 145.7 µs avg, 120.9 µs current
Rank 71: Completed 21/27 tasks | Runtime: 0:34:15 | ETA: 0:14:06 | Time/step: 150.0 µs avg, 151.2 µs current
Rank 24: Completed 21/28 tasks | Runtime: 0:34:17 | ETA: 0:12:21 | Time/step: 145.9 µs avg, 119.7 µs current
Rank 25: Completed 21/28 tasks | Runtime: 0:34:21 | ETA: 0:12:22 | Time/step: 146.2 µs avg, 119.8 µs current
Rank 77: Completed 21/27 tasks | Runtime: 0:34:23 | ETA: 0:14:04 | Time/step: 150.6 µs avg, 150.9 µs current
Rank 79: Completed 21/27 tasks | Runtime: 0:34:23 | ETA: 0:14:06 | Time/step: 150.6 µs avg, 151.2 µs current
Rank 23: Completed 21/28 tasks | Runtime: 0:34:24 | ETA: 0:12:20 | Time/step: 146.4 µs avg, 119.5 µs current
Rank 28: Completed 21/28 tasks | Runtime: 0:34:25 | ETA: 0:12:27 | Time/step: 146.5 µs avg, 120.5 µs current
Rank 27: Completed 21/28 tasks | Runtime: 0:34:26 | ETA: 0:12:29 | Time/step: 146.6 µs avg, 120.9 µs current
Rank 70: Completed 21/27 tasks | Runtime: 0:34:27 | ETA: 0:14:06 | Time/step: 150.9 µs avg, 151.2 µs current
Rank 21: Completed 21/28 tasks | Runtime: 0:34:29 | ETA: 0:12:34 | Time/step: 146.8 µs avg, 121.6 µs current
Rank 29: Completed 21/28 tasks | Runtime: 0:34:30 | ETA: 0:12:30 | Time/step: 146.8 µs avg, 121.0 µs current
Rank 92: Completed 21/27 tasks | Runtime: 0:34:58 | ETA: 0:10:17 | Time/step: 143.7 µs avg, 167.0 µs current
Rank 96: Completed 21/27 tasks | Runtime: 0:34:59 | ETA: 0:10:17 | Time/step: 143.8 µs avg, 166.9 µs current
Rank 26: Completed 21/28 tasks | Runtime: 0:35:00 | ETA: 0:12:35 | Time/step: 149.0 µs avg, 121.9 µs current
Rank 94: Completed 21/27 tasks | Runtime: 0:35:01 | ETA: 0:10:21 | Time/step: 143.9 µs avg, 168.0 µs current
Rank 93: Completed 21/27 tasks | Runtime: 0:35:03 | ETA: 0:10:22 | Time/step: 144.0 µs avg, 168.2 µs current
Rank 90: Completed 21/27 tasks | Runtime: 0:35:03 | ETA: 0:10:22 | Time/step: 144.1 µs avg, 168.1 µs current
Rank 95: Completed 21/27 tasks | Runtime: 0:35:04 | ETA: 0:10:17 | Time/step: 144.1 µs avg, 166.9 µs current
Rank 98: Completed 21/27 tasks | Runtime: 0:35:05 | ETA: 0:10:19 | Time/step: 144.2 µs avg, 167.3 µs current
Rank 97: Completed 21/27 tasks | Runtime: 0:35:13 | ETA: 0:10:26 | Time/step: 144.7 µs avg, 169.4 µs current
Rank 99: Completed 21/27 tasks | Runtime: 0:35:14 | ETA: 0:10:23 | Time/step: 144.8 µs avg, 168.5 µs current
Rank 91: Completed 21/27 tasks | Runtime: 0:35:14 | ETA: 0:10:26 | Time/step: 144.8 µs avg, 169.3 µs current
Rank 31: Completed 21/27 tasks | Runtime: 0:35:31 | ETA: 0:09:18 | Time/step: 146.0 µs avg, 107.4 µs current
Rank 38: Completed 21/27 tasks | Runtime: 0:35:34 | ETA: 0:09:19 | Time/step: 146.2 µs avg, 107.6 µs current
Rank 37: Completed 21/27 tasks | Runtime: 0:35:37 | ETA: 0:09:21 | Time/step: 146.4 µs avg, 107.9 µs current
Rank 33: Completed 21/27 tasks | Runtime: 0:35:38 | ETA: 0:09:19 | Time/step: 146.5 µs avg, 107.5 µs current
Rank 36: Completed 21/27 tasks | Runtime: 0:35:39 | ETA: 0:09:22 | Time/step: 146.5 µs avg, 108.1 µs current
Rank 35: Completed 21/27 tasks | Runtime: 0:35:39 | ETA: 0:09:19 | Time/step: 146.6 µs avg, 107.5 µs current
Rank 34: Completed 21/27 tasks | Runtime: 0:35:41 | ETA: 0:09:19 | Time/step: 146.7 µs avg, 107.6 µs current
Rank 30: Completed 21/27 tasks | Runtime: 0:35:41 | ETA: 0:09:21 | Time/step: 146.7 µs avg, 107.9 µs current
Rank 39: Completed 21/27 tasks | Runtime: 0:35:41 | ETA: 0:09:19 | Time/step: 146.7 µs avg, 107.5 µs current
Rank 32: Completed 21/27 tasks | Runtime: 0:35:53 | ETA: 0:09:20 | Time/step: 147.5 µs avg, 107.8 µs current
Rank 82: Completed 21/27 tasks | Runtime: 0:39:23 | ETA: 0:11:23 | Time/step: 151.5 µs avg, 148.5 µs current
Rank 85: Completed 21/27 tasks | Runtime: 0:39:35 | ETA: 0:11:22 | Time/step: 152.3 µs avg, 148.4 µs current
Rank 89: Completed 21/27 tasks | Runtime: 0:39:38 | ETA: 0:11:28 | Time/step: 152.5 µs avg, 149.7 µs current
Rank 81: Completed 21/27 tasks | Runtime: 0:39:38 | ETA: 0:11:23 | Time/step: 152.5 µs avg, 148.6 µs current
Rank 80: Completed 21/27 tasks | Runtime: 0:39:40 | ETA: 0:11:23 | Time/step: 152.6 µs avg, 148.6 µs current
Rank 83: Completed 21/27 tasks | Runtime: 0:39:40 | ETA: 0:11:23 | Time/step: 152.6 µs avg, 148.7 µs current
Rank 88: Completed 21/27 tasks | Runtime: 0:39:57 | ETA: 0:11:21 | Time/step: 153.7 µs avg, 148.1 µs current
Rank 84: Completed 21/27 tasks | Runtime: 0:39:59 | ETA: 0:11:23 | Time/step: 153.8 µs avg, 148.5 µs current
Rank 86: Completed 21/27 tasks | Runtime: 0:40:06 | ETA: 0:11:27 | Time/step: 154.3 µs avg, 149.5 µs current
Rank 87: Completed 21/27 tasks | Runtime: 0:40:06 | ETA: 0:11:28 | Time/step: 154.3 µs avg, 149.7 µs current
Saved combined results with 3000 rows to results/results_250615_G1-5_max-4-cut.parquet
Cleaned up 110 individual rank result files
Finished sweep in 0:51:40
Average time per step: 148.31 µs
