Found 2 graph files
Generated 60 tasks

================================================================================
WALL TIME ESTIMATE
--------------------------------------------------------------------------------
Tasks                : 60
Total steps          : 6,000,000
Ranks for estimate   : 4
Steps per rank       : 1,500,000
Time per step        : 100 µs (assumed)
Expected runtime     : 0:02:30
================================================================================

Rank 0: Processing 15 tasks
Rank 1: Processing 15 tasks
Rank 3: Processing 15 tasks
Rank 2: Processing 15 tasks
Rank 1: Completed 1/15 tasks | Runtime: 0:00:09 | ETA: 0:00:00 | Time/step: 95.8 µs avg, 0.0 µs current
Rank 3: Completed 1/15 tasks | Runtime: 0:00:09 | ETA: 0:00:00 | Time/step: 95.8 µs avg, 0.0 µs current
Rank 0: Completed 1/15 tasks | Runtime: 0:00:09 | ETA: 0:00:00 | Time/step: 95.9 µs avg, 0.0 µs current
Rank 2: Completed 1/15 tasks | Runtime: 0:00:09 | ETA: 0:00:00 | Time/step: 96.0 µs avg, 0.0 µs current
Rank 3: Completed 11/15 tasks | Runtime: 0:01:37 | ETA: 0:00:35 | Time/step: 88.8 µs avg, 88.1 µs current
Rank 2: Completed 11/15 tasks | Runtime: 0:01:37 | ETA: 0:00:35 | Time/step: 88.8 µs avg, 88.1 µs current
Rank 1: Completed 11/15 tasks | Runtime: 0:01:39 | ETA: 0:00:35 | Time/step: 90.5 µs avg, 89.9 µs current
Rank 0: Completed 11/15 tasks | Runtime: 0:01:39 | ETA: 0:00:36 | Time/step: 90.6 µs avg, 90.1 µs current
Saved combined results with 60 rows to results/results_local_test.parquet
Cleaned up 4 individual rank result files
Finished sweep in 0:02:10
Average time per step: 86.19 µs
