Found 5 graph files
Generated 1100 tasks

================================================================================
WALL TIME ESTIMATE
--------------------------------------------------------------------------------
Tasks                : 1,100
Total steps          : 110,000,000
Ranks for estimate   : 256
Steps per rank       : 429,687
Time per step        : 25000 µs (assumed)
Expected runtime     : 2:59:02
--------------------------------------------------------------------------------
BREAKDOWN BY MODEL TYPE
--------------------------------------------------------------------------------
CIM             : 1,100 tasks | 110,000,000 steps (100.0%) | ~2:59:02
================================================================================

Rank 0: Processing 5 tasks
Rank 76: Processing 4 tasks
Rank 124: Processing 4 tasks
Rank 100: Processing 4 tasks
Rank 108: Processing 4 tasks
Rank 96: Processing 4 tasks
Rank 92: Processing 4 tasks
Rank 116: Processing 4 tasks
Rank 112: Processing 4 tasks
Rank 80: Processing 4 tasks
Rank 84: Processing 4 tasks
Rank 72: Processing 5 tasks
Rank 68: Processing 5 tasks
Rank 88: Processing 4 tasks
Rank 120: Processing 4 tasks
Rank 104: Processing 4 tasks
Rank 2: Processing 5 tasks
Rank 4: Processing 5 tasks
Rank 28: Processing 5 tasks
Rank 8: Processing 5 tasks
Rank 12: Processing 5 tasks
Rank 24: Processing 5 tasks
Rank 16: Processing 5 tasks
Rank 20: Processing 5 tasks
Rank 44: Processing 5 tasks
Rank 32: Processing 5 tasks
Rank 36: Processing 5 tasks
Rank 60: Processing 5 tasks
Rank 52: Processing 5 tasks
Rank 48: Processing 5 tasks
Rank 40: Processing 5 tasks
Rank 56: Processing 5 tasks
Rank 128: Processing 4 tasks
Rank 6: Processing 5 tasks
Rank 10: Processing 5 tasks
Rank 14: Processing 5 tasks
Rank 22: Processing 5 tasks
Rank 26: Processing 5 tasks
Rank 1: Processing 5 tasks
Rank 18: Processing 5 tasks
Rank 114: Processing 4 tasks
Rank 50: Processing 5 tasks
Rank 82: Processing 4 tasks
Rank 64: Processing 5 tasks
Rank 54: Processing 5 tasks
Rank 46: Processing 5 tasks
Rank 30: Processing 5 tasks
Rank 110: Processing 4 tasks
Rank 107: Processing 4 tasks
Rank 111: Processing 4 tasks
Rank 66: Processing 5 tasks
Rank 101: Processing 4 tasks
Rank 73: Processing 5 tasks
Rank 65: Processing 5 tasks
Rank 69: Processing 5 tasks
Rank 93: Processing 4 tasks
Rank 125: Processing 4 tasks
Rank 3: Processing 5 tasks
Rank 11: Processing 5 tasks
Rank 19: Processing 5 tasks
Rank 7: Processing 5 tasks
Rank 23: Processing 5 tasks
Rank 15: Processing 5 tasks
Rank 27: Processing 5 tasks
Rank 59: Processing 5 tasks
Rank 43: Processing 5 tasks
Rank 34: Processing 5 tasks
Rank 47: Processing 5 tasks
Rank 58: Processing 5 tasks
Rank 5: Processing 5 tasks
Rank 17: Processing 5 tasks
Rank 9: Processing 5 tasks
Rank 13: Processing 5 tasks
Rank 25: Processing 5 tasks
Rank 29: Processing 5 tasks
Rank 33: Processing 5 tasks
Rank 21: Processing 5 tasks
Rank 70: Processing 5 tasks
Rank 57: Processing 5 tasks
Rank 41: Processing 5 tasks
Rank 61: Processing 5 tasks
Rank 90: Processing 4 tasks
Rank 37: Processing 5 tasks
Rank 38: Processing 5 tasks
Rank 85: Processing 4 tasks
Rank 53: Processing 5 tasks
Rank 42: Processing 5 tasks
Rank 78: Processing 4 tasks
Rank 77: Processing 4 tasks
Rank 45: Processing 5 tasks
Rank 109: Processing 4 tasks
Rank 89: Processing 4 tasks
Rank 106: Processing 4 tasks
Rank 105: Processing 4 tasks
Rank 115: Processing 4 tasks
Rank 83: Processing 4 tasks
Rank 130: Processing 4 tasks
Rank 51: Processing 5 tasks
Rank 121: Processing 4 tasks
Rank 55: Processing 5 tasks
Rank 119: Processing 4 tasks
Rank 87: Processing 4 tasks
Rank 123: Processing 4 tasks
Rank 103: Processing 4 tasks
Rank 71: Processing 5 tasks
Rank 118: Processing 4 tasks
Rank 81: Processing 4 tasks
Rank 49: Processing 5 tasks
Rank 113: Processing 4 tasks
Rank 126: Processing 4 tasks
Rank 62: Processing 5 tasks
Rank 39: Processing 5 tasks
Rank 94: Processing 4 tasks
Rank 91: Processing 4 tasks
Rank 117: Processing 4 tasks
Rank 74: Processing 5 tasks
Rank 75: Processing 5 tasks
Rank 122: Processing 4 tasks
Rank 97: Processing 4 tasks
Rank 86: Processing 4 tasks
Rank 98: Processing 4 tasks
Rank 67: Processing 5 tasks
Rank 99: Processing 4 tasks
Rank 35: Processing 5 tasks
Rank 79: Processing 4 tasks
Rank 102: Processing 4 tasks
Rank 132: Processing 4 tasks
Rank 140: Processing 4 tasks
Rank 136: Processing 4 tasks
Rank 156: Processing 4 tasks
Rank 148: Processing 4 tasks
Rank 144: Processing 4 tasks
Rank 168: Processing 4 tasks
Rank 172: Processing 4 tasks
Rank 164: Processing 4 tasks
Rank 160: Processing 4 tasks
Rank 180: Processing 4 tasks
Rank 184: Processing 4 tasks
Rank 176: Processing 4 tasks
Rank 188: Processing 4 tasks
Rank 196: Processing 4 tasks
Rank 192: Processing 4 tasks
Rank 228: Processing 4 tasks
Rank 204: Processing 4 tasks
Rank 200: Processing 4 tasks
Rank 224: Processing 4 tasks
Rank 252: Processing 4 tasks
Rank 212: Processing 4 tasks
Rank 248: Processing 4 tasks
Rank 129: Processing 4 tasks
Rank 220: Processing 4 tasks
Rank 208: Processing 4 tasks
Rank 131: Processing 4 tasks
Rank 232: Processing 4 tasks
Rank 236: Processing 4 tasks
Rank 133: Processing 4 tasks
Rank 135: Processing 4 tasks
Rank 216: Processing 4 tasks
Rank 240: Processing 4 tasks
Rank 244: Processing 4 tasks
Rank 159: Processing 4 tasks
Rank 139: Processing 4 tasks
Rank 137: Processing 4 tasks
Rank 143: Processing 4 tasks
Rank 141: Processing 4 tasks
Rank 151: Processing 4 tasks
Rank 147: Processing 4 tasks
Rank 145: Processing 4 tasks
Rank 149: Processing 4 tasks
Rank 157: Processing 4 tasks
Rank 153: Processing 4 tasks
Rank 155: Processing 4 tasks
Rank 223: Processing 4 tasks
Rank 215: Processing 4 tasks
Rank 183: Processing 4 tasks
Rank 191: Processing 4 tasks
Rank 177: Processing 4 tasks
Rank 134: Processing 4 tasks
Rank 214: Processing 4 tasks
Rank 146: Processing 4 tasks
Rank 154: Processing 4 tasks
Rank 142: Processing 4 tasks
Rank 138: Processing 4 tasks
Rank 150: Processing 4 tasks
Rank 158: Processing 4 tasks
Rank 181: Processing 4 tasks
Rank 182: Processing 4 tasks
Rank 162: Processing 4 tasks
Rank 226: Processing 4 tasks
Rank 194: Processing 4 tasks
Rank 198: Processing 4 tasks
Rank 230: Processing 4 tasks
Rank 166: Processing 4 tasks
Rank 169: Processing 4 tasks
Rank 174: Processing 4 tasks
Rank 178: Processing 4 tasks
Rank 190: Processing 4 tasks
Rank 185: Processing 4 tasks
Rank 163: Processing 4 tasks
Rank 167: Processing 4 tasks
Rank 187: Processing 4 tasks
Rank 189: Processing 4 tasks
Rank 246: Processing 4 tasks
Rank 249: Processing 4 tasks
Rank 201: Processing 4 tasks
Rank 210: Processing 4 tasks
Rank 195: Processing 4 tasks
Rank 227: Processing 4 tasks
Rank 199: Processing 4 tasks
Rank 219: Processing 4 tasks
Rank 251: Processing 4 tasks
Rank 253: Processing 4 tasks
Rank 221: Processing 4 tasks
Rank 186: Processing 4 tasks
Rank 254: Processing 4 tasks
Rank 218: Processing 4 tasks
Rank 250: Processing 4 tasks
Rank 231: Processing 4 tasks
Rank 241: Processing 4 tasks
Rank 222: Processing 4 tasks
Rank 213: Processing 4 tasks
Rank 242: Processing 4 tasks
Rank 247: Processing 4 tasks
Rank 233: Processing 4 tasks
Rank 206: Processing 4 tasks
Rank 209: Processing 4 tasks
Rank 245: Processing 4 tasks
Rank 238: Processing 4 tasks
Rank 255: Processing 4 tasks
Rank 217: Processing 4 tasks
Rank 234: Processing 4 tasks
Rank 170: Processing 4 tasks
Rank 243: Processing 4 tasks
Rank 211: Processing 4 tasks
Rank 235: Processing 4 tasks
Rank 203: Processing 4 tasks
Rank 202: Processing 4 tasks
Rank 239: Processing 4 tasks
Rank 207: Processing 4 tasks
Rank 179: Processing 4 tasks
Rank 171: Processing 4 tasks
Rank 175: Processing 4 tasks
Rank 225: Processing 4 tasks
Rank 193: Processing 4 tasks
Rank 229: Processing 4 tasks
Rank 197: Processing 4 tasks
Rank 161: Processing 4 tasks
Rank 165: Processing 4 tasks
Rank 237: Processing 4 tasks
Rank 173: Processing 4 tasks
Rank 205: Processing 4 tasks
Rank 152: Processing 4 tasks
Rank 31: Processing 5 tasks
Rank 63: Processing 5 tasks
Rank 127: Processing 4 tasks
Rank 95: Processing 4 tasks
Rank 126: Completed 1/4 tasks | Runtime: 0:20:35 | ETA: 0:00:00 | Time/step: 12358.7 µs avg, 0.0 µs current
Rank 79: Completed 1/4 tasks | Runtime: 0:20:39 | ETA: 0:00:00 | Time/step: 12391.1 µs avg, 0.0 µs current
Rank 149: Completed 1/4 tasks | Runtime: 0:20:39 | ETA: 0:00:00 | Time/step: 12397.9 µs avg, 0.0 µs current
Rank 78: Completed 1/4 tasks | Runtime: 0:20:41 | ETA: 0:00:00 | Time/step: 12416.4 µs avg, 0.0 µs current
Rank 127: Completed 1/4 tasks | Runtime: 0:20:43 | ETA: 0:00:00 | Time/step: 12434.1 µs avg, 0.0 µs current
Rank 255: Completed 1/4 tasks | Runtime: 0:20:45 | ETA: 0:00:00 | Time/step: 12455.5 µs avg, 0.0 µs current
Rank 254: Completed 1/4 tasks | Runtime: 0:20:46 | ETA: 0:00:00 | Time/step: 12466.2 µs avg, 0.0 µs current
Rank 110: Completed 1/4 tasks | Runtime: 0:20:46 | ETA: 0:00:00 | Time/step: 12469.1 µs avg, 0.0 µs current
Rank 111: Completed 1/4 tasks | Runtime: 0:20:47 | ETA: 0:00:00 | Time/step: 12478.0 µs avg, 0.0 µs current
Rank 207: Completed 1/4 tasks | Runtime: 0:20:48 | ETA: 0:00:00 | Time/step: 12483.7 µs avg, 0.0 µs current
Rank 158: Completed 1/4 tasks | Runtime: 0:20:49 | ETA: 0:00:00 | Time/step: 12490.2 µs avg, 0.0 µs current
Rank 206: Completed 1/4 tasks | Runtime: 0:20:49 | ETA: 0:00:00 | Time/step: 12492.2 µs avg, 0.0 µs current
Rank 230: Completed 1/4 tasks | Runtime: 0:20:49 | ETA: 0:00:00 | Time/step: 12495.2 µs avg, 0.0 µs current
Rank 109: Completed 1/4 tasks | Runtime: 0:20:50 | ETA: 0:00:00 | Time/step: 12502.5 µs avg, 0.0 µs current
Rank 77: Completed 1/4 tasks | Runtime: 0:20:50 | ETA: 0:00:00 | Time/step: 12503.1 µs avg, 0.0 µs current
Rank 191: Completed 1/4 tasks | Runtime: 0:20:50 | ETA: 0:00:00 | Time/step: 12509.9 µs avg, 0.0 µs current
Rank 72: Completed 1/5 tasks | Runtime: 0:20:51 | ETA: 0:00:00 | Time/step: 12517.6 µs avg, 0.0 µs current
Rank 248: Completed 1/4 tasks | Runtime: 0:20:51 | ETA: 0:00:00 | Time/step: 12518.5 µs avg, 0.0 µs current
Rank 190: Completed 1/4 tasks | Runtime: 0:20:52 | ETA: 0:00:00 | Time/step: 12520.6 µs avg, 0.0 µs current
Rank 223: Completed 1/4 tasks | Runtime: 0:20:52 | ETA: 0:00:00 | Time/step: 12523.8 µs avg, 0.0 µs current
Rank 239: Completed 1/4 tasks | Runtime: 0:20:52 | ETA: 0:00:00 | Time/step: 12528.5 µs avg, 0.0 µs current
Rank 222: Completed 1/4 tasks | Runtime: 0:20:52 | ETA: 0:00:00 | Time/step: 12528.7 µs avg, 0.0 µs current
Rank 200: Completed 1/4 tasks | Runtime: 0:20:53 | ETA: 0:00:00 | Time/step: 12532.8 µs avg, 0.0 µs current
Rank 253: Completed 1/4 tasks | Runtime: 0:20:53 | ETA: 0:00:00 | Time/step: 12534.7 µs avg, 0.0 µs current
Rank 238: Completed 1/4 tasks | Runtime: 0:20:53 | ETA: 0:00:00 | Time/step: 12537.9 µs avg, 0.0 µs current
Rank 125: Completed 1/4 tasks | Runtime: 0:20:54 | ETA: 0:00:00 | Time/step: 12541.7 µs avg, 0.0 µs current
Rank 184: Completed 1/4 tasks | Runtime: 0:20:54 | ETA: 0:00:00 | Time/step: 12545.2 µs avg, 0.0 µs current
Rank 205: Completed 1/4 tasks | Runtime: 0:20:56 | ETA: 0:00:00 | Time/step: 12560.4 µs avg, 0.0 µs current
Rank 76: Completed 1/4 tasks | Runtime: 0:20:56 | ETA: 0:00:00 | Time/step: 12561.6 µs avg, 0.0 µs current
Rank 231: Completed 1/4 tasks | Runtime: 0:20:56 | ETA: 0:00:00 | Time/step: 12563.5 µs avg, 0.0 µs current
Rank 120: Completed 1/4 tasks | Runtime: 0:20:56 | ETA: 0:00:00 | Time/step: 12563.7 µs avg, 0.0 µs current
Rank 216: Completed 1/4 tasks | Runtime: 0:20:56 | ETA: 0:00:00 | Time/step: 12566.1 µs avg, 0.0 µs current
Rank 252: Completed 1/4 tasks | Runtime: 0:20:56 | ETA: 0:00:00 | Time/step: 12566.5 µs avg, 0.0 µs current
Rank 214: Completed 1/4 tasks | Runtime: 0:20:56 | ETA: 0:00:00 | Time/step: 12568.2 µs avg, 0.0 µs current
Rank 143: Completed 1/4 tasks | Runtime: 0:20:57 | ETA: 0:00:00 | Time/step: 12570.4 µs avg, 0.0 µs current
Rank 102: Completed 1/4 tasks | Runtime: 0:20:57 | ETA: 0:00:00 | Time/step: 12570.9 µs avg, 0.0 µs current
Rank 70: Completed 1/5 tasks | Runtime: 0:20:57 | ETA: 0:00:00 | Time/step: 12576.0 µs avg, 0.0 µs current
Rank 71: Completed 1/5 tasks | Runtime: 0:20:57 | ETA: 0:00:00 | Time/step: 12576.2 µs avg, 0.0 µs current
Rank 175: Completed 1/4 tasks | Runtime: 0:20:57 | ETA: 0:00:00 | Time/step: 12579.5 µs avg, 0.0 µs current
Rank 104: Completed 1/4 tasks | Runtime: 0:20:58 | ETA: 0:00:00 | Time/step: 12582.4 µs avg, 0.0 µs current
Rank 103: Completed 1/4 tasks | Runtime: 0:20:58 | ETA: 0:00:00 | Time/step: 12582.6 µs avg, 0.0 µs current
Rank 142: Completed 1/4 tasks | Runtime: 0:20:58 | ETA: 0:00:00 | Time/step: 12586.1 µs avg, 0.0 µs current
Rank 124: Completed 1/4 tasks | Runtime: 0:20:58 | ETA: 0:00:00 | Time/step: 12588.6 µs avg, 0.0 µs current
Rank 22: Completed 1/5 tasks | Runtime: 0:20:59 | ETA: 0:00:00 | Time/step: 12593.8 µs avg, 0.0 µs current
Rank 220: Completed 1/4 tasks | Runtime: 0:20:59 | ETA: 0:00:00 | Time/step: 12594.6 µs avg, 0.0 µs current
Rank 221: Completed 1/4 tasks | Runtime: 0:20:59 | ETA: 0:00:00 | Time/step: 12596.1 µs avg, 0.0 µs current
Rank 188: Completed 1/4 tasks | Runtime: 0:20:59 | ETA: 0:00:00 | Time/step: 12596.5 µs avg, 0.0 µs current
Rank 189: Completed 1/4 tasks | Runtime: 0:21:00 | ETA: 0:00:00 | Time/step: 12600.7 µs avg, 0.0 µs current
Rank 46: Completed 1/5 tasks | Runtime: 0:21:00 | ETA: 0:00:00 | Time/step: 12602.7 µs avg, 0.0 µs current
Rank 204: Completed 1/4 tasks | Runtime: 0:21:00 | ETA: 0:00:00 | Time/step: 12604.8 µs avg, 0.0 µs current
Rank 108: Completed 1/4 tasks | Runtime: 0:21:00 | ETA: 0:00:00 | Time/step: 12607.7 µs avg, 0.0 µs current
Rank 237: Completed 1/4 tasks | Runtime: 0:21:00 | ETA: 0:00:00 | Time/step: 12608.9 µs avg, 0.0 µs current
Rank 174: Completed 1/4 tasks | Runtime: 0:21:00 | ETA: 0:00:00 | Time/step: 12609.9 µs avg, 0.0 µs current
Rank 121: Completed 1/4 tasks | Runtime: 0:21:01 | ETA: 0:00:00 | Time/step: 12611.8 µs avg, 0.0 µs current
Rank 215: Completed 1/4 tasks | Runtime: 0:21:02 | ETA: 0:00:00 | Time/step: 12620.7 µs avg, 0.0 µs current
Rank 94: Completed 1/4 tasks | Runtime: 0:21:02 | ETA: 0:00:00 | Time/step: 12627.9 µs avg, 0.0 µs current
Rank 201: Completed 1/4 tasks | Runtime: 0:21:03 | ETA: 0:00:00 | Time/step: 12631.2 µs avg, 0.0 µs current
Rank 14: Completed 1/5 tasks | Runtime: 0:21:03 | ETA: 0:00:00 | Time/step: 12636.7 µs avg, 0.0 µs current
Rank 249: Completed 1/4 tasks | Runtime: 0:21:03 | ETA: 0:00:00 | Time/step: 12636.9 µs avg, 0.0 µs current
Rank 232: Completed 1/4 tasks | Runtime: 0:21:03 | ETA: 0:00:00 | Time/step: 12638.5 µs avg, 0.0 µs current
Rank 236: Completed 1/4 tasks | Runtime: 0:21:03 | ETA: 0:00:00 | Time/step: 12638.5 µs avg, 0.0 µs current
Rank 47: Completed 1/5 tasks | Runtime: 0:21:03 | ETA: 0:00:00 | Time/step: 12639.5 µs avg, 0.0 µs current
Rank 224: Completed 1/4 tasks | Runtime: 0:21:04 | ETA: 0:00:00 | Time/step: 12640.4 µs avg, 0.0 µs current
Rank 73: Completed 1/5 tasks | Runtime: 0:21:04 | ETA: 0:00:00 | Time/step: 12640.7 µs avg, 0.0 µs current
Rank 40: Completed 1/5 tasks | Runtime: 0:21:05 | ETA: 0:00:00 | Time/step: 12650.2 µs avg, 0.0 µs current
Rank 229: Completed 1/4 tasks | Runtime: 0:21:05 | ETA: 0:00:00 | Time/step: 12651.3 µs avg, 0.0 µs current
Rank 39: Completed 1/5 tasks | Runtime: 0:21:05 | ETA: 0:00:00 | Time/step: 12653.5 µs avg, 0.0 µs current
Rank 105: Completed 1/4 tasks | Runtime: 0:21:05 | ETA: 0:00:00 | Time/step: 12653.7 µs avg, 0.0 µs current
Rank 96: Completed 1/4 tasks | Runtime: 0:21:06 | ETA: 0:00:00 | Time/step: 12662.3 µs avg, 0.0 µs current
Rank 38: Completed 1/5 tasks | Runtime: 0:21:06 | ETA: 0:00:00 | Time/step: 12662.7 µs avg, 0.0 µs current
Rank 101: Completed 1/4 tasks | Runtime: 0:21:06 | ETA: 0:00:00 | Time/step: 12667.1 µs avg, 0.0 µs current
Rank 213: Completed 1/4 tasks | Runtime: 0:21:06 | ETA: 0:00:00 | Time/step: 12667.6 µs avg, 0.0 µs current
Rank 44: Completed 1/5 tasks | Runtime: 0:21:07 | ETA: 0:00:00 | Time/step: 12672.4 µs avg, 0.0 µs current
Rank 100: Completed 1/4 tasks | Runtime: 0:21:07 | ETA: 0:00:00 | Time/step: 12673.2 µs avg, 0.0 µs current
Rank 141: Completed 1/4 tasks | Runtime: 0:21:07 | ETA: 0:00:00 | Time/step: 12674.9 µs avg, 0.0 µs current
Rank 45: Completed 1/5 tasks | Runtime: 0:21:07 | ETA: 0:00:00 | Time/step: 12678.9 µs avg, 0.0 µs current
Rank 136: Completed 1/4 tasks | Runtime: 0:21:08 | ETA: 0:00:00 | Time/step: 12681.9 µs avg, 0.0 µs current
Rank 140: Completed 1/4 tasks | Runtime: 0:21:08 | ETA: 0:00:00 | Time/step: 12682.9 µs avg, 0.0 µs current
Rank 75: Completed 1/5 tasks | Runtime: 0:21:08 | ETA: 0:00:00 | Time/step: 12687.0 µs avg, 0.0 µs current
Rank 217: Completed 1/4 tasks | Runtime: 0:21:08 | ETA: 0:00:00 | Time/step: 12689.6 µs avg, 0.0 µs current
Rank 173: Completed 1/4 tasks | Runtime: 0:21:09 | ETA: 0:00:00 | Time/step: 12690.8 µs avg, 0.0 µs current
Rank 13: Completed 1/5 tasks | Runtime: 0:21:09 | ETA: 0:00:00 | Time/step: 12691.7 µs avg, 0.0 µs current
Rank 168: Completed 1/4 tasks | Runtime: 0:21:09 | ETA: 0:00:00 | Time/step: 12692.8 µs avg, 0.0 µs current
Rank 15: Completed 1/5 tasks | Runtime: 0:21:09 | ETA: 0:00:00 | Time/step: 12698.3 µs avg, 0.0 µs current
Rank 123: Completed 1/4 tasks | Runtime: 0:21:09 | ETA: 0:00:00 | Time/step: 12698.7 µs avg, 0.0 µs current
Rank 8: Completed 1/5 tasks | Runtime: 0:21:10 | ETA: 0:00:00 | Time/step: 12700.3 µs avg, 0.0 µs current
Rank 64: Completed 1/5 tasks | Runtime: 0:21:10 | ETA: 0:00:00 | Time/step: 12703.9 µs avg, 0.0 µs current
Rank 166: Completed 1/4 tasks | Runtime: 0:21:10 | ETA: 0:00:00 | Time/step: 12708.2 µs avg, 0.0 µs current
Rank 228: Completed 1/4 tasks | Runtime: 0:21:10 | ETA: 0:00:00 | Time/step: 12708.4 µs avg, 0.0 µs current
Rank 208: Completed 1/4 tasks | Runtime: 0:21:10 | ETA: 0:00:00 | Time/step: 12708.9 µs avg, 0.0 µs current
Rank 32: Completed 1/5 tasks | Runtime: 0:21:10 | ETA: 0:00:00 | Time/step: 12708.9 µs avg, 0.0 µs current
Rank 198: Completed 1/4 tasks | Runtime: 0:21:10 | ETA: 0:00:00 | Time/step: 12709.7 µs avg, 0.0 µs current
Rank 95: Completed 1/4 tasks | Runtime: 0:21:11 | ETA: 0:00:00 | Time/step: 12711.9 µs avg, 0.0 µs current
Rank 212: Completed 1/4 tasks | Runtime: 0:21:11 | ETA: 0:00:00 | Time/step: 12714.5 µs avg, 0.0 µs current
Rank 185: Completed 1/4 tasks | Runtime: 0:21:11 | ETA: 0:00:00 | Time/step: 12719.3 µs avg, 0.0 µs current
Rank 93: Completed 1/4 tasks | Runtime: 0:21:12 | ETA: 0:00:00 | Time/step: 12722.5 µs avg, 0.0 µs current
Rank 69: Completed 1/5 tasks | Runtime: 0:21:12 | ETA: 0:00:00 | Time/step: 12726.7 µs avg, 0.0 µs current
Rank 55: Completed 1/5 tasks | Runtime: 0:21:13 | ETA: 0:00:00 | Time/step: 12731.3 µs avg, 0.0 µs current
Rank 37: Completed 1/5 tasks | Runtime: 0:21:13 | ETA: 0:00:00 | Time/step: 12733.0 µs avg, 0.0 µs current
Rank 29: Completed 1/5 tasks | Runtime: 0:21:13 | ETA: 0:00:00 | Time/step: 12734.5 µs avg, 0.0 µs current
Rank 68: Completed 1/5 tasks | Runtime: 0:21:13 | ETA: 0:00:00 | Time/step: 12736.1 µs avg, 0.0 µs current
Rank 199: Completed 1/4 tasks | Runtime: 0:21:13 | ETA: 0:00:00 | Time/step: 12737.5 µs avg, 0.0 µs current
Rank 172: Completed 1/4 tasks | Runtime: 0:21:14 | ETA: 0:00:00 | Time/step: 12740.7 µs avg, 0.0 µs current
Rank 233: Completed 1/4 tasks | Runtime: 0:21:14 | ETA: 0:00:00 | Time/step: 12743.4 µs avg, 0.0 µs current
Rank 41: Completed 1/5 tasks | Runtime: 0:21:14 | ETA: 0:00:00 | Time/step: 12748.8 µs avg, 0.0 µs current
Rank 97: Completed 1/4 tasks | Runtime: 0:21:14 | ETA: 0:00:00 | Time/step: 12749.6 µs avg, 0.0 µs current
Rank 88: Completed 1/4 tasks | Runtime: 0:21:15 | ETA: 0:00:00 | Time/step: 12750.3 µs avg, 0.0 µs current
Rank 251: Completed 1/4 tasks | Runtime: 0:21:15 | ETA: 0:00:00 | Time/step: 12756.1 µs avg, 0.0 µs current
Rank 12: Completed 1/5 tasks | Runtime: 0:21:16 | ETA: 0:00:00 | Time/step: 12760.8 µs avg, 0.0 µs current
Rank 203: Completed 1/4 tasks | Runtime: 0:21:16 | ETA: 0:00:00 | Time/step: 12762.3 µs avg, 0.0 µs current
Rank 107: Completed 1/4 tasks | Runtime: 0:21:16 | ETA: 0:00:00 | Time/step: 12762.4 µs avg, 0.0 µs current
Rank 167: Completed 1/4 tasks | Runtime: 0:21:17 | ETA: 0:00:00 | Time/step: 12770.4 µs avg, 0.0 µs current
Rank 92: Completed 1/4 tasks | Runtime: 0:21:17 | ETA: 0:00:00 | Time/step: 12771.8 µs avg, 0.0 µs current
Rank 106: Completed 1/4 tasks | Runtime: 0:21:17 | ETA: 0:00:00 | Time/step: 12772.5 µs avg, 0.0 µs current
Rank 54: Completed 1/5 tasks | Runtime: 0:21:17 | ETA: 0:00:00 | Time/step: 12776.8 µs avg, 0.0 µs current
Rank 99: Completed 1/4 tasks | Runtime: 0:21:18 | ETA: 0:00:00 | Time/step: 12785.1 µs avg, 0.0 µs current
Rank 48: Completed 1/5 tasks | Runtime: 0:21:18 | ETA: 0:00:00 | Time/step: 12786.1 µs avg, 0.0 µs current
Rank 202: Completed 1/4 tasks | Runtime: 0:21:18 | ETA: 0:00:00 | Time/step: 12789.8 µs avg, 0.0 µs current
Rank 74: Completed 1/5 tasks | Runtime: 0:21:19 | ETA: 0:00:00 | Time/step: 12790.2 µs avg, 0.0 µs current
Rank 186: Completed 1/4 tasks | Runtime: 0:21:19 | ETA: 0:00:00 | Time/step: 12793.4 µs avg, 0.0 µs current
Rank 218: Completed 1/4 tasks | Runtime: 0:21:19 | ETA: 0:00:00 | Time/step: 12795.4 µs avg, 0.0 µs current
Rank 137: Completed 1/4 tasks | Runtime: 0:21:20 | ETA: 0:00:00 | Time/step: 12800.5 µs avg, 0.0 µs current
Rank 197: Completed 1/4 tasks | Runtime: 0:21:20 | ETA: 0:00:00 | Time/step: 12804.9 µs avg, 0.0 µs current
Rank 187: Completed 1/4 tasks | Runtime: 0:21:20 | ETA: 0:00:00 | Time/step: 12805.4 µs avg, 0.0 µs current
Rank 219: Completed 1/4 tasks | Runtime: 0:21:20 | ETA: 0:00:00 | Time/step: 12806.4 µs avg, 0.0 µs current
Rank 250: Completed 1/4 tasks | Runtime: 0:21:21 | ETA: 0:00:00 | Time/step: 12812.2 µs avg, 0.0 µs current
Rank 169: Completed 1/4 tasks | Runtime: 0:21:21 | ETA: 0:00:00 | Time/step: 12813.3 µs avg, 0.0 µs current
Rank 196: Completed 1/4 tasks | Runtime: 0:21:21 | ETA: 0:00:00 | Time/step: 12815.2 µs avg, 0.0 µs current
Rank 36: Completed 1/5 tasks | Runtime: 0:21:21 | ETA: 0:00:00 | Time/step: 12816.2 µs avg, 0.0 µs current
Rank 225: Completed 1/4 tasks | Runtime: 0:21:21 | ETA: 0:00:00 | Time/step: 12817.0 µs avg, 0.0 µs current
Rank 209: Completed 1/4 tasks | Runtime: 0:21:22 | ETA: 0:00:00 | Time/step: 12822.5 µs avg, 0.0 µs current
Rank 65: Completed 1/5 tasks | Runtime: 0:21:22 | ETA: 0:00:00 | Time/step: 12825.5 µs avg, 0.0 µs current
Rank 122: Completed 1/4 tasks | Runtime: 0:21:22 | ETA: 0:00:00 | Time/step: 12826.4 µs avg, 0.0 µs current
Rank 247: Completed 1/4 tasks | Runtime: 0:21:23 | ETA: 0:00:00 | Time/step: 12830.1 µs avg, 0.0 µs current
Rank 235: Completed 1/4 tasks | Runtime: 0:21:23 | ETA: 0:00:00 | Time/step: 12833.6 µs avg, 0.0 µs current
Rank 52: Completed 1/5 tasks | Runtime: 0:21:23 | ETA: 0:00:00 | Time/step: 12834.6 µs avg, 0.0 µs current
Rank 165: Completed 1/4 tasks | Runtime: 0:21:24 | ETA: 0:00:00 | Time/step: 12843.3 µs avg, 0.0 µs current
Rank 234: Completed 1/4 tasks | Runtime: 0:21:24 | ETA: 0:00:00 | Time/step: 12849.0 µs avg, 0.0 µs current
Rank 192: Completed 1/4 tasks | Runtime: 0:21:25 | ETA: 0:00:00 | Time/step: 12856.9 µs avg, 0.0 µs current
Rank 159: Completed 1/4 tasks | Runtime: 0:21:25 | ETA: 0:00:00 | Time/step: 12859.0 µs avg, 0.0 µs current
Rank 9: Completed 1/5 tasks | Runtime: 0:21:26 | ETA: 0:00:00 | Time/step: 12860.5 µs avg, 0.0 µs current
Rank 226: Completed 1/4 tasks | Runtime: 0:21:26 | ETA: 0:00:00 | Time/step: 12861.7 µs avg, 0.0 µs current
Rank 164: Completed 1/4 tasks | Runtime: 0:21:26 | ETA: 0:00:00 | Time/step: 12863.5 µs avg, 0.0 µs current
Rank 98: Completed 1/4 tasks | Runtime: 0:21:26 | ETA: 0:00:00 | Time/step: 12866.2 µs avg, 0.0 µs current
Rank 33: Completed 1/5 tasks | Runtime: 0:21:26 | ETA: 0:00:00 | Time/step: 12866.5 µs avg, 0.0 µs current
Rank 152: Completed 1/4 tasks | Runtime: 0:21:27 | ETA: 0:00:00 | Time/step: 12871.8 µs avg, 0.0 µs current
Rank 139: Completed 1/4 tasks | Runtime: 0:21:27 | ETA: 0:00:00 | Time/step: 12874.7 µs avg, 0.0 µs current
Rank 87: Completed 1/4 tasks | Runtime: 0:21:27 | ETA: 0:00:00 | Time/step: 12876.4 µs avg, 0.0 µs current
Rank 11: Completed 1/5 tasks | Runtime: 0:21:27 | ETA: 0:00:00 | Time/step: 12877.5 µs avg, 0.0 µs current
Rank 160: Completed 1/4 tasks | Runtime: 0:21:28 | ETA: 0:00:00 | Time/step: 12884.8 µs avg, 0.0 µs current
Rank 171: Completed 1/4 tasks | Runtime: 0:21:29 | ETA: 0:00:00 | Time/step: 12890.3 µs avg, 0.0 µs current
Rank 227: Completed 1/4 tasks | Runtime: 0:21:29 | ETA: 0:00:00 | Time/step: 12891.2 µs avg, 0.0 µs current
Rank 128: Completed 1/4 tasks | Runtime: 0:21:29 | ETA: 0:00:00 | Time/step: 12891.5 µs avg, 0.0 µs current
Rank 89: Completed 1/4 tasks | Runtime: 0:21:29 | ETA: 0:00:00 | Time/step: 12899.5 µs avg, 0.0 µs current
Rank 42: Completed 1/5 tasks | Runtime: 0:21:29 | ETA: 0:00:00 | Time/step: 12899.6 µs avg, 0.0 µs current
Rank 43: Completed 1/5 tasks | Runtime: 0:21:30 | ETA: 0:00:00 | Time/step: 12906.1 µs avg, 0.0 µs current
Rank 86: Completed 1/4 tasks | Runtime: 0:21:30 | ETA: 0:00:00 | Time/step: 12907.2 µs avg, 0.0 µs current
Rank 157: Completed 1/4 tasks | Runtime: 0:21:30 | ETA: 0:00:00 | Time/step: 12907.4 µs avg, 0.0 µs current
Rank 170: Completed 1/4 tasks | Runtime: 0:21:31 | ETA: 0:00:00 | Time/step: 12911.3 µs avg, 0.0 µs current
Rank 210: Completed 1/4 tasks | Runtime: 0:21:31 | ETA: 0:00:00 | Time/step: 12917.5 µs avg, 0.0 µs current
Rank 53: Completed 1/5 tasks | Runtime: 0:21:31 | ETA: 0:00:00 | Time/step: 12919.6 µs avg, 0.0 µs current
Rank 138: Completed 1/4 tasks | Runtime: 0:21:32 | ETA: 0:00:00 | Time/step: 12922.3 µs avg, 0.0 µs current
Rank 211: Completed 1/4 tasks | Runtime: 0:21:32 | ETA: 0:00:00 | Time/step: 12928.8 µs avg, 0.0 µs current
Rank 49: Completed 1/5 tasks | Runtime: 0:21:33 | ETA: 0:00:00 | Time/step: 12930.9 µs avg, 0.0 µs current
Rank 85: Completed 1/4 tasks | Runtime: 0:21:33 | ETA: 0:00:00 | Time/step: 12933.6 µs avg, 0.0 µs current
Rank 35: Completed 1/5 tasks | Runtime: 0:21:33 | ETA: 0:00:00 | Time/step: 12933.7 µs avg, 0.0 µs current
Rank 67: Completed 1/5 tasks | Runtime: 0:21:33 | ETA: 0:00:00 | Time/step: 12939.5 µs avg, 0.0 µs current
Rank 193: Completed 1/4 tasks | Runtime: 0:21:35 | ETA: 0:00:00 | Time/step: 12951.0 µs avg, 0.0 µs current
Rank 91: Completed 1/4 tasks | Runtime: 0:21:35 | ETA: 0:00:00 | Time/step: 12953.3 µs avg, 0.0 µs current
Rank 80: Completed 1/4 tasks | Runtime: 0:21:35 | ETA: 0:00:00 | Time/step: 12955.0 µs avg, 0.0 µs current
Rank 66: Completed 1/5 tasks | Runtime: 0:21:35 | ETA: 0:00:00 | Time/step: 12957.6 µs avg, 0.0 µs current
Rank 161: Completed 1/4 tasks | Runtime: 0:21:35 | ETA: 0:00:00 | Time/step: 12958.3 µs avg, 0.0 µs current
Rank 34: Completed 1/5 tasks | Runtime: 0:21:36 | ETA: 0:00:00 | Time/step: 12967.2 µs avg, 0.0 µs current
Rank 84: Completed 1/4 tasks | Runtime: 0:21:37 | ETA: 0:00:00 | Time/step: 12973.4 µs avg, 0.0 µs current
Rank 156: Completed 1/4 tasks | Runtime: 0:21:37 | ETA: 0:00:00 | Time/step: 12978.8 µs avg, 0.0 µs current
Rank 153: Completed 1/4 tasks | Runtime: 0:21:39 | ETA: 0:00:00 | Time/step: 12995.0 µs avg, 0.0 µs current
Rank 90: Completed 1/4 tasks | Runtime: 0:21:39 | ETA: 0:00:00 | Time/step: 12997.8 µs avg, 0.0 µs current
Rank 30: Completed 1/5 tasks | Runtime: 0:21:39 | ETA: 0:00:00 | Time/step: 12999.0 µs avg, 0.0 µs current
Rank 10: Completed 1/5 tasks | Runtime: 0:21:41 | ETA: 0:00:00 | Time/step: 13014.0 µs avg, 0.0 µs current
Rank 195: Completed 1/4 tasks | Runtime: 0:21:42 | ETA: 0:00:00 | Time/step: 13026.6 µs avg, 0.0 µs current
Rank 62: Completed 1/5 tasks | Runtime: 0:21:43 | ETA: 0:00:00 | Time/step: 13034.0 µs avg, 0.0 µs current
Rank 51: Completed 1/5 tasks | Runtime: 0:21:43 | ETA: 0:00:00 | Time/step: 13037.1 µs avg, 0.0 µs current
Rank 155: Completed 1/4 tasks | Runtime: 0:21:43 | ETA: 0:00:00 | Time/step: 13037.5 µs avg, 0.0 µs current
Rank 118: Completed 1/4 tasks | Runtime: 0:21:44 | ETA: 0:00:00 | Time/step: 13040.5 µs avg, 0.0 µs current
Rank 194: Completed 1/4 tasks | Runtime: 0:21:44 | ETA: 0:00:00 | Time/step: 13044.9 µs avg, 0.0 µs current
Rank 50: Completed 1/5 tasks | Runtime: 0:21:45 | ETA: 0:00:00 | Time/step: 13051.7 µs avg, 0.0 µs current
Rank 63: Completed 1/5 tasks | Runtime: 0:21:45 | ETA: 0:00:00 | Time/step: 13055.0 µs avg, 0.0 µs current
Rank 61: Completed 1/5 tasks | Runtime: 0:21:45 | ETA: 0:00:00 | Time/step: 13057.8 µs avg, 0.0 µs current
Rank 163: Completed 1/4 tasks | Runtime: 0:21:45 | ETA: 0:00:00 | Time/step: 13059.1 µs avg, 0.0 µs current
Rank 117: Completed 1/4 tasks | Runtime: 0:21:46 | ETA: 0:00:00 | Time/step: 13062.8 µs avg, 0.0 µs current
Rank 162: Completed 1/4 tasks | Runtime: 0:21:47 | ETA: 0:00:00 | Time/step: 13073.0 µs avg, 0.0 µs current
Rank 60: Completed 1/5 tasks | Runtime: 0:21:47 | ETA: 0:00:00 | Time/step: 13073.4 µs avg, 0.0 µs current
Rank 56: Completed 1/5 tasks | Runtime: 0:21:47 | ETA: 0:00:00 | Time/step: 13075.4 µs avg, 0.0 µs current
Rank 112: Completed 1/4 tasks | Runtime: 0:21:47 | ETA: 0:00:00 | Time/step: 13077.1 µs avg, 0.0 µs current
Rank 119: Completed 1/4 tasks | Runtime: 0:21:49 | ETA: 0:00:00 | Time/step: 13098.0 µs avg, 0.0 µs current
Rank 182: Completed 1/4 tasks | Runtime: 0:21:52 | ETA: 0:00:00 | Time/step: 13121.3 µs avg, 0.0 µs current
Rank 116: Completed 1/4 tasks | Runtime: 0:21:52 | ETA: 0:00:00 | Time/step: 13128.0 µs avg, 0.0 µs current
Rank 83: Completed 1/4 tasks | Runtime: 0:21:54 | ETA: 0:00:00 | Time/step: 13144.5 µs avg, 0.0 µs current
Rank 183: Completed 1/4 tasks | Runtime: 0:21:56 | ETA: 0:00:00 | Time/step: 13169.2 µs avg, 0.0 µs current
Rank 81: Completed 1/4 tasks | Runtime: 0:21:59 | ETA: 0:00:00 | Time/step: 13191.4 µs avg, 0.0 µs current
Rank 82: Completed 1/4 tasks | Runtime: 0:21:59 | ETA: 0:00:00 | Time/step: 13196.7 µs avg, 0.0 µs current
Rank 181: Completed 1/4 tasks | Runtime: 0:22:01 | ETA: 0:00:00 | Time/step: 13217.8 µs avg, 0.0 µs current
Rank 3: Completed 1/5 tasks | Runtime: 0:22:03 | ETA: 0:00:00 | Time/step: 13230.4 µs avg, 0.0 µs current
Rank 154: Completed 1/4 tasks | Runtime: 0:22:03 | ETA: 0:00:00 | Time/step: 13231.1 µs avg, 0.0 µs current
Rank 180: Completed 1/4 tasks | Runtime: 0:22:05 | ETA: 0:00:00 | Time/step: 13252.9 µs avg, 0.0 µs current
Rank 57: Completed 1/5 tasks | Runtime: 0:22:06 | ETA: 0:00:00 | Time/step: 13260.3 µs avg, 0.0 µs current
Rank 59: Completed 1/5 tasks | Runtime: 0:22:06 | ETA: 0:00:00 | Time/step: 13261.1 µs avg, 0.0 µs current
Rank 176: Completed 1/4 tasks | Runtime: 0:22:07 | ETA: 0:00:00 | Time/step: 13272.0 µs avg, 0.0 µs current
Rank 58: Completed 1/5 tasks | Runtime: 0:22:08 | ETA: 0:00:00 | Time/step: 13283.9 µs avg, 0.0 µs current
Rank 113: Completed 1/4 tasks | Runtime: 0:22:09 | ETA: 0:00:00 | Time/step: 13292.7 µs avg, 0.0 µs current
Rank 115: Completed 1/4 tasks | Runtime: 0:22:09 | ETA: 0:00:00 | Time/step: 13298.3 µs avg, 0.0 µs current
Rank 150: Completed 1/4 tasks | Runtime: 0:22:09 | ETA: 0:00:00 | Time/step: 13299.4 µs avg, 0.0 µs current
Rank 114: Completed 1/4 tasks | Runtime: 0:22:10 | ETA: 0:00:00 | Time/step: 13300.5 µs avg, 0.0 µs current
Rank 148: Completed 1/4 tasks | Runtime: 0:22:17 | ETA: 0:00:00 | Time/step: 13378.2 µs avg, 0.0 µs current
Rank 177: Completed 1/4 tasks | Runtime: 0:22:19 | ETA: 0:00:00 | Time/step: 13395.0 µs avg, 0.0 µs current
Rank 19: Completed 1/5 tasks | Runtime: 0:22:21 | ETA: 0:00:00 | Time/step: 13410.1 µs avg, 0.0 µs current
Rank 6: Completed 1/5 tasks | Runtime: 0:22:22 | ETA: 0:00:00 | Time/step: 13420.3 µs avg, 0.0 µs current
Rank 178: Completed 1/4 tasks | Runtime: 0:22:24 | ETA: 0:00:00 | Time/step: 13448.3 µs avg, 0.0 µs current
Rank 144: Completed 1/4 tasks | Runtime: 0:22:26 | ETA: 0:00:00 | Time/step: 13467.3 µs avg, 0.0 µs current
Rank 179: Completed 1/4 tasks | Runtime: 0:22:27 | ETA: 0:00:00 | Time/step: 13471.6 µs avg, 0.0 µs current
Rank 4: Completed 1/5 tasks | Runtime: 0:22:28 | ETA: 0:00:00 | Time/step: 13485.5 µs avg, 0.0 µs current
Rank 0: Completed 1/5 tasks | Runtime: 0:22:29 | ETA: 0:00:00 | Time/step: 13495.3 µs avg, 0.0 µs current
Rank 23: Completed 1/5 tasks | Runtime: 0:22:29 | ETA: 0:00:00 | Time/step: 13496.0 µs avg, 0.0 µs current
Rank 21: Completed 1/5 tasks | Runtime: 0:22:29 | ETA: 0:00:00 | Time/step: 13500.0 µs avg, 0.0 µs current
Rank 16: Completed 1/5 tasks | Runtime: 0:22:32 | ETA: 0:00:00 | Time/step: 13528.1 µs avg, 0.0 µs current
Rank 242: Completed 1/4 tasks | Runtime: 0:22:34 | ETA: 0:00:00 | Time/step: 13548.6 µs avg, 0.0 µs current
Rank 245: Completed 1/4 tasks | Runtime: 0:22:39 | ETA: 0:00:00 | Time/step: 13591.3 µs avg, 0.0 µs current
Rank 5: Completed 1/5 tasks | Runtime: 0:22:43 | ETA: 0:00:00 | Time/step: 13631.9 µs avg, 0.0 µs current
Rank 20: Completed 1/5 tasks | Runtime: 0:22:44 | ETA: 0:00:00 | Time/step: 13646.6 µs avg, 0.0 µs current
Rank 146: Completed 1/4 tasks | Runtime: 0:22:44 | ETA: 0:00:00 | Time/step: 13648.1 µs avg, 0.0 µs current
Rank 7: Completed 1/5 tasks | Runtime: 0:22:45 | ETA: 0:00:00 | Time/step: 13655.0 µs avg, 0.0 µs current
Rank 240: Completed 1/4 tasks | Runtime: 0:22:48 | ETA: 0:00:00 | Time/step: 13680.7 µs avg, 0.0 µs current
Rank 246: Completed 1/4 tasks | Runtime: 0:22:49 | ETA: 0:00:00 | Time/step: 13699.9 µs avg, 0.0 µs current
Rank 2: Completed 1/5 tasks | Runtime: 0:22:51 | ETA: 0:00:00 | Time/step: 13710.4 µs avg, 0.0 µs current
Rank 135: Completed 1/4 tasks | Runtime: 0:22:54 | ETA: 0:00:00 | Time/step: 13740.4 µs avg, 0.0 µs current
Rank 133: Completed 1/4 tasks | Runtime: 0:22:55 | ETA: 0:00:00 | Time/step: 13753.1 µs avg, 0.0 µs current
Rank 151: Completed 1/4 tasks | Runtime: 0:22:56 | ETA: 0:00:00 | Time/step: 13766.9 µs avg, 0.0 µs current
Rank 244: Completed 1/4 tasks | Runtime: 0:22:57 | ETA: 0:00:00 | Time/step: 13777.4 µs avg, 0.0 µs current
Rank 17: Completed 1/5 tasks | Runtime: 0:23:00 | ETA: 0:00:00 | Time/step: 13801.1 µs avg, 0.0 µs current
Rank 243: Completed 1/4 tasks | Runtime: 0:23:01 | ETA: 0:00:00 | Time/step: 13813.7 µs avg, 0.0 µs current
Rank 134: Completed 1/4 tasks | Runtime: 0:23:04 | ETA: 0:00:00 | Time/step: 13847.8 µs avg, 0.0 µs current
Rank 24: Completed 1/5 tasks | Runtime: 0:23:04 | ETA: 0:00:00 | Time/step: 13848.9 µs avg, 0.0 µs current
Rank 241: Completed 1/4 tasks | Runtime: 0:23:06 | ETA: 0:00:00 | Time/step: 13867.4 µs avg, 0.0 µs current
Rank 28: Completed 1/5 tasks | Runtime: 0:23:09 | ETA: 0:00:00 | Time/step: 13893.9 µs avg, 0.0 µs current
Rank 131: Completed 1/4 tasks | Runtime: 0:23:10 | ETA: 0:00:00 | Time/step: 13901.3 µs avg, 0.0 µs current
Rank 132: Completed 1/4 tasks | Runtime: 0:23:10 | ETA: 0:00:00 | Time/step: 13905.0 µs avg, 0.0 µs current
Rank 1: Completed 1/5 tasks | Runtime: 0:23:15 | ETA: 0:00:00 | Time/step: 13959.4 µs avg, 0.0 µs current
Rank 31: Completed 1/5 tasks | Runtime: 0:23:20 | ETA: 0:00:00 | Time/step: 14009.4 µs avg, 0.0 µs current
Rank 18: Completed 1/5 tasks | Runtime: 0:23:23 | ETA: 0:00:00 | Time/step: 14034.4 µs avg, 0.0 µs current
Rank 129: Completed 1/4 tasks | Runtime: 0:23:26 | ETA: 0:00:00 | Time/step: 14063.7 µs avg, 0.0 µs current
Rank 147: Completed 1/4 tasks | Runtime: 0:23:34 | ETA: 0:00:00 | Time/step: 14141.3 µs avg, 0.0 µs current
Rank 130: Completed 1/4 tasks | Runtime: 0:23:41 | ETA: 0:00:00 | Time/step: 14216.0 µs avg, 0.0 µs current
Rank 145: Completed 1/4 tasks | Runtime: 0:23:46 | ETA: 0:00:00 | Time/step: 14265.3 µs avg, 0.0 µs current
Rank 26: Completed 1/5 tasks | Runtime: 0:23:50 | ETA: 0:00:00 | Time/step: 14302.8 µs avg, 0.0 µs current
Rank 25: Completed 1/5 tasks | Runtime: 0:24:02 | ETA: 0:00:00 | Time/step: 14429.3 µs avg, 0.0 µs current
Rank 27: Completed 1/5 tasks | Runtime: 0:24:07 | ETA: 0:00:00 | Time/step: 14470.2 µs avg, 0.0 µs current
Saved combined results with 1100 rows to results/results_250618_G1-5_cim_max-4-cut_mini_3.parquet
Cleaned up 256 individual rank result files
Finished sweep in 1:49:15
Average time per step: 12692.49 µs
